window removeEventListener 1541961489709
jQuery ready 1541961489710
jQuery attr 1541961493373
jQuery isEmptyObject 1541961493375
jQuery _evalUrl 1541961493375
jQuery ajax 1541961493376
jQuery ajaxSetup 1541961493378
jQuery extend 1541961493378
jQuery isPlainObject 1541961493379
jQuery isPlainObject 1541961493380
jQuery isPlainObject 1541961493380
jQuery isPlainObject 1541961493380
jQuery isPlainObject 1541961493380
jQuery isPlainObject 1541961493380
jQuery isPlainObject 1541961493381
jQuery extend 1541961493381
jQuery isPlainObject 1541961493381
jQuery isPlainObject 1541961493381
jQuery isPlainObject 1541961493382
jQuery isPlainObject 1541961493382
jQuery isPlainObject 1541961493382
jQuery isPlainObject 1541961493383
jQuery isPlainObject 1541961493385
jQuery extend 1541961493385
jQuery isPlainObject 1541961493386
jQuery isPlainObject 1541961493386
jQuery isPlainObject 1541961493386
jQuery isPlainObject 1541961493387
jQuery isPlainObject 1541961493388
jQuery extend 1541961493389
jQuery isPlainObject 1541961493389
jQuery isPlainObject 1541961493390
jQuery isPlainObject 1541961493390
jQuery isPlainObject 1541961493390
jQuery extend 1541961493391
jQuery isPlainObject 1541961493391
jQuery isPlainObject 1541961493392
jQuery isPlainObject 1541961493392
jQuery isPlainObject 1541961493393
jQuery isPlainObject 1541961493393
jQuery isPlainObject 1541961493394
jQuery extend 1541961493394
jQuery isPlainObject 1541961493394
jQuery isPlainObject 1541961493395
jQuery isPlainObject 1541961493396
jQuery isPlainObject 1541961493396
jQuery isPlainObject 1541961493397
jQuery extend 1541961493397
jQuery isPlainObject 1541961493398
jQuery isPlainObject 1541961493399
jQuery isPlainObject 1541961493400
jQuery isPlainObject 1541961493401
jQuery Deferred 1541961493401
jQuery Callbacks 1541961493403
jQuery each 1541961493403
jQuery Callbacks 1541961493404
jQuery each 1541961493404
jQuery Callbacks 1541961493404
jQuery each 1541961493405
jQuery Callbacks 1541961493405
jQuery each 1541961493405
jQuery Callbacks 1541961493406
jQuery each 1541961493406
jQuery Callbacks 1541961493407
jQuery each 1541961493407
jQuery each 1541961493408
jQuery each 1541961493409
jQuery each 1541961493409
jQuery each 1541961493409
jQuery each 1541961493410
jQuery each 1541961493410
jQuery extend 1541961493410
jQuery Callbacks 1541961493411
jQuery each 1541961493412
jQuery extend 1541961493412
jQuery each 1541961493412
jQuery each 1541961493413
jQuery each 1541961493414
jQuery each 1541961493414
jQuery each 1541961493414
jQuery each 1541961493414
jQuery each 1541961493415
jQuery each 1541961493418
jQuery each 1541961493418
jQuery noop 1541961493418
jQuery globalEval 1541961493419
jQuery isArray 1541961493419
jQuery dequeue 1541961493420
jQuery queue 1541961493420
jQuery each 1541961493420
jQuery contains 1541961493421
jQuery htmlPrefilter 1541961493421
jQuery filter 1541961493421
jQuery getJSON 1541961493422
jQuery get 1541961493422
jQuery isPlainObject 1541961493422
jQuery extend 1541961493422
jQuery ajax 1541961493422
jQuery ajaxSetup 1541961493423
jQuery extend 1541961493423
jQuery isPlainObject 1541961493423
jQuery isPlainObject 1541961493424
jQuery isPlainObject 1541961493424
jQuery isPlainObject 1541961493424
jQuery isPlainObject 1541961493424
jQuery isPlainObject 1541961493424
jQuery isPlainObject 1541961493424
jQuery extend 1541961493425
jQuery isPlainObject 1541961493425
jQuery isPlainObject 1541961493425
jQuery isPlainObject 1541961493427
jQuery isPlainObject 1541961493427
jQuery isPlainObject 1541961493427
jQuery isPlainObject 1541961493427
jQuery isPlainObject 1541961493427
jQuery extend 1541961493427
jQuery isPlainObject 1541961493428
jQuery isPlainObject 1541961493428
jQuery isPlainObject 1541961493428
jQuery isPlainObject 1541961493428
jQuery isPlainObject 1541961493428
jQuery extend 1541961493429
jQuery isPlainObject 1541961493430
jQuery isPlainObject 1541961493430
jQuery isPlainObject 1541961493431
jQuery isPlainObject 1541961493431
jQuery extend 1541961493431
jQuery isPlainObject 1541961493432
jQuery isPlainObject 1541961493432
jQuery isPlainObject 1541961493432
jQuery isPlainObject 1541961493432
jQuery isPlainObject 1541961493432
jQuery isPlainObject 1541961493432
jQuery extend 1541961493432
jQuery isPlainObject 1541961493433
jQuery isPlainObject 1541961493433
jQuery isPlainObject 1541961493434
jQuery isPlainObject 1541961493434
jQuery isPlainObject 1541961493435
jQuery extend 1541961493435
jQuery isPlainObject 1541961493436
jQuery isPlainObject 1541961493436
jQuery Deferred 1541961493436
jQuery Callbacks 1541961493436
jQuery each 1541961493437
jQuery Callbacks 1541961493437
jQuery each 1541961493437
jQuery Callbacks 1541961493437
jQuery each 1541961493438
jQuery Callbacks 1541961493438
jQuery each 1541961493439
jQuery Callbacks 1541961493439
jQuery each 1541961493439
jQuery Callbacks 1541961493439
jQuery each 1541961493439
jQuery each 1541961493440
jQuery each 1541961493440
jQuery each 1541961493440
jQuery each 1541961493440
jQuery each 1541961493441
jQuery each 1541961493441
jQuery extend 1541961493441
jQuery Callbacks 1541961493442
jQuery each 1541961493442
jQuery extend 1541961493442
jQuery each 1541961493443
jQuery each 1541961493444
jQuery Event 1541961493445
jQuery Deferred 1541961493445
jQuery Callbacks 1541961493445
jQuery each 1541961493446
jQuery Callbacks 1541961493446
jQuery each 1541961493446
jQuery Callbacks 1541961493446
jQuery each 1541961493446
jQuery Callbacks 1541961493446
jQuery each 1541961493446
jQuery Callbacks 1541961493446
jQuery each 1541961493447
jQuery Callbacks 1541961493447
jQuery each 1541961493448
jQuery each 1541961493448
jQuery each 1541961493448
jQuery each 1541961493448
jQuery each 1541961493449
jQuery each 1541961493449
jQuery each 1541961493449
jQuery extend 1541961493450
jQuery text 1541961493450
jQuery style 1541961493450
jQuery _queueHooks 1541961493451
jQuery isXMLDoc 1541961493451
jQuery ajaxTransport 1541961493451
jQuery error 1541961493451
jQuery speed 1541961493452
jQuery escapeSelector 1541961493452
jQuery clone 1541961493453
jQuery when 1541961493453
jQuery Deferred 1541961493453
jQuery Callbacks 1541961493454
jQuery each 1541961493454
jQuery Callbacks 1541961493454
jQuery each 1541961493454
jQuery Callbacks 1541961493455
jQuery each 1541961493455
jQuery Callbacks 1541961493455
jQuery each 1541961493456
jQuery Callbacks 1541961493457
jQuery each 1541961493457
jQuery Callbacks 1541961493457
jQuery each 1541961493458
jQuery each 1541961493458
jQuery each 1541961493458
jQuery each 1541961493458
jQuery each 1541961493458
jQuery each 1541961493459
jQuery each 1541961493459
jQuery extend 1541961493460
jQuery each 1541961493460
jQuery Event 1541961493461
jQuery Event 1541961493461
jQuery camelCase 1541961493461
jQuery Tween 1541961493461
jQuery readyException 1541961493461
window setTimeout 1541961493462
jQuery removeAttr 1541961493463
jQuery ready 1541961493463
jQuery param 1541961493463
jQuery type 1541961493464
jQuery removeEvent 1541961493464
jQuery parseHTML 1541961493464
jQuery parseJSON 1541961493464
jQuery data 1541961493465
jQuery css 1541961493465
jQuery isWindow 1541961493466
jQuery isFunction 1541961493466
jQuery extend 1541961493467
jQuery hasData 1541961493467
jQuery nodeName 1541961493468
jQuery parseXML 1541961493468
jQuery prop 1541961493468
jQuery queue 1541961493469
jQuery uniqueSort 1541961493469
jQuery map 1541961493470
jQuery find 1541961493470
jQuery Callbacks 1541961493470
jQuery extend 1541961493471
jQuery isPlainObject 1541961493471
jQuery _removeData 1541961493471
jQuery inArray 1541961493471
jQuery cleanData 1541961493472
jQuery merge 1541961493472
jQuery trim 1541961493472
jQuery _data 1541961493472
jQuery makeArray 1541961493473
jQuery grep 1541961493473
jQuery ajaxSetup 1541961493473
jQuery unique 1541961493473
jQuery proxy 1541961493474
jQuery now 1541961493474
jQuery getScript 1541961493474
jQuery get 1541961493475
jQuery isPlainObject 1541961493475
jQuery extend 1541961493475
jQuery ajax 1541961493475
jQuery ajaxSetup 1541961493476
jQuery extend 1541961493476
jQuery isPlainObject 1541961493476
jQuery isPlainObject 1541961493477
jQuery isPlainObject 1541961493477
jQuery isPlainObject 1541961493478
jQuery isPlainObject 1541961493478
jQuery isPlainObject 1541961493478
jQuery isPlainObject 1541961493479
jQuery extend 1541961493479
jQuery isPlainObject 1541961493479
jQuery isPlainObject 1541961493480
jQuery isPlainObject 1541961493480
jQuery isPlainObject 1541961493480
jQuery isPlainObject 1541961493480
jQuery isPlainObject 1541961493480
jQuery isPlainObject 1541961493480
jQuery extend 1541961493480
jQuery isPlainObject 1541961493481
jQuery isPlainObject 1541961493481
jQuery isPlainObject 1541961493482
jQuery isPlainObject 1541961493482
jQuery isPlainObject 1541961493483
jQuery extend 1541961493483
jQuery isPlainObject 1541961493483
jQuery isPlainObject 1541961493483
jQuery isPlainObject 1541961493483
jQuery isPlainObject 1541961493484
jQuery extend 1541961493484
jQuery isPlainObject 1541961493484
jQuery isPlainObject 1541961493485
jQuery isPlainObject 1541961493485
jQuery isPlainObject 1541961493485
jQuery isPlainObject 1541961493485
jQuery isPlainObject 1541961493486
jQuery extend 1541961493486
jQuery isPlainObject 1541961493486
jQuery isPlainObject 1541961493487
jQuery isPlainObject 1541961493487
jQuery isPlainObject 1541961493488
jQuery isPlainObject 1541961493488
jQuery extend 1541961493488
jQuery isPlainObject 1541961493488
jQuery isPlainObject 1541961493489
jQuery Deferred 1541961493489
jQuery Callbacks 1541961493489
jQuery each 1541961493489
jQuery Callbacks 1541961493490
jQuery each 1541961493490
jQuery Callbacks 1541961493491
jQuery each 1541961493491
jQuery Callbacks 1541961493492
jQuery each 1541961493492
jQuery Callbacks 1541961493492
jQuery each 1541961493493
jQuery Callbacks 1541961493494
jQuery each 1541961493494
jQuery each 1541961493495
jQuery each 1541961493495
jQuery each 1541961493497
jQuery each 1541961493497
jQuery each 1541961493498
jQuery each 1541961493498
jQuery extend 1541961493499
jQuery Callbacks 1541961493499
jQuery each 1541961493500
jQuery extend 1541961493500
jQuery each 1541961493500
jQuery each 1541961493501
jQuery each 1541961493501
jQuery each 1541961493501
jQuery each 1541961493501
jQuery each 1541961493502
jQuery each 1541961493502
jQuery Event 1541961493503
jQuery makeArray 1541961493503
jQuery merge 1541961493504
jQuery fx 1541961493505
jQuery ajax 1541961493505
jQuery ajaxSetup 1541961493506
jQuery extend 1541961493506
jQuery isPlainObject 1541961493506
jQuery isPlainObject 1541961493506
jQuery isPlainObject 1541961493506
jQuery isPlainObject 1541961493506
jQuery isPlainObject 1541961493507
jQuery isPlainObject 1541961493507
jQuery isPlainObject 1541961493508
jQuery extend 1541961493508
jQuery isPlainObject 1541961493508
jQuery isPlainObject 1541961493509
jQuery isPlainObject 1541961493509
jQuery isPlainObject 1541961493510
jQuery isPlainObject 1541961493510
jQuery isPlainObject 1541961493510
jQuery isPlainObject 1541961493510
jQuery extend 1541961493510
jQuery isPlainObject 1541961493511
jQuery isPlainObject 1541961493512
jQuery isPlainObject 1541961493512
jQuery isPlainObject 1541961493512
jQuery isPlainObject 1541961493512
jQuery extend 1541961493513
jQuery isPlainObject 1541961493513
jQuery isPlainObject 1541961493513
jQuery isPlainObject 1541961493513
jQuery isPlainObject 1541961493513
jQuery extend 1541961493514
jQuery isPlainObject 1541961493515
jQuery isPlainObject 1541961493515
jQuery isPlainObject 1541961493515
jQuery isPlainObject 1541961493516
jQuery isPlainObject 1541961493516
jQuery isPlainObject 1541961493517
jQuery extend 1541961493517
jQuery isPlainObject 1541961493517
jQuery isPlainObject 1541961493517
jQuery isPlainObject 1541961493517
jQuery isPlainObject 1541961493518
jQuery isPlainObject 1541961493519
jQuery Deferred 1541961493519
jQuery Callbacks 1541961493519
jQuery each 1541961493519
jQuery Callbacks 1541961493519
jQuery each 1541961493520
jQuery Callbacks 1541961493520
jQuery each 1541961493520
jQuery Callbacks 1541961493520
jQuery each 1541961493520
jQuery Callbacks 1541961493521
jQuery each 1541961493522
jQuery Callbacks 1541961493522
jQuery each 1541961493522
jQuery each 1541961493522
jQuery each 1541961493523
jQuery each 1541961493523
jQuery each 1541961493524
jQuery each 1541961493524
jQuery each 1541961493524
jQuery extend 1541961493525
jQuery Callbacks 1541961493525
jQuery each 1541961493525
jQuery extend 1541961493526
jQuery each 1541961493526
jQuery each 1541961493526
jQuery each 1541961493527
jQuery each 1541961493527
jQuery each 1541961493528
jQuery Event 1541961493528
jQuery makeArray 1541961493529
jQuery merge 1541961493529
jQuery ajaxPrefilter 1541961493529
jQuery noConflict 1541961493530
jQuery Animation 1541961493530
jQuery Deferred 1541961493530
jQuery Callbacks 1541961493530
jQuery each 1541961493530
jQuery Callbacks 1541961493532
jQuery each 1541961493532
jQuery Callbacks 1541961493532
jQuery each 1541961493532
jQuery Callbacks 1541961493532
jQuery each 1541961493532
jQuery Callbacks 1541961493533
jQuery each 1541961493533
jQuery Callbacks 1541961493533
jQuery each 1541961493534
jQuery each 1541961493534
jQuery each 1541961493534
jQuery each 1541961493535
jQuery each 1541961493536
jQuery each 1541961493536
jQuery each 1541961493536
jQuery extend 1541961493537
jQuery each 1541961493538
jQuery each 1541961493538
jQuery each 1541961493538
jQuery each 1541961493539
jQuery extend 1541961493539
jQuery extend 1541961493539
window setTimeout 1541961493539
jQuery isNumeric 1541961493540
jQuery type 1541961493540
jQuery get 1541961493540
jQuery isPlainObject 1541961493540
jQuery extend 1541961493540
jQuery ajax 1541961493540
jQuery ajaxSetup 1541961493541
jQuery extend 1541961493541
jQuery isPlainObject 1541961493542
jQuery isPlainObject 1541961493542
jQuery isPlainObject 1541961493542
jQuery isPlainObject 1541961493543
jQuery isPlainObject 1541961493543
jQuery isPlainObject 1541961493543
jQuery isPlainObject 1541961493543
jQuery extend 1541961493543
jQuery isPlainObject 1541961493544
jQuery isPlainObject 1541961493544
jQuery isPlainObject 1541961493544
jQuery isPlainObject 1541961493545
jQuery isPlainObject 1541961493545
jQuery isPlainObject 1541961493545
jQuery isPlainObject 1541961493545
jQuery extend 1541961493546
jQuery isPlainObject 1541961493546
jQuery isPlainObject 1541961493546
jQuery isPlainObject 1541961493547
jQuery isPlainObject 1541961493547
jQuery isPlainObject 1541961493547
jQuery extend 1541961493547
jQuery isPlainObject 1541961493548
jQuery isPlainObject 1541961493549
jQuery isPlainObject 1541961493549
jQuery isPlainObject 1541961493549
jQuery extend 1541961493549
jQuery isPlainObject 1541961493549
jQuery isPlainObject 1541961493550
jQuery isPlainObject 1541961493550
jQuery isPlainObject 1541961493550
jQuery isPlainObject 1541961493551
jQuery isPlainObject 1541961493551
jQuery extend 1541961493551
jQuery isPlainObject 1541961493552
jQuery isPlainObject 1541961493552
jQuery isPlainObject 1541961493552
jQuery isPlainObject 1541961493552
jQuery isPlainObject 1541961493553
jQuery extend 1541961493553
jQuery isPlainObject 1541961493553
jQuery Deferred 1541961493554
jQuery Callbacks 1541961493554
jQuery each 1541961493554
jQuery Callbacks 1541961493554
jQuery each 1541961493554
jQuery Callbacks 1541961493554
jQuery each 1541961493554
jQuery Callbacks 1541961493555
jQuery each 1541961493555
jQuery Callbacks 1541961493556
jQuery each 1541961493556
jQuery Callbacks 1541961493557
jQuery each 1541961493557
jQuery each 1541961493557
jQuery each 1541961493557
jQuery each 1541961493558
jQuery each 1541961493558
jQuery each 1541961493559
jQuery each 1541961493559
jQuery extend 1541961493559
jQuery Callbacks 1541961493559
jQuery each 1541961493559
jQuery extend 1541961493560
jQuery each 1541961493560
jQuery each 1541961493560
jQuery each 1541961493561
jQuery each 1541961493561
jQuery each 1541961493561
jQuery Event 1541961493561
jQuery makeArray 1541961493562
jQuery merge 1541961493562
jQuery holdReady 1541961493562
jQuery ready 1541961493562
jQuery post 1541961493563
jQuery isPlainObject 1541961493563
jQuery extend 1541961493563
jQuery ajax 1541961493563
jQuery ajaxSetup 1541961493564
jQuery extend 1541961493564
jQuery isPlainObject 1541961493564
jQuery isPlainObject 1541961493564
jQuery isPlainObject 1541961493564
jQuery isPlainObject 1541961493565
jQuery isPlainObject 1541961493565
jQuery isPlainObject 1541961493565
jQuery isPlainObject 1541961493566
jQuery extend 1541961493566
jQuery isPlainObject 1541961493566
jQuery isPlainObject 1541961493567
jQuery isPlainObject 1541961493567
jQuery isPlainObject 1541961493568
jQuery isPlainObject 1541961493568
jQuery isPlainObject 1541961493569
jQuery isPlainObject 1541961493569
jQuery extend 1541961493570
jQuery isPlainObject 1541961493570
jQuery isPlainObject 1541961493570
jQuery isPlainObject 1541961493570
jQuery isPlainObject 1541961493571
jQuery isPlainObject 1541961493572
jQuery extend 1541961493572
jQuery isPlainObject 1541961493572
jQuery isPlainObject 1541961493573
jQuery isPlainObject 1541961493573
jQuery isPlainObject 1541961493573
jQuery extend 1541961493574
jQuery isPlainObject 1541961493576
jQuery isPlainObject 1541961493577
jQuery isPlainObject 1541961493577
jQuery isPlainObject 1541961493578
jQuery isPlainObject 1541961493579
jQuery isPlainObject 1541961493579
jQuery extend 1541961493579
jQuery isPlainObject 1541961493580
jQuery isPlainObject 1541961493580
jQuery isPlainObject 1541961493581
jQuery isPlainObject 1541961493582
jQuery isPlainObject 1541961493582
jQuery extend 1541961493583
jQuery isPlainObject 1541961493583
jQuery Deferred 1541961493585
jQuery Callbacks 1541961493585
jQuery each 1541961493585
jQuery Callbacks 1541961493586
jQuery each 1541961493587
jQuery Callbacks 1541961493588
jQuery each 1541961493589
jQuery Callbacks 1541961493590
jQuery each 1541961493590
jQuery Callbacks 1541961493590
jQuery each 1541961493591
jQuery Callbacks 1541961493591
jQuery each 1541961493592
jQuery each 1541961493592
jQuery each 1541961493592
jQuery each 1541961493592
jQuery each 1541961493592
jQuery each 1541961493593
jQuery each 1541961493593
jQuery extend 1541961493593
jQuery Callbacks 1541961493593
jQuery each 1541961493593
jQuery extend 1541961493594
jQuery each 1541961493595
jQuery each 1541961493595
jQuery each 1541961493595
jQuery each 1541961493596
jQuery each 1541961493596
jQuery Event 1541961493596
jQuery makeArray 1541961493596
jQuery merge 1541961493596
jQuery removeData 1541961493597
jQuery readyException 1541961495615
window setTimeout 1541961495616
jQuery _queueHooks 1541961495617
jQuery inArray 1541961495618
jQuery data 1541961495618
jQuery makeArray 1541961495618
jQuery when 1541961495618
jQuery Deferred 1541961495619
jQuery Callbacks 1541961495620
jQuery each 1541961495620
jQuery Callbacks 1541961495620
jQuery each 1541961495620
jQuery Callbacks 1541961495621
jQuery each 1541961495622
jQuery Callbacks 1541961495622
jQuery each 1541961495622
jQuery Callbacks 1541961495622
jQuery each 1541961495623
jQuery Callbacks 1541961495623
jQuery each 1541961495624
jQuery each 1541961495624
jQuery each 1541961495624
jQuery each 1541961495625
jQuery each 1541961495625
jQuery each 1541961495626
jQuery each 1541961495627
jQuery extend 1541961495627
jQuery each 1541961495627
jQuery isEmptyObject 1541961495628
jQuery contains 1541961495628
jQuery isPlainObject 1541961495628
jQuery cleanData 1541961495628
jQuery _data 1541961495629
jQuery hasData 1541961495630
jQuery map 1541961495630
jQuery htmlPrefilter 1541961495631
jQuery dequeue 1541961495631
jQuery queue 1541961495632
jQuery camelCase 1541961495632
jQuery style 1541961495633
jQuery now 1541961495633
jQuery clone 1541961495634
jQuery extend 1541961495635
jQuery ajaxSetup 1541961495635
jQuery queue 1541961495635
jQuery isXMLDoc 1541961495635
jQuery getScript 1541961495636
jQuery get 1541961495637
jQuery isPlainObject 1541961495637
jQuery extend 1541961495637
jQuery ajax 1541961495637
jQuery ajaxSetup 1541961495638
jQuery extend 1541961495638
jQuery isPlainObject 1541961495639
jQuery isPlainObject 1541961495639
jQuery isPlainObject 1541961495639
jQuery isPlainObject 1541961495640
jQuery isPlainObject 1541961495640
jQuery isPlainObject 1541961495641
jQuery isPlainObject 1541961495642
jQuery extend 1541961495642
jQuery isPlainObject 1541961495642
jQuery isPlainObject 1541961495642
jQuery isPlainObject 1541961495642
jQuery isPlainObject 1541961495643
jQuery isPlainObject 1541961495643
jQuery isPlainObject 1541961495643
jQuery isPlainObject 1541961495643
jQuery extend 1541961495645
jQuery isPlainObject 1541961495645
jQuery isPlainObject 1541961495645
jQuery isPlainObject 1541961495645
jQuery isPlainObject 1541961495645
jQuery isPlainObject 1541961495646
jQuery extend 1541961495646
jQuery isPlainObject 1541961495646
jQuery isPlainObject 1541961495647
jQuery isPlainObject 1541961495647
jQuery isPlainObject 1541961495647
jQuery extend 1541961495647
jQuery isPlainObject 1541961495647
jQuery isPlainObject 1541961495648
jQuery isPlainObject 1541961495648
jQuery isPlainObject 1541961495649
jQuery isPlainObject 1541961495649
jQuery isPlainObject 1541961495649
jQuery extend 1541961495649
jQuery isPlainObject 1541961495649
jQuery isPlainObject 1541961495649
jQuery isPlainObject 1541961495650
jQuery isPlainObject 1541961495650
jQuery isPlainObject 1541961495650
jQuery extend 1541961495651
jQuery isPlainObject 1541961495651
jQuery isPlainObject 1541961495651
jQuery Deferred 1541961495651
jQuery Callbacks 1541961495652
jQuery each 1541961495653
jQuery Callbacks 1541961495653
jQuery each 1541961495653
jQuery Callbacks 1541961495653
jQuery each 1541961495653
jQuery Callbacks 1541961495654
jQuery each 1541961495654
jQuery Callbacks 1541961495654
jQuery each 1541961495655
jQuery Callbacks 1541961495655
jQuery each 1541961495655
jQuery each 1541961495656
jQuery each 1541961495656
jQuery each 1541961495657
jQuery each 1541961495657
jQuery each 1541961495657
jQuery each 1541961495657
jQuery extend 1541961495658
jQuery Callbacks 1541961495658
jQuery each 1541961495658
jQuery extend 1541961495658
jQuery each 1541961495658
jQuery each 1541961495658
jQuery each 1541961495659
jQuery each 1541961495659
jQuery each 1541961495659
jQuery each 1541961495659
jQuery each 1541961495660
jQuery Event 1541961495661
jQuery makeArray 1541961495661
jQuery merge 1541961495661
jQuery post 1541961495661
jQuery isPlainObject 1541961495661
jQuery extend 1541961495661
jQuery ajax 1541961495663
jQuery ajaxSetup 1541961495663
jQuery extend 1541961495663
jQuery isPlainObject 1541961495663
jQuery isPlainObject 1541961495663
jQuery isPlainObject 1541961495664
jQuery isPlainObject 1541961495664
jQuery isPlainObject 1541961495664
jQuery isPlainObject 1541961495664
jQuery isPlainObject 1541961495664
jQuery extend 1541961495665
jQuery isPlainObject 1541961495665
jQuery isPlainObject 1541961495665
jQuery isPlainObject 1541961495666
jQuery isPlainObject 1541961495666
jQuery isPlainObject 1541961495666
jQuery isPlainObject 1541961495666
jQuery isPlainObject 1541961495666
jQuery extend 1541961495666
jQuery isPlainObject 1541961495667
jQuery isPlainObject 1541961495667
jQuery isPlainObject 1541961495667
jQuery isPlainObject 1541961495667
jQuery isPlainObject 1541961495668
jQuery extend 1541961495668
jQuery isPlainObject 1541961495668
jQuery isPlainObject 1541961495668
jQuery isPlainObject 1541961495669
jQuery isPlainObject 1541961495669
jQuery extend 1541961495670
jQuery isPlainObject 1541961495670
jQuery isPlainObject 1541961495670
jQuery isPlainObject 1541961495671
jQuery isPlainObject 1541961495671
jQuery isPlainObject 1541961495671
jQuery isPlainObject 1541961495671
jQuery extend 1541961495671
jQuery isPlainObject 1541961495671
jQuery isPlainObject 1541961495671
jQuery isPlainObject 1541961495672
jQuery isPlainObject 1541961495672
jQuery isPlainObject 1541961495673
jQuery extend 1541961495673
jQuery isPlainObject 1541961495673
jQuery Deferred 1541961495673
jQuery Callbacks 1541961495674
jQuery each 1541961495674
jQuery Callbacks 1541961495674
jQuery each 1541961495675
jQuery Callbacks 1541961495675
jQuery each 1541961495675
jQuery Callbacks 1541961495675
jQuery each 1541961495675
jQuery Callbacks 1541961495675
jQuery each 1541961495676
jQuery Callbacks 1541961495677
jQuery each 1541961495677
jQuery each 1541961495677
jQuery each 1541961495677
jQuery each 1541961495678
jQuery each 1541961495678
jQuery each 1541961495678
jQuery each 1541961495678
jQuery extend 1541961495679
jQuery Callbacks 1541961495679
jQuery each 1541961495679
jQuery extend 1541961495679
jQuery each 1541961495679
jQuery each 1541961495679
jQuery each 1541961495680
jQuery each 1541961495680
jQuery each 1541961495681
jQuery Event 1541961495681
jQuery makeArray 1541961495681
jQuery merge 1541961495681
jQuery Animation 1541961495682
jQuery Deferred 1541961495683
jQuery Callbacks 1541961495683
jQuery each 1541961495683
jQuery Callbacks 1541961495683
jQuery each 1541961495683
jQuery Callbacks 1541961495683
jQuery each 1541961495683
jQuery Callbacks 1541961495683
jQuery each 1541961495684
jQuery Callbacks 1541961495684
jQuery each 1541961495685
jQuery Callbacks 1541961495685
jQuery each 1541961495685
jQuery each 1541961495686
jQuery each 1541961495686
jQuery each 1541961495686
jQuery each 1541961495686
jQuery each 1541961495686
jQuery each 1541961495686
jQuery extend 1541961495687
jQuery each 1541961495687
jQuery each 1541961495687
jQuery each 1541961495688
jQuery each 1541961495688
jQuery extend 1541961495688
jQuery extend 1541961495689
window setTimeout 1541961495689
jQuery removeEvent 1541961495689
jQuery ajaxTransport 1541961495689
jQuery unique 1541961495689
jQuery removeData 1541961495690
jQuery isWindow 1541961495690
jQuery escapeSelector 1541961495691
jQuery noop 1541961495691
jQuery isFunction 1541961495691
jQuery grep 1541961495691
jQuery ajax 1541961495691
jQuery ajaxSetup 1541961495692
jQuery extend 1541961495692
jQuery isPlainObject 1541961495692
jQuery isPlainObject 1541961495692
jQuery isPlainObject 1541961495693
jQuery isPlainObject 1541961495694
jQuery isPlainObject 1541961495694
jQuery isPlainObject 1541961495695
jQuery isPlainObject 1541961495695
jQuery extend 1541961495695
jQuery isPlainObject 1541961495696
jQuery isPlainObject 1541961495697
jQuery isPlainObject 1541961495697
jQuery isPlainObject 1541961495697
jQuery isPlainObject 1541961495697
jQuery isPlainObject 1541961495697
jQuery isPlainObject 1541961495697
jQuery extend 1541961495698
jQuery isPlainObject 1541961495698
jQuery isPlainObject 1541961495698
jQuery isPlainObject 1541961495699
jQuery isPlainObject 1541961495699
jQuery isPlainObject 1541961495699
jQuery extend 1541961495699
jQuery isPlainObject 1541961495699
jQuery isPlainObject 1541961495700
jQuery isPlainObject 1541961495700
jQuery isPlainObject 1541961495700
jQuery extend 1541961495700
jQuery isPlainObject 1541961495700
jQuery isPlainObject 1541961495700
jQuery isPlainObject 1541961495701
jQuery isPlainObject 1541961495702
jQuery isPlainObject 1541961495702
jQuery isPlainObject 1541961495702
jQuery extend 1541961495702
jQuery isPlainObject 1541961495702
jQuery isPlainObject 1541961495702
jQuery isPlainObject 1541961495703
jQuery isPlainObject 1541961495703
jQuery isPlainObject 1541961495703
jQuery Deferred 1541961495703
jQuery Callbacks 1541961495704
jQuery each 1541961495704
jQuery Callbacks 1541961495705
jQuery each 1541961495705
jQuery Callbacks 1541961495705
jQuery each 1541961495705
jQuery Callbacks 1541961495705
jQuery each 1541961495705
jQuery Callbacks 1541961495706
jQuery each 1541961495706
jQuery Callbacks 1541961495707
jQuery each 1541961495707
jQuery each 1541961495707
jQuery each 1541961495707
jQuery each 1541961495707
jQuery each 1541961495708
jQuery each 1541961495708
jQuery each 1541961495709
jQuery extend 1541961495709
jQuery Callbacks 1541961495709
jQuery each 1541961495709
jQuery extend 1541961495709
jQuery each 1541961495710
jQuery each 1541961495711
jQuery each 1541961495711
jQuery each 1541961495711
jQuery each 1541961495711
jQuery Event 1541961495711
jQuery makeArray 1541961495712
jQuery merge 1541961495712
jQuery get 1541961495713
jQuery isPlainObject 1541961495713
jQuery extend 1541961495713
jQuery ajax 1541961495713
jQuery ajaxSetup 1541961495714
jQuery extend 1541961495714
jQuery isPlainObject 1541961495715
jQuery isPlainObject 1541961495715
jQuery isPlainObject 1541961495715
jQuery isPlainObject 1541961495715
jQuery isPlainObject 1541961495715
jQuery isPlainObject 1541961495716
jQuery isPlainObject 1541961495716
jQuery extend 1541961495716
jQuery isPlainObject 1541961495716
jQuery isPlainObject 1541961495716
jQuery isPlainObject 1541961495717
jQuery isPlainObject 1541961495717
jQuery isPlainObject 1541961495717
jQuery isPlainObject 1541961495718
jQuery isPlainObject 1541961495719
jQuery extend 1541961495719
jQuery isPlainObject 1541961495719
jQuery isPlainObject 1541961495720
jQuery isPlainObject 1541961495720
jQuery isPlainObject 1541961495720
jQuery isPlainObject 1541961495721
jQuery extend 1541961495721
jQuery isPlainObject 1541961495721
jQuery isPlainObject 1541961495722
jQuery isPlainObject 1541961495722
jQuery isPlainObject 1541961495722
jQuery extend 1541961495722
jQuery isPlainObject 1541961495723
jQuery isPlainObject 1541961495724
jQuery isPlainObject 1541961495724
jQuery isPlainObject 1541961495724
jQuery isPlainObject 1541961495724
jQuery isPlainObject 1541961495724
jQuery extend 1541961495725
jQuery isPlainObject 1541961495725
jQuery isPlainObject 1541961495725
jQuery isPlainObject 1541961495726
jQuery isPlainObject 1541961495726
jQuery isPlainObject 1541961495726
jQuery extend 1541961495726
jQuery isPlainObject 1541961495727
jQuery Deferred 1541961495727
jQuery Callbacks 1541961495727
jQuery each 1541961495727
jQuery Callbacks 1541961495727
jQuery each 1541961495727
jQuery Callbacks 1541961495728
jQuery each 1541961495728
jQuery Callbacks 1541961495728
jQuery each 1541961495728
jQuery Callbacks 1541961495729
jQuery each 1541961495729
jQuery Callbacks 1541961495729
jQuery each 1541961495729
jQuery each 1541961495730
jQuery each 1541961495730
jQuery each 1541961495730
jQuery each 1541961495731
jQuery each 1541961495731
jQuery each 1541961495732
jQuery extend 1541961495732
jQuery Callbacks 1541961495732
jQuery each 1541961495732
jQuery extend 1541961495733
jQuery each 1541961495733
jQuery each 1541961495733
jQuery each 1541961495733
jQuery each 1541961495734
jQuery each 1541961495734
jQuery Event 1541961495735
jQuery makeArray 1541961495735
jQuery merge 1541961495735
jQuery holdReady 1541961495735
jQuery ready 1541961495735
jQuery ready 1541961495736
jQuery ajaxPrefilter 1541961495736
jQuery _removeData 1541961495736
jQuery isNumeric 1541961495736
jQuery type 1541961495736
jQuery filter 1541961495736
jQuery param 1541961495737
jQuery css 1541961495737
jQuery nodeName 1541961495737
jQuery Event 1541961495737
jQuery Event 1541961495737
jQuery uniqueSort 1541961495737
jQuery attr 1541961495738
jQuery parseJSON 1541961495738
jQuery getJSON 1541961495738
jQuery get 1541961495739
jQuery isPlainObject 1541961495739
jQuery extend 1541961495739
jQuery ajax 1541961495740
jQuery ajaxSetup 1541961495740
jQuery extend 1541961495740
jQuery isPlainObject 1541961495740
jQuery isPlainObject 1541961495740
jQuery isPlainObject 1541961495741
jQuery isPlainObject 1541961495741
jQuery isPlainObject 1541961495743
jQuery isPlainObject 1541961495743
jQuery isPlainObject 1541961495743
jQuery extend 1541961495743
jQuery isPlainObject 1541961495744
jQuery isPlainObject 1541961495744
jQuery isPlainObject 1541961495745
jQuery isPlainObject 1541961495745
jQuery isPlainObject 1541961495745
jQuery isPlainObject 1541961495745
jQuery isPlainObject 1541961495745
jQuery extend 1541961495745
jQuery isPlainObject 1541961495746
jQuery isPlainObject 1541961495746
jQuery isPlainObject 1541961495746
jQuery isPlainObject 1541961495747
jQuery isPlainObject 1541961495747
jQuery extend 1541961495747
jQuery isPlainObject 1541961495748
jQuery isPlainObject 1541961495748
jQuery isPlainObject 1541961495749
jQuery isPlainObject 1541961495749
jQuery extend 1541961495749
jQuery isPlainObject 1541961495750
jQuery isPlainObject 1541961495750
jQuery isPlainObject 1541961495750
jQuery isPlainObject 1541961495750
jQuery isPlainObject 1541961495751
jQuery isPlainObject 1541961495751
jQuery extend 1541961495752
jQuery isPlainObject 1541961495752
jQuery isPlainObject 1541961495753
jQuery isPlainObject 1541961495753
jQuery isPlainObject 1541961495753
jQuery isPlainObject 1541961495754
jQuery extend 1541961495754
jQuery isPlainObject 1541961495754
jQuery isPlainObject 1541961495754
jQuery Deferred 1541961495754
jQuery Callbacks 1541961495755
jQuery each 1541961495755
jQuery Callbacks 1541961495756
jQuery each 1541961495756
jQuery Callbacks 1541961495756
jQuery each 1541961495756
jQuery Callbacks 1541961495756
jQuery each 1541961495756
jQuery Callbacks 1541961495757
jQuery each 1541961495757
jQuery Callbacks 1541961495758
jQuery each 1541961495758
jQuery each 1541961495758
jQuery each 1541961495758
jQuery each 1541961495758
jQuery each 1541961495759
jQuery each 1541961495760
jQuery each 1541961495760
jQuery extend 1541961495761
jQuery Callbacks 1541961495761
jQuery each 1541961495761
jQuery extend 1541961495761
jQuery each 1541961495761
jQuery each 1541961495762
jQuery each 1541961495762
jQuery each 1541961495762
jQuery each 1541961495762
jQuery each 1541961495763
jQuery each 1541961495763
jQuery Event 1541961495763
jQuery makeArray 1541961495764
jQuery merge 1541961495764
jQuery removeAttr 1541961495764
jQuery type 1541961495765
jQuery error 1541961495765
jQuery Tween 1541961495765
jQuery Callbacks 1541961495765
jQuery extend 1541961495766
jQuery _evalUrl 1541961495766
jQuery ajax 1541961495767
jQuery ajaxSetup 1541961495767
jQuery extend 1541961495768
jQuery isPlainObject 1541961495768
jQuery isPlainObject 1541961495768
jQuery isPlainObject 1541961495768
jQuery isPlainObject 1541961495768
jQuery isPlainObject 1541961495768
jQuery isPlainObject 1541961495769
jQuery isPlainObject 1541961495769
jQuery extend 1541961495769
jQuery isPlainObject 1541961495770
jQuery isPlainObject 1541961495770
jQuery isPlainObject 1541961495770
jQuery isPlainObject 1541961495771
jQuery isPlainObject 1541961495771
jQuery isPlainObject 1541961495771
jQuery isPlainObject 1541961495771
jQuery extend 1541961495771
jQuery isPlainObject 1541961495772
jQuery isPlainObject 1541961495772
jQuery isPlainObject 1541961495772
jQuery isPlainObject 1541961495772
jQuery isPlainObject 1541961495774
jQuery extend 1541961495774
jQuery isPlainObject 1541961495774
jQuery isPlainObject 1541961495774
jQuery isPlainObject 1541961495775
jQuery isPlainObject 1541961495775
jQuery extend 1541961495775
jQuery isPlainObject 1541961495775
jQuery isPlainObject 1541961495775
jQuery isPlainObject 1541961495775
jQuery isPlainObject 1541961495776
jQuery isPlainObject 1541961495776
jQuery isPlainObject 1541961495776
jQuery extend 1541961495777
jQuery isPlainObject 1541961495778
jQuery isPlainObject 1541961495778
jQuery isPlainObject 1541961495778
jQuery isPlainObject 1541961495778
jQuery isPlainObject 1541961495778
jQuery extend 1541961495778
jQuery isPlainObject 1541961495779
jQuery isPlainObject 1541961495779
jQuery isPlainObject 1541961495780
jQuery isPlainObject 1541961495780
jQuery Deferred 1541961495780
jQuery Callbacks 1541961495780
jQuery each 1541961495780
jQuery Callbacks 1541961495780
jQuery each 1541961495781
jQuery Callbacks 1541961495781
jQuery each 1541961495781
jQuery Callbacks 1541961495781
jQuery each 1541961495783
jQuery Callbacks 1541961495783
jQuery each 1541961495783
jQuery Callbacks 1541961495783
jQuery each 1541961495783
jQuery each 1541961495783
jQuery each 1541961495784
jQuery each 1541961495784
jQuery each 1541961495784
jQuery each 1541961495785
jQuery each 1541961495785
jQuery extend 1541961495786
jQuery Callbacks 1541961495786
jQuery each 1541961495786
jQuery extend 1541961495786
jQuery each 1541961495786
jQuery each 1541961495786
jQuery each 1541961495788
jQuery each 1541961495788
jQuery each 1541961495788
jQuery each 1541961495788
jQuery each 1541961495788
jQuery each 1541961495789
jQuery each 1541961495790
jQuery each 1541961495790
jQuery globalEval 1541961495790
jQuery noConflict 1541961495791
jQuery proxy 1541961495791
jQuery trim 1541961495791
jQuery fx 1541961495792
jQuery find 1541961495792
jQuery parseXML 1541961495792
jQuery parseHTML 1541961495792
jQuery Deferred 1541961495792
jQuery Callbacks 1541961495792
jQuery each 1541961495793
jQuery Callbacks 1541961495793
jQuery each 1541961495793
jQuery Callbacks 1541961495794
jQuery each 1541961495794
jQuery Callbacks 1541961495794
jQuery each 1541961495794
jQuery Callbacks 1541961495794
jQuery each 1541961495795
jQuery Callbacks 1541961495795
jQuery each 1541961495796
jQuery each 1541961495796
jQuery each 1541961495796
jQuery each 1541961495796
jQuery each 1541961495797
jQuery each 1541961495797
jQuery each 1541961495797
jQuery extend 1541961495798
jQuery speed 1541961495798
jQuery isArray 1541961495798
jQuery text 1541961495798
jQuery merge 1541961495798
jQuery getJSON 1541961496810
jQuery get 1541961496811
jQuery isPlainObject 1541961496812
jQuery extend 1541961496813
jQuery ajax 1541961496813
jQuery ajaxSetup 1541961496814
jQuery extend 1541961496817
jQuery isPlainObject 1541961496818
jQuery isPlainObject 1541961496818
jQuery isPlainObject 1541961496820
jQuery isPlainObject 1541961496820
jQuery isPlainObject 1541961496821
jQuery isPlainObject 1541961496821
jQuery isPlainObject 1541961496822
jQuery extend 1541961496822
jQuery isPlainObject 1541961496823
jQuery isPlainObject 1541961496823
jQuery isPlainObject 1541961496824
jQuery isPlainObject 1541961496825
jQuery isPlainObject 1541961496825
jQuery isPlainObject 1541961496826
jQuery isPlainObject 1541961496826
jQuery extend 1541961496826
jQuery isPlainObject 1541961496827
jQuery isPlainObject 1541961496827
jQuery isPlainObject 1541961496828
jQuery isPlainObject 1541961496828
jQuery isPlainObject 1541961496829
jQuery extend 1541961496829
jQuery isPlainObject 1541961496830
jQuery isPlainObject 1541961496831
jQuery isPlainObject 1541961496833
jQuery isPlainObject 1541961496834
jQuery extend 1541961496835
jQuery isPlainObject 1541961496836
jQuery isPlainObject 1541961496837
jQuery isPlainObject 1541961496838
jQuery isPlainObject 1541961496840
jQuery isPlainObject 1541961496840
jQuery isPlainObject 1541961496841
jQuery extend 1541961496841
jQuery isPlainObject 1541961496841
jQuery isPlainObject 1541961496842
jQuery isPlainObject 1541961496843
jQuery isPlainObject 1541961496843
jQuery isPlainObject 1541961496844
jQuery extend 1541961496844
jQuery isPlainObject 1541961496845
jQuery isPlainObject 1541961496845
jQuery Deferred 1541961496845
jQuery Callbacks 1541961496846
jQuery each 1541961496846
jQuery Callbacks 1541961496846
jQuery each 1541961496846
jQuery Callbacks 1541961496847
jQuery each 1541961496847
jQuery Callbacks 1541961496847
jQuery each 1541961496847
jQuery Callbacks 1541961496847
jQuery each 1541961496847
jQuery Callbacks 1541961496848
jQuery each 1541961496848
jQuery each 1541961496848
jQuery each 1541961496849
jQuery each 1541961496852
jQuery each 1541961496852
jQuery each 1541961496854
jQuery each 1541961496854
jQuery extend 1541961496855
jQuery Callbacks 1541961496855
jQuery each 1541961496856
jQuery extend 1541961496856
jQuery each 1541961496856
jQuery each 1541961496857
jQuery each 1541961496858
jQuery each 1541961496858
jQuery each 1541961496859
jQuery each 1541961496859
jQuery each 1541961496859
jQuery Event 1541961496860
jQuery makeArray 1541961496860
jQuery merge 1541961496860
jQuery find 1541961496861
jQuery css 1541961496862
jQuery isFunction 1541961496862
jQuery isNumeric 1541961496862
jQuery type 1541961496862
jQuery proxy 1541961496862
jQuery trim 1541961496863
jQuery readyException 1541961496863
window setTimeout 1541961496863
jQuery now 1541961496864
jQuery attr 1541961496864
jQuery Event 1541961496864
jQuery Event 1541961496864
jQuery type 1541961496865
jQuery uniqueSort 1541961496865
jQuery ajaxPrefilter 1541961496865
jQuery param 1541961496865
jQuery cleanData 1541961496866
jQuery ajax 1541961496866
jQuery ajaxSetup 1541961496866
jQuery extend 1541961496867
jQuery isPlainObject 1541961496867
jQuery isPlainObject 1541961496867
jQuery isPlainObject 1541961496867
jQuery isPlainObject 1541961496868
jQuery isPlainObject 1541961496868
jQuery isPlainObject 1541961496868
jQuery isPlainObject 1541961496869
jQuery extend 1541961496869
jQuery isPlainObject 1541961496870
jQuery isPlainObject 1541961496870
jQuery isPlainObject 1541961496871
jQuery isPlainObject 1541961496871
jQuery isPlainObject 1541961496871
jQuery isPlainObject 1541961496871
jQuery isPlainObject 1541961496871
jQuery extend 1541961496871
jQuery isPlainObject 1541961496871
jQuery isPlainObject 1541961496872
jQuery isPlainObject 1541961496872
jQuery isPlainObject 1541961496872
jQuery isPlainObject 1541961496872
jQuery extend 1541961496873
jQuery isPlainObject 1541961496873
jQuery isPlainObject 1541961496873
jQuery isPlainObject 1541961496874
jQuery isPlainObject 1541961496874
jQuery extend 1541961496874
jQuery isPlainObject 1541961496874
jQuery isPlainObject 1541961496875
jQuery isPlainObject 1541961496875
jQuery isPlainObject 1541961496875
jQuery isPlainObject 1541961496875
jQuery isPlainObject 1541961496876
jQuery extend 1541961496876
jQuery isPlainObject 1541961496877
jQuery isPlainObject 1541961496877
jQuery isPlainObject 1541961496877
jQuery isPlainObject 1541961496877
jQuery isPlainObject 1541961496877
jQuery Deferred 1541961496878
jQuery Callbacks 1541961496878
jQuery each 1541961496878
jQuery Callbacks 1541961496879
jQuery each 1541961496879
jQuery Callbacks 1541961496880
jQuery each 1541961496880
jQuery Callbacks 1541961496880
jQuery each 1541961496880
jQuery Callbacks 1541961496880
jQuery each 1541961496881
jQuery Callbacks 1541961496881
jQuery each 1541961496881
jQuery each 1541961496882
jQuery each 1541961496882
jQuery each 1541961496882
jQuery each 1541961496882
jQuery each 1541961496883
jQuery each 1541961496883
jQuery extend 1541961496883
jQuery Callbacks 1541961496884
jQuery each 1541961496884
jQuery extend 1541961496884
jQuery each 1541961496884
jQuery each 1541961496885
jQuery each 1541961496885
jQuery each 1541961496885
jQuery each 1541961496885
jQuery Event 1541961496886
jQuery makeArray 1541961496886
jQuery merge 1541961496886
jQuery dequeue 1541961496887
jQuery queue 1541961496887
jQuery noConflict 1541961496887
jQuery post 1541961496888
jQuery isPlainObject 1541961496888
jQuery extend 1541961496888
jQuery ajax 1541961496889
jQuery ajaxSetup 1541961496889
jQuery extend 1541961496889
jQuery isPlainObject 1541961496889
jQuery isPlainObject 1541961496890
jQuery isPlainObject 1541961496890
jQuery isPlainObject 1541961496890
jQuery isPlainObject 1541961496890
jQuery isPlainObject 1541961496891
jQuery isPlainObject 1541961496891
jQuery extend 1541961496891
jQuery isPlainObject 1541961496892
jQuery isPlainObject 1541961496892
jQuery isPlainObject 1541961496892
jQuery isPlainObject 1541961496892
jQuery isPlainObject 1541961496892
jQuery isPlainObject 1541961496893
jQuery isPlainObject 1541961496893
jQuery extend 1541961496893
jQuery isPlainObject 1541961496893
jQuery isPlainObject 1541961496894
jQuery isPlainObject 1541961496894
jQuery isPlainObject 1541961496894
jQuery isPlainObject 1541961496894
jQuery extend 1541961496895
jQuery isPlainObject 1541961496896
jQuery isPlainObject 1541961496896
jQuery isPlainObject 1541961496896
jQuery isPlainObject 1541961496896
jQuery extend 1541961496896
jQuery isPlainObject 1541961496896
jQuery isPlainObject 1541961496897
jQuery isPlainObject 1541961496897
jQuery isPlainObject 1541961496897
jQuery isPlainObject 1541961496898
jQuery isPlainObject 1541961496898
jQuery extend 1541961496898
jQuery isPlainObject 1541961496898
jQuery isPlainObject 1541961496899
jQuery isPlainObject 1541961496900
jQuery isPlainObject 1541961496900
jQuery isPlainObject 1541961496900
jQuery extend 1541961496900
jQuery isPlainObject 1541961496900
jQuery Deferred 1541961496901
jQuery Callbacks 1541961496901
jQuery each 1541961496901
jQuery Callbacks 1541961496902
jQuery each 1541961496902
jQuery Callbacks 1541961496902
jQuery each 1541961496902
jQuery Callbacks 1541961496903
jQuery each 1541961496903
jQuery Callbacks 1541961496903
jQuery each 1541961496903
jQuery Callbacks 1541961496903
jQuery each 1541961496904
jQuery each 1541961496904
jQuery each 1541961496904
jQuery each 1541961496905
jQuery each 1541961496905
jQuery each 1541961496906
jQuery each 1541961496906
jQuery extend 1541961496906
jQuery Callbacks 1541961496906
jQuery each 1541961496906
jQuery extend 1541961496907
jQuery each 1541961496907
jQuery each 1541961496907
jQuery each 1541961496907
jQuery each 1541961496908
jQuery each 1541961496908
jQuery Event 1541961496909
jQuery makeArray 1541961496910
jQuery merge 1541961496910
jQuery isPlainObject 1541961496910
jQuery removeAttr 1541961496910
jQuery globalEval 1541961496911
jQuery map 1541961496911
jQuery extend 1541961496911
jQuery ready 1541961496911
jQuery inArray 1541961496911
jQuery parseJSON 1541961496911
jQuery _queueHooks 1541961496912
jQuery ajaxTransport 1541961496913
jQuery each 1541961496913
jQuery noop 1541961496913
jQuery speed 1541961496913
jQuery contains 1541961496913
jQuery _data 1541961496914
jQuery hasData 1541961496914
jQuery _evalUrl 1541961496914
jQuery ajax 1541961496914
jQuery ajaxSetup 1541961496915
jQuery extend 1541961496915
jQuery isPlainObject 1541961496916
jQuery isPlainObject 1541961496916
jQuery isPlainObject 1541961496916
jQuery isPlainObject 1541961496916
jQuery isPlainObject 1541961496916
jQuery isPlainObject 1541961496916
jQuery isPlainObject 1541961496916
jQuery extend 1541961496917
jQuery isPlainObject 1541961496917
jQuery isPlainObject 1541961496917
jQuery isPlainObject 1541961496918
jQuery isPlainObject 1541961496918
jQuery isPlainObject 1541961496918
jQuery isPlainObject 1541961496918
jQuery isPlainObject 1541961496918
jQuery extend 1541961496919
jQuery isPlainObject 1541961496919
jQuery isPlainObject 1541961496920
jQuery isPlainObject 1541961496920
jQuery isPlainObject 1541961496920
jQuery isPlainObject 1541961496921
jQuery extend 1541961496921
jQuery isPlainObject 1541961496921
jQuery isPlainObject 1541961496921
jQuery isPlainObject 1541961496921
jQuery isPlainObject 1541961496922
jQuery extend 1541961496922
jQuery isPlainObject 1541961496922
jQuery isPlainObject 1541961496923
jQuery isPlainObject 1541961496923
jQuery isPlainObject 1541961496924
jQuery isPlainObject 1541961496924
jQuery isPlainObject 1541961496924
jQuery extend 1541961496924
jQuery isPlainObject 1541961496925
jQuery isPlainObject 1541961496925
jQuery isPlainObject 1541961496925
jQuery isPlainObject 1541961496926
jQuery isPlainObject 1541961496926
jQuery extend 1541961496926
jQuery isPlainObject 1541961496927
jQuery isPlainObject 1541961496927
jQuery isPlainObject 1541961496927
jQuery isPlainObject 1541961496927
jQuery Deferred 1541961496927
jQuery Callbacks 1541961496928
jQuery each 1541961496928
jQuery Callbacks 1541961496928
jQuery each 1541961496928
jQuery Callbacks 1541961496929
jQuery each 1541961496929
jQuery Callbacks 1541961496930
jQuery each 1541961496930
jQuery Callbacks 1541961496930
jQuery each 1541961496930
jQuery Callbacks 1541961496930
jQuery each 1541961496931
jQuery each 1541961496931
jQuery each 1541961496932
jQuery each 1541961496932
jQuery each 1541961496932
jQuery each 1541961496933
jQuery each 1541961496933
jQuery extend 1541961496933
jQuery Callbacks 1541961496934
jQuery each 1541961496934
jQuery extend 1541961496934
jQuery each 1541961496934
jQuery each 1541961496935
jQuery each 1541961496935
jQuery each 1541961496935
jQuery each 1541961496935
jQuery each 1541961496935
jQuery each 1541961496935
jQuery each 1541961496936
jQuery each 1541961496936
jQuery ajaxSetup 1541961496936
jQuery fx 1541961496937
jQuery error 1541961496938
jQuery isXMLDoc 1541961496938
jQuery data 1541961496938
jQuery htmlPrefilter 1541961496938
jQuery Callbacks 1541961496938
jQuery extend 1541961496938
jQuery makeArray 1541961496938
jQuery get 1541961496938
jQuery isPlainObject 1541961496939
jQuery extend 1541961496939
jQuery ajax 1541961496940
jQuery ajaxSetup 1541961496940
jQuery extend 1541961496940
jQuery isPlainObject 1541961496940
jQuery isPlainObject 1541961496940
jQuery isPlainObject 1541961496941
jQuery isPlainObject 1541961496941
jQuery isPlainObject 1541961496941
jQuery isPlainObject 1541961496941
jQuery isPlainObject 1541961496942
jQuery extend 1541961496942
jQuery isPlainObject 1541961496942
jQuery isPlainObject 1541961496942
jQuery isPlainObject 1541961496942
jQuery isPlainObject 1541961496942
jQuery isPlainObject 1541961496943
jQuery isPlainObject 1541961496943
jQuery isPlainObject 1541961496943
jQuery extend 1541961496943
jQuery isPlainObject 1541961496944
jQuery isPlainObject 1541961496944
jQuery isPlainObject 1541961496945
jQuery isPlainObject 1541961496945
jQuery isPlainObject 1541961496945
jQuery extend 1541961496945
jQuery isPlainObject 1541961496946
jQuery isPlainObject 1541961496946
jQuery isPlainObject 1541961496947
jQuery isPlainObject 1541961496947
jQuery extend 1541961496947
jQuery isPlainObject 1541961496947
jQuery isPlainObject 1541961496948
jQuery isPlainObject 1541961496948
jQuery isPlainObject 1541961496948
jQuery isPlainObject 1541961496948
jQuery isPlainObject 1541961496948
jQuery extend 1541961496948
jQuery isPlainObject 1541961496949
jQuery isPlainObject 1541961496949
jQuery isPlainObject 1541961496949
jQuery isPlainObject 1541961496950
jQuery isPlainObject 1541961496950
jQuery extend 1541961496951
jQuery isPlainObject 1541961496951
jQuery Deferred 1541961496951
jQuery Callbacks 1541961496951
jQuery each 1541961496951
jQuery Callbacks 1541961496951
jQuery each 1541961496952
jQuery Callbacks 1541961496952
jQuery each 1541961496952
jQuery Callbacks 1541961496952
jQuery each 1541961496952
jQuery Callbacks 1541961496953
jQuery each 1541961496953
jQuery Callbacks 1541961496953
jQuery each 1541961496953
jQuery each 1541961496953
jQuery each 1541961496954
jQuery each 1541961496955
jQuery each 1541961496955
jQuery each 1541961496955
jQuery each 1541961496955
jQuery extend 1541961496956
jQuery Callbacks 1541961496956
jQuery each 1541961496956
jQuery extend 1541961496957
jQuery each 1541961496957
jQuery each 1541961496957
jQuery each 1541961496957
jQuery each 1541961496958
jQuery each 1541961496958
jQuery Event 1541961496958
jQuery makeArray 1541961496959
jQuery merge 1541961496959
jQuery when 1541961496959
jQuery Deferred 1541961496959
jQuery Callbacks 1541961496959
jQuery each 1541961496960
jQuery Callbacks 1541961496960
jQuery each 1541961496960
jQuery Callbacks 1541961496960
jQuery each 1541961496961
jQuery Callbacks 1541961496961
jQuery each 1541961496961
jQuery Callbacks 1541961496961
jQuery each 1541961496962
jQuery Callbacks 1541961496962
jQuery each 1541961496962
jQuery each 1541961496962
jQuery each 1541961496963
jQuery each 1541961496963
jQuery each 1541961496963
jQuery each 1541961496964
jQuery each 1541961496964
jQuery extend 1541961496965
jQuery each 1541961496965
jQuery Tween 1541961496965
jQuery escapeSelector 1541961496965
jQuery getScript 1541961496965
jQuery get 1541961496965
jQuery isPlainObject 1541961496965
jQuery extend 1541961496966
jQuery ajax 1541961496966
jQuery ajaxSetup 1541961496966
jQuery extend 1541961496966
jQuery isPlainObject 1541961496966
jQuery isPlainObject 1541961496966
jQuery isPlainObject 1541961496967
jQuery isPlainObject 1541961496967
jQuery isPlainObject 1541961496968
jQuery isPlainObject 1541961496968
jQuery isPlainObject 1541961496968
jQuery extend 1541961496968
jQuery isPlainObject 1541961496968
jQuery isPlainObject 1541961496968
jQuery isPlainObject 1541961496969
jQuery isPlainObject 1541961496969
jQuery isPlainObject 1541961496970
jQuery isPlainObject 1541961496970
jQuery isPlainObject 1541961496971
jQuery extend 1541961496971
jQuery isPlainObject 1541961496971
jQuery isPlainObject 1541961496971
jQuery isPlainObject 1541961496972
jQuery isPlainObject 1541961496972
jQuery isPlainObject 1541961496972
jQuery extend 1541961496972
jQuery isPlainObject 1541961496972
jQuery isPlainObject 1541961496973
jQuery isPlainObject 1541961496973
jQuery isPlainObject 1541961496973
jQuery extend 1541961496974
jQuery isPlainObject 1541961496974
jQuery isPlainObject 1541961496974
jQuery isPlainObject 1541961496975
jQuery isPlainObject 1541961496975
jQuery isPlainObject 1541961496975
jQuery isPlainObject 1541961496975
jQuery extend 1541961496975
jQuery isPlainObject 1541961496976
jQuery isPlainObject 1541961496976
jQuery isPlainObject 1541961496976
jQuery isPlainObject 1541961496977
jQuery isPlainObject 1541961496977
jQuery extend 1541961496977
jQuery isPlainObject 1541961496978
jQuery isPlainObject 1541961496978
jQuery Deferred 1541961496978
jQuery Callbacks 1541961496979
jQuery each 1541961496979
jQuery Callbacks 1541961496980
jQuery each 1541961496980
jQuery Callbacks 1541961496980
jQuery each 1541961496980
jQuery Callbacks 1541961496980
jQuery each 1541961496980
jQuery Callbacks 1541961496981
jQuery each 1541961496982
jQuery Callbacks 1541961496982
jQuery each 1541961496982
jQuery each 1541961496982
jQuery each 1541961496983
jQuery each 1541961496983
jQuery each 1541961496984
jQuery each 1541961496985
jQuery each 1541961496985
jQuery extend 1541961496985
jQuery Callbacks 1541961496985
jQuery each 1541961496986
jQuery extend 1541961496986
jQuery each 1541961496986
jQuery each 1541961496987
jQuery each 1541961496987
jQuery each 1541961496987
jQuery each 1541961496988
jQuery each 1541961496988
jQuery each 1541961496988
jQuery Event 1541961496989
jQuery makeArray 1541961496989
jQuery merge 1541961496989
jQuery clone 1541961496990
jQuery queue 1541961496990
jQuery Animation 1541961496990
jQuery Deferred 1541961496990
jQuery Callbacks 1541961496991
jQuery each 1541961496991
jQuery Callbacks 1541961496991
jQuery each 1541961496991
jQuery Callbacks 1541961496991
jQuery each 1541961496991
jQuery Callbacks 1541961496992
jQuery each 1541961496992
jQuery Callbacks 1541961496992
jQuery each 1541961496992
jQuery Callbacks 1541961496993
jQuery each 1541961496993
jQuery each 1541961496993
jQuery each 1541961496994
jQuery each 1541961496994
jQuery each 1541961496994
jQuery each 1541961496995
jQuery each 1541961496995
jQuery extend 1541961496995
jQuery each 1541961496995
jQuery each 1541961496996
jQuery each 1541961496996
jQuery each 1541961496996
jQuery extend 1541961496996
jQuery extend 1541961496997
window setTimeout 1541961496998
jQuery text 1541961496998
jQuery Deferred 1541961496998
jQuery Callbacks 1541961496998
jQuery each 1541961496999
jQuery Callbacks 1541961496999
jQuery each 1541961496999
jQuery Callbacks 1541961497000
jQuery each 1541961497000
jQuery Callbacks 1541961497000
jQuery each 1541961497000
jQuery Callbacks 1541961497000
jQuery each 1541961497000
jQuery Callbacks 1541961497000
jQuery each 1541961497001
jQuery each 1541961497001
jQuery each 1541961497001
jQuery each 1541961497001
jQuery each 1541961497001
jQuery each 1541961497001
jQuery each 1541961497002
jQuery extend 1541961497003
jQuery removeEvent 1541961497003
jQuery removeData 1541961497003
jQuery filter 1541961497003
jQuery holdReady 1541961497003
jQuery ready 1541961497003
jQuery isEmptyObject 1541961497004
jQuery _removeData 1541961497004
jQuery unique 1541961497004
jQuery merge 1541961497004
jQuery isArray 1541961497004
jQuery parseXML 1541961497004
jQuery nodeName 1541961497005
jQuery style 1541961497005
jQuery camelCase 1541961497005
jQuery parseHTML 1541961497006
jQuery isWindow 1541961497006
jQuery grep 1541961497006
