window removeEventListener 2018-11-11T18:31:11.052Z
jQuery ready 2018-11-11T18:31:11.053Z
jQuery isXMLDoc 2018-11-11T18:31:55.183Z
jQuery speed 2018-11-11T18:31:55.183Z
jQuery ajaxPrefilter 2018-11-11T18:31:55.183Z
jQuery holdReady 2018-11-11T18:31:55.183Z
jQuery ready 2018-11-11T18:31:55.184Z
jQuery prop 2018-11-11T18:31:55.184Z
jQuery get 2018-11-11T18:31:55.186Z
jQuery isPlainObject 2018-11-11T18:31:55.188Z
jQuery extend 2018-11-11T18:31:55.188Z
jQuery ajax 2018-11-11T18:31:55.189Z
jQuery ajaxSetup 2018-11-11T18:31:55.189Z
jQuery extend 2018-11-11T18:31:55.189Z
jQuery isPlainObject 2018-11-11T18:31:55.191Z
jQuery isPlainObject 2018-11-11T18:31:55.192Z
jQuery isPlainObject 2018-11-11T18:31:55.194Z
jQuery isPlainObject 2018-11-11T18:31:55.194Z
jQuery isPlainObject 2018-11-11T18:31:55.195Z
jQuery isPlainObject 2018-11-11T18:31:55.196Z
jQuery isPlainObject 2018-11-11T18:31:55.196Z
jQuery extend 2018-11-11T18:31:55.197Z
jQuery isPlainObject 2018-11-11T18:31:55.198Z
jQuery isPlainObject 2018-11-11T18:31:55.198Z
jQuery isPlainObject 2018-11-11T18:31:55.199Z
jQuery isPlainObject 2018-11-11T18:31:55.199Z
jQuery isPlainObject 2018-11-11T18:31:55.200Z
jQuery isPlainObject 2018-11-11T18:31:55.200Z
jQuery isPlainObject 2018-11-11T18:31:55.201Z
jQuery extend 2018-11-11T18:31:55.202Z
jQuery isPlainObject 2018-11-11T18:31:55.202Z
jQuery isPlainObject 2018-11-11T18:31:55.202Z
jQuery isPlainObject 2018-11-11T18:31:55.203Z
jQuery isPlainObject 2018-11-11T18:31:55.203Z
jQuery isPlainObject 2018-11-11T18:31:55.204Z
jQuery extend 2018-11-11T18:31:55.204Z
jQuery isPlainObject 2018-11-11T18:31:55.205Z
jQuery isPlainObject 2018-11-11T18:31:55.206Z
jQuery isPlainObject 2018-11-11T18:31:55.206Z
jQuery isPlainObject 2018-11-11T18:31:55.207Z
jQuery extend 2018-11-11T18:31:55.207Z
jQuery isPlainObject 2018-11-11T18:31:55.207Z
jQuery isPlainObject 2018-11-11T18:31:55.208Z
jQuery isPlainObject 2018-11-11T18:31:55.208Z
jQuery isPlainObject 2018-11-11T18:31:55.209Z
jQuery isPlainObject 2018-11-11T18:31:55.209Z
jQuery isPlainObject 2018-11-11T18:31:55.209Z
jQuery extend 2018-11-11T18:31:55.211Z
jQuery isPlainObject 2018-11-11T18:31:55.211Z
jQuery isPlainObject 2018-11-11T18:31:55.211Z
jQuery isPlainObject 2018-11-11T18:31:55.211Z
jQuery isPlainObject 2018-11-11T18:31:55.212Z
jQuery isPlainObject 2018-11-11T18:31:55.213Z
jQuery extend 2018-11-11T18:31:55.213Z
jQuery isPlainObject 2018-11-11T18:31:55.214Z
jQuery Deferred 2018-11-11T18:31:55.215Z
jQuery Callbacks 2018-11-11T18:31:55.215Z
jQuery each 2018-11-11T18:31:55.216Z
jQuery Callbacks 2018-11-11T18:31:55.216Z
jQuery each 2018-11-11T18:31:55.216Z
jQuery Callbacks 2018-11-11T18:31:55.217Z
jQuery each 2018-11-11T18:31:55.217Z
jQuery Callbacks 2018-11-11T18:31:55.217Z
jQuery each 2018-11-11T18:31:55.218Z
jQuery Callbacks 2018-11-11T18:31:55.218Z
jQuery each 2018-11-11T18:31:55.220Z
jQuery Callbacks 2018-11-11T18:31:55.220Z
jQuery each 2018-11-11T18:31:55.220Z
jQuery each 2018-11-11T18:31:55.222Z
jQuery each 2018-11-11T18:31:55.222Z
jQuery each 2018-11-11T18:31:55.223Z
jQuery each 2018-11-11T18:31:55.224Z
jQuery each 2018-11-11T18:31:55.225Z
jQuery each 2018-11-11T18:31:55.226Z
jQuery extend 2018-11-11T18:31:55.226Z
jQuery Callbacks 2018-11-11T18:31:55.226Z
jQuery each 2018-11-11T18:31:55.227Z
jQuery extend 2018-11-11T18:31:55.228Z
jQuery each 2018-11-11T18:31:55.228Z
jQuery Event 2018-11-11T18:31:55.228Z
jQuery htmlPrefilter 2018-11-11T18:31:55.229Z
jQuery parseXML 2018-11-11T18:31:55.231Z
jQuery isNumeric 2018-11-11T18:31:55.231Z
jQuery type 2018-11-11T18:31:55.232Z
jQuery merge 2018-11-11T18:31:55.232Z
jQuery isWindow 2018-11-11T18:31:55.232Z
jQuery parseJSON 2018-11-11T18:31:55.232Z
jQuery cleanData 2018-11-11T18:31:55.233Z
jQuery getJSON 2018-11-11T18:31:55.234Z
jQuery get 2018-11-11T18:31:55.234Z
jQuery isPlainObject 2018-11-11T18:31:55.234Z
jQuery extend 2018-11-11T18:31:55.234Z
jQuery ajax 2018-11-11T18:31:55.234Z
jQuery ajaxSetup 2018-11-11T18:31:55.235Z
jQuery extend 2018-11-11T18:31:55.235Z
jQuery isPlainObject 2018-11-11T18:31:55.235Z
jQuery isPlainObject 2018-11-11T18:31:55.236Z
jQuery isPlainObject 2018-11-11T18:31:55.236Z
jQuery isPlainObject 2018-11-11T18:31:55.236Z
jQuery isPlainObject 2018-11-11T18:31:55.237Z
jQuery isPlainObject 2018-11-11T18:31:55.238Z
jQuery isPlainObject 2018-11-11T18:31:55.238Z
jQuery extend 2018-11-11T18:31:55.238Z
jQuery isPlainObject 2018-11-11T18:31:55.238Z
jQuery isPlainObject 2018-11-11T18:31:55.238Z
jQuery isPlainObject 2018-11-11T18:31:55.239Z
jQuery isPlainObject 2018-11-11T18:31:55.239Z
jQuery isPlainObject 2018-11-11T18:31:55.239Z
jQuery isPlainObject 2018-11-11T18:31:55.242Z
jQuery isPlainObject 2018-11-11T18:31:55.242Z
jQuery extend 2018-11-11T18:31:55.242Z
jQuery isPlainObject 2018-11-11T18:31:55.243Z
jQuery isPlainObject 2018-11-11T18:31:55.244Z
jQuery isPlainObject 2018-11-11T18:31:55.245Z
jQuery isPlainObject 2018-11-11T18:31:55.245Z
jQuery isPlainObject 2018-11-11T18:31:55.246Z
jQuery extend 2018-11-11T18:31:55.247Z
jQuery isPlainObject 2018-11-11T18:31:55.247Z
jQuery isPlainObject 2018-11-11T18:31:55.247Z
jQuery isPlainObject 2018-11-11T18:31:55.248Z
jQuery isPlainObject 2018-11-11T18:31:55.249Z
jQuery extend 2018-11-11T18:31:55.249Z
jQuery isPlainObject 2018-11-11T18:31:55.249Z
jQuery isPlainObject 2018-11-11T18:31:55.249Z
jQuery isPlainObject 2018-11-11T18:31:55.250Z
jQuery isPlainObject 2018-11-11T18:31:55.251Z
jQuery isPlainObject 2018-11-11T18:31:55.251Z
jQuery isPlainObject 2018-11-11T18:31:55.251Z
jQuery extend 2018-11-11T18:31:55.252Z
jQuery isPlainObject 2018-11-11T18:31:55.252Z
jQuery isPlainObject 2018-11-11T18:31:55.252Z
jQuery isPlainObject 2018-11-11T18:31:55.252Z
jQuery isPlainObject 2018-11-11T18:31:55.253Z
jQuery isPlainObject 2018-11-11T18:31:55.253Z
jQuery extend 2018-11-11T18:31:55.253Z
jQuery isPlainObject 2018-11-11T18:31:55.254Z
jQuery isPlainObject 2018-11-11T18:31:55.254Z
jQuery Deferred 2018-11-11T18:31:55.254Z
jQuery Callbacks 2018-11-11T18:31:55.254Z
jQuery each 2018-11-11T18:31:55.255Z
jQuery Callbacks 2018-11-11T18:31:55.255Z
jQuery each 2018-11-11T18:31:55.256Z
jQuery Callbacks 2018-11-11T18:31:55.256Z
jQuery each 2018-11-11T18:31:55.256Z
jQuery Callbacks 2018-11-11T18:31:55.256Z
jQuery each 2018-11-11T18:31:55.256Z
jQuery Callbacks 2018-11-11T18:31:55.256Z
jQuery each 2018-11-11T18:31:55.257Z
jQuery Callbacks 2018-11-11T18:31:55.258Z
jQuery each 2018-11-11T18:31:55.258Z
jQuery each 2018-11-11T18:31:55.258Z
jQuery each 2018-11-11T18:31:55.258Z
jQuery each 2018-11-11T18:31:55.258Z
jQuery each 2018-11-11T18:31:55.259Z
jQuery each 2018-11-11T18:31:55.259Z
jQuery each 2018-11-11T18:31:55.259Z
jQuery extend 2018-11-11T18:31:55.259Z
jQuery Callbacks 2018-11-11T18:31:55.260Z
jQuery each 2018-11-11T18:31:55.260Z
jQuery extend 2018-11-11T18:31:55.260Z
jQuery each 2018-11-11T18:31:55.261Z
jQuery each 2018-11-11T18:31:55.262Z
jQuery each 2018-11-11T18:31:55.262Z
jQuery each 2018-11-11T18:31:55.262Z
jQuery each 2018-11-11T18:31:55.262Z
jQuery each 2018-11-11T18:31:55.263Z
jQuery each 2018-11-11T18:31:55.263Z
jQuery Event 2018-11-11T18:31:55.264Z
jQuery makeArray 2018-11-11T18:31:55.265Z
jQuery merge 2018-11-11T18:31:55.265Z
jQuery ajaxTransport 2018-11-11T18:31:55.265Z
jQuery proxy 2018-11-11T18:31:55.265Z
jQuery _evalUrl 2018-11-11T18:31:55.265Z
jQuery ajax 2018-11-11T18:31:55.266Z
jQuery ajaxSetup 2018-11-11T18:31:55.267Z
jQuery extend 2018-11-11T18:31:55.267Z
jQuery isPlainObject 2018-11-11T18:31:55.267Z
jQuery isPlainObject 2018-11-11T18:31:55.267Z
jQuery isPlainObject 2018-11-11T18:31:55.267Z
jQuery isPlainObject 2018-11-11T18:31:55.267Z
jQuery isPlainObject 2018-11-11T18:31:55.267Z
jQuery isPlainObject 2018-11-11T18:31:55.268Z
jQuery isPlainObject 2018-11-11T18:31:55.269Z
jQuery extend 2018-11-11T18:31:55.269Z
jQuery isPlainObject 2018-11-11T18:31:55.269Z
jQuery isPlainObject 2018-11-11T18:31:55.269Z
jQuery isPlainObject 2018-11-11T18:31:55.269Z
jQuery isPlainObject 2018-11-11T18:31:55.270Z
jQuery isPlainObject 2018-11-11T18:31:55.270Z
jQuery isPlainObject 2018-11-11T18:31:55.270Z
jQuery isPlainObject 2018-11-11T18:31:55.271Z
jQuery extend 2018-11-11T18:31:55.271Z
jQuery isPlainObject 2018-11-11T18:31:55.271Z
jQuery isPlainObject 2018-11-11T18:31:55.271Z
jQuery isPlainObject 2018-11-11T18:31:55.272Z
jQuery isPlainObject 2018-11-11T18:31:55.272Z
jQuery isPlainObject 2018-11-11T18:31:55.272Z
jQuery extend 2018-11-11T18:31:55.273Z
jQuery isPlainObject 2018-11-11T18:31:55.273Z
jQuery isPlainObject 2018-11-11T18:31:55.273Z
jQuery isPlainObject 2018-11-11T18:31:55.274Z
jQuery isPlainObject 2018-11-11T18:31:55.274Z
jQuery extend 2018-11-11T18:31:55.274Z
jQuery isPlainObject 2018-11-11T18:31:55.274Z
jQuery isPlainObject 2018-11-11T18:31:55.275Z
jQuery isPlainObject 2018-11-11T18:31:55.275Z
jQuery isPlainObject 2018-11-11T18:31:55.275Z
jQuery isPlainObject 2018-11-11T18:31:55.275Z
jQuery isPlainObject 2018-11-11T18:31:55.276Z
jQuery extend 2018-11-11T18:31:55.276Z
jQuery isPlainObject 2018-11-11T18:31:55.276Z
jQuery isPlainObject 2018-11-11T18:31:55.276Z
jQuery isPlainObject 2018-11-11T18:31:55.277Z
jQuery isPlainObject 2018-11-11T18:31:55.277Z
jQuery isPlainObject 2018-11-11T18:31:55.277Z
jQuery extend 2018-11-11T18:31:55.277Z
jQuery isPlainObject 2018-11-11T18:31:55.277Z
jQuery isPlainObject 2018-11-11T18:31:55.279Z
jQuery isPlainObject 2018-11-11T18:31:55.279Z
jQuery isPlainObject 2018-11-11T18:31:55.279Z
jQuery Deferred 2018-11-11T18:31:55.279Z
jQuery Callbacks 2018-11-11T18:31:55.279Z
jQuery each 2018-11-11T18:31:55.279Z
jQuery Callbacks 2018-11-11T18:31:55.279Z
jQuery each 2018-11-11T18:31:55.280Z
jQuery Callbacks 2018-11-11T18:31:55.280Z
jQuery each 2018-11-11T18:31:55.280Z
jQuery Callbacks 2018-11-11T18:31:55.280Z
jQuery each 2018-11-11T18:31:55.281Z
jQuery Callbacks 2018-11-11T18:31:55.281Z
jQuery each 2018-11-11T18:31:55.282Z
jQuery Callbacks 2018-11-11T18:31:55.282Z
jQuery each 2018-11-11T18:31:55.282Z
jQuery each 2018-11-11T18:31:55.282Z
jQuery each 2018-11-11T18:31:55.282Z
jQuery each 2018-11-11T18:31:55.283Z
jQuery each 2018-11-11T18:31:55.283Z
jQuery each 2018-11-11T18:31:55.283Z
jQuery each 2018-11-11T18:31:55.283Z
jQuery extend 2018-11-11T18:31:55.284Z
jQuery Callbacks 2018-11-11T18:31:55.284Z
jQuery each 2018-11-11T18:31:55.285Z
jQuery extend 2018-11-11T18:31:55.285Z
jQuery each 2018-11-11T18:31:55.286Z
jQuery each 2018-11-11T18:31:55.286Z
jQuery each 2018-11-11T18:31:55.286Z
jQuery each 2018-11-11T18:31:55.286Z
jQuery each 2018-11-11T18:31:55.286Z
jQuery each 2018-11-11T18:31:55.286Z
jQuery each 2018-11-11T18:31:55.287Z
jQuery each 2018-11-11T18:31:55.288Z
jQuery each 2018-11-11T18:31:55.289Z
jQuery nodeName 2018-11-11T18:31:55.290Z
jQuery noConflict 2018-11-11T18:31:55.290Z
jQuery data 2018-11-11T18:31:55.290Z
jQuery unique 2018-11-11T18:31:55.291Z
jQuery isArray 2018-11-11T18:31:55.291Z
jQuery isPlainObject 2018-11-11T18:31:55.291Z
jQuery when 2018-11-11T18:31:55.291Z
jQuery Deferred 2018-11-11T18:31:55.291Z
jQuery Callbacks 2018-11-11T18:31:55.291Z
jQuery each 2018-11-11T18:31:55.292Z
jQuery Callbacks 2018-11-11T18:31:55.292Z
jQuery each 2018-11-11T18:31:55.292Z
jQuery Callbacks 2018-11-11T18:31:55.293Z
jQuery each 2018-11-11T18:31:55.293Z
jQuery Callbacks 2018-11-11T18:31:55.293Z
jQuery each 2018-11-11T18:31:55.293Z
jQuery Callbacks 2018-11-11T18:31:55.293Z
jQuery each 2018-11-11T18:31:55.294Z
jQuery Callbacks 2018-11-11T18:31:55.294Z
jQuery each 2018-11-11T18:31:55.294Z
jQuery each 2018-11-11T18:31:55.295Z
jQuery each 2018-11-11T18:31:55.295Z
jQuery each 2018-11-11T18:31:55.296Z
jQuery each 2018-11-11T18:31:55.296Z
jQuery each 2018-11-11T18:31:55.296Z
jQuery each 2018-11-11T18:31:55.296Z
jQuery extend 2018-11-11T18:31:55.296Z
jQuery each 2018-11-11T18:31:55.297Z
jQuery parseHTML 2018-11-11T18:31:55.297Z
jQuery text 2018-11-11T18:31:55.298Z
jQuery queue 2018-11-11T18:31:55.298Z
jQuery escapeSelector 2018-11-11T18:31:55.298Z
jQuery clone 2018-11-11T18:31:55.298Z
jQuery Animation 2018-11-11T18:31:55.299Z
jQuery Deferred 2018-11-11T18:31:55.300Z
jQuery Callbacks 2018-11-11T18:31:55.300Z
jQuery each 2018-11-11T18:31:55.300Z
jQuery Callbacks 2018-11-11T18:31:55.300Z
jQuery each 2018-11-11T18:31:55.301Z
jQuery Callbacks 2018-11-11T18:31:55.301Z
jQuery each 2018-11-11T18:31:55.301Z
jQuery Callbacks 2018-11-11T18:31:55.301Z
jQuery each 2018-11-11T18:31:55.301Z
jQuery Callbacks 2018-11-11T18:31:55.301Z
jQuery each 2018-11-11T18:31:55.302Z
jQuery Callbacks 2018-11-11T18:31:55.302Z
jQuery each 2018-11-11T18:31:55.302Z
jQuery each 2018-11-11T18:31:55.302Z
jQuery each 2018-11-11T18:31:55.302Z
jQuery each 2018-11-11T18:31:55.303Z
jQuery each 2018-11-11T18:31:55.303Z
jQuery each 2018-11-11T18:31:55.304Z
jQuery each 2018-11-11T18:31:55.304Z
jQuery extend 2018-11-11T18:31:55.304Z
jQuery each 2018-11-11T18:31:55.304Z
jQuery each 2018-11-11T18:31:55.305Z
jQuery each 2018-11-11T18:31:55.306Z
jQuery each 2018-11-11T18:31:55.306Z
jQuery extend 2018-11-11T18:31:55.306Z
jQuery extend 2018-11-11T18:31:55.306Z
window setTimeout 2018-11-11T18:31:55.306Z
jQuery Deferred 2018-11-11T18:31:55.306Z
jQuery Callbacks 2018-11-11T18:31:55.306Z
jQuery each 2018-11-11T18:31:55.306Z
jQuery Callbacks 2018-11-11T18:31:55.307Z
jQuery each 2018-11-11T18:31:55.307Z
jQuery Callbacks 2018-11-11T18:31:55.307Z
jQuery each 2018-11-11T18:31:55.307Z
jQuery Callbacks 2018-11-11T18:31:55.308Z
jQuery each 2018-11-11T18:31:55.309Z
jQuery Callbacks 2018-11-11T18:31:55.309Z
jQuery each 2018-11-11T18:31:55.309Z
jQuery Callbacks 2018-11-11T18:31:55.310Z
jQuery each 2018-11-11T18:31:55.310Z
jQuery each 2018-11-11T18:31:55.310Z
jQuery each 2018-11-11T18:31:55.310Z
jQuery each 2018-11-11T18:31:55.310Z
jQuery each 2018-11-11T18:31:55.311Z
jQuery each 2018-11-11T18:31:55.311Z
jQuery each 2018-11-11T18:31:55.312Z
jQuery extend 2018-11-11T18:31:55.312Z
jQuery style 2018-11-11T18:31:55.313Z
jQuery removeAttr 2018-11-11T18:31:55.313Z
jQuery map 2018-11-11T18:31:55.313Z
jQuery getScript 2018-11-11T18:31:55.313Z
jQuery get 2018-11-11T18:31:55.314Z
jQuery isPlainObject 2018-11-11T18:31:55.315Z
jQuery extend 2018-11-11T18:31:55.315Z
jQuery ajax 2018-11-11T18:31:55.315Z
jQuery ajaxSetup 2018-11-11T18:31:55.315Z
jQuery extend 2018-11-11T18:31:55.315Z
jQuery isPlainObject 2018-11-11T18:31:55.315Z
jQuery isPlainObject 2018-11-11T18:31:55.315Z
jQuery isPlainObject 2018-11-11T18:31:55.316Z
jQuery isPlainObject 2018-11-11T18:31:55.317Z
jQuery isPlainObject 2018-11-11T18:31:55.317Z
jQuery isPlainObject 2018-11-11T18:31:55.317Z
jQuery isPlainObject 2018-11-11T18:31:55.317Z
jQuery extend 2018-11-11T18:31:55.317Z
jQuery isPlainObject 2018-11-11T18:31:55.317Z
jQuery isPlainObject 2018-11-11T18:31:55.318Z
jQuery isPlainObject 2018-11-11T18:31:55.318Z
jQuery isPlainObject 2018-11-11T18:31:55.319Z
jQuery isPlainObject 2018-11-11T18:31:55.319Z
jQuery isPlainObject 2018-11-11T18:31:55.319Z
jQuery isPlainObject 2018-11-11T18:31:55.319Z
jQuery extend 2018-11-11T18:31:55.320Z
jQuery isPlainObject 2018-11-11T18:31:55.320Z
jQuery isPlainObject 2018-11-11T18:31:55.320Z
jQuery isPlainObject 2018-11-11T18:31:55.320Z
jQuery isPlainObject 2018-11-11T18:31:55.321Z
jQuery isPlainObject 2018-11-11T18:31:55.321Z
jQuery extend 2018-11-11T18:31:55.321Z
jQuery isPlainObject 2018-11-11T18:31:55.321Z
jQuery isPlainObject 2018-11-11T18:31:55.321Z
jQuery isPlainObject 2018-11-11T18:31:55.321Z
jQuery isPlainObject 2018-11-11T18:31:55.322Z
jQuery extend 2018-11-11T18:31:55.323Z
jQuery isPlainObject 2018-11-11T18:31:55.323Z
jQuery isPlainObject 2018-11-11T18:31:55.323Z
jQuery isPlainObject 2018-11-11T18:31:55.323Z
jQuery isPlainObject 2018-11-11T18:31:55.323Z
jQuery isPlainObject 2018-11-11T18:31:55.324Z
jQuery isPlainObject 2018-11-11T18:31:55.324Z
jQuery extend 2018-11-11T18:31:55.324Z
jQuery isPlainObject 2018-11-11T18:31:55.324Z
jQuery isPlainObject 2018-11-11T18:31:55.325Z
jQuery isPlainObject 2018-11-11T18:31:55.325Z
jQuery isPlainObject 2018-11-11T18:31:55.325Z
jQuery isPlainObject 2018-11-11T18:31:55.326Z
jQuery extend 2018-11-11T18:31:55.326Z
jQuery isPlainObject 2018-11-11T18:31:55.326Z
jQuery isPlainObject 2018-11-11T18:31:55.326Z
jQuery Deferred 2018-11-11T18:31:55.327Z
jQuery Callbacks 2018-11-11T18:31:55.327Z
jQuery each 2018-11-11T18:31:55.327Z
jQuery Callbacks 2018-11-11T18:31:55.327Z
jQuery each 2018-11-11T18:31:55.328Z
jQuery Callbacks 2018-11-11T18:31:55.328Z
jQuery each 2018-11-11T18:31:55.328Z
jQuery Callbacks 2018-11-11T18:31:55.328Z
jQuery each 2018-11-11T18:31:55.329Z
jQuery Callbacks 2018-11-11T18:31:55.329Z
jQuery each 2018-11-11T18:31:55.329Z
jQuery Callbacks 2018-11-11T18:31:55.330Z
jQuery each 2018-11-11T18:31:55.330Z
jQuery each 2018-11-11T18:31:55.330Z
jQuery each 2018-11-11T18:31:55.331Z
jQuery each 2018-11-11T18:31:55.331Z
jQuery each 2018-11-11T18:31:55.331Z
jQuery each 2018-11-11T18:31:55.331Z
jQuery each 2018-11-11T18:31:55.332Z
jQuery extend 2018-11-11T18:31:55.332Z
jQuery Callbacks 2018-11-11T18:31:55.332Z
jQuery each 2018-11-11T18:31:55.333Z
jQuery extend 2018-11-11T18:31:55.333Z
jQuery each 2018-11-11T18:31:55.334Z
jQuery each 2018-11-11T18:31:55.334Z
jQuery each 2018-11-11T18:31:55.334Z
jQuery each 2018-11-11T18:31:55.335Z
jQuery each 2018-11-11T18:31:55.335Z
jQuery each 2018-11-11T18:31:55.335Z
jQuery each 2018-11-11T18:31:55.336Z
jQuery Event 2018-11-11T18:31:55.336Z
jQuery makeArray 2018-11-11T18:31:55.336Z
jQuery merge 2018-11-11T18:31:55.336Z
jQuery post 2018-11-11T18:31:55.337Z
jQuery isPlainObject 2018-11-11T18:31:55.337Z
jQuery extend 2018-11-11T18:31:55.337Z
jQuery ajax 2018-11-11T18:31:55.337Z
jQuery ajaxSetup 2018-11-11T18:31:55.338Z
jQuery extend 2018-11-11T18:31:55.338Z
jQuery isPlainObject 2018-11-11T18:31:55.338Z
jQuery isPlainObject 2018-11-11T18:31:55.338Z
jQuery isPlainObject 2018-11-11T18:31:55.338Z
jQuery isPlainObject 2018-11-11T18:31:55.339Z
jQuery isPlainObject 2018-11-11T18:31:55.339Z
jQuery isPlainObject 2018-11-11T18:31:55.340Z
jQuery isPlainObject 2018-11-11T18:31:55.340Z
jQuery extend 2018-11-11T18:31:55.340Z
jQuery isPlainObject 2018-11-11T18:31:55.340Z
jQuery isPlainObject 2018-11-11T18:31:55.341Z
jQuery isPlainObject 2018-11-11T18:31:55.341Z
jQuery isPlainObject 2018-11-11T18:31:55.341Z
jQuery isPlainObject 2018-11-11T18:31:55.341Z
jQuery isPlainObject 2018-11-11T18:31:55.342Z
jQuery isPlainObject 2018-11-11T18:31:55.342Z
jQuery extend 2018-11-11T18:31:55.342Z
jQuery isPlainObject 2018-11-11T18:31:55.342Z
jQuery isPlainObject 2018-11-11T18:31:55.343Z
jQuery isPlainObject 2018-11-11T18:31:55.343Z
jQuery isPlainObject 2018-11-11T18:31:55.343Z
jQuery isPlainObject 2018-11-11T18:31:55.343Z
jQuery extend 2018-11-11T18:31:55.343Z
jQuery isPlainObject 2018-11-11T18:31:55.344Z
jQuery isPlainObject 2018-11-11T18:31:55.344Z
jQuery isPlainObject 2018-11-11T18:31:55.344Z
jQuery isPlainObject 2018-11-11T18:31:55.344Z
jQuery extend 2018-11-11T18:31:55.345Z
jQuery isPlainObject 2018-11-11T18:31:55.345Z
jQuery isPlainObject 2018-11-11T18:31:55.345Z
jQuery isPlainObject 2018-11-11T18:31:55.346Z
jQuery isPlainObject 2018-11-11T18:31:55.346Z
jQuery isPlainObject 2018-11-11T18:31:55.346Z
jQuery isPlainObject 2018-11-11T18:31:55.346Z
jQuery extend 2018-11-11T18:31:55.347Z
jQuery isPlainObject 2018-11-11T18:31:55.347Z
jQuery isPlainObject 2018-11-11T18:31:55.347Z
jQuery isPlainObject 2018-11-11T18:31:55.347Z
jQuery isPlainObject 2018-11-11T18:31:55.348Z
jQuery isPlainObject 2018-11-11T18:31:55.348Z
jQuery extend 2018-11-11T18:31:55.348Z
jQuery isPlainObject 2018-11-11T18:31:55.348Z
jQuery Deferred 2018-11-11T18:31:55.349Z
jQuery Callbacks 2018-11-11T18:31:55.349Z
jQuery each 2018-11-11T18:31:55.349Z
jQuery Callbacks 2018-11-11T18:31:55.350Z
jQuery each 2018-11-11T18:31:55.350Z
jQuery Callbacks 2018-11-11T18:31:55.351Z
jQuery each 2018-11-11T18:31:55.351Z
jQuery Callbacks 2018-11-11T18:31:55.351Z
jQuery each 2018-11-11T18:31:55.351Z
jQuery Callbacks 2018-11-11T18:31:55.351Z
jQuery each 2018-11-11T18:31:55.351Z
jQuery Callbacks 2018-11-11T18:31:55.351Z
jQuery each 2018-11-11T18:31:55.352Z
jQuery each 2018-11-11T18:31:55.352Z
jQuery each 2018-11-11T18:31:55.353Z
jQuery each 2018-11-11T18:31:55.353Z
jQuery each 2018-11-11T18:31:55.353Z
jQuery each 2018-11-11T18:31:55.353Z
jQuery each 2018-11-11T18:31:55.353Z
jQuery extend 2018-11-11T18:31:55.353Z
jQuery Callbacks 2018-11-11T18:31:55.354Z
jQuery each 2018-11-11T18:31:55.354Z
jQuery extend 2018-11-11T18:31:55.355Z
jQuery each 2018-11-11T18:31:55.355Z
jQuery each 2018-11-11T18:31:55.356Z
jQuery each 2018-11-11T18:31:55.356Z
jQuery each 2018-11-11T18:31:55.357Z
jQuery each 2018-11-11T18:31:55.357Z
jQuery Event 2018-11-11T18:31:55.358Z
jQuery makeArray 2018-11-11T18:31:55.358Z
jQuery merge 2018-11-11T18:31:55.359Z
jQuery grep 2018-11-11T18:31:55.359Z
jQuery removeData 2018-11-11T18:31:55.359Z
jQuery _data 2018-11-11T18:31:55.360Z
jQuery inArray 2018-11-11T18:31:55.360Z
jQuery isEmptyObject 2018-11-11T18:31:55.360Z
jQuery error 2018-11-11T18:31:55.360Z
jQuery now 2018-11-11T18:31:55.361Z
jQuery attr 2018-11-11T18:31:55.362Z
jQuery find 2018-11-11T18:31:55.362Z
jQuery extend 2018-11-11T18:31:55.362Z
jQuery css 2018-11-11T18:31:55.362Z
jQuery globalEval 2018-11-11T18:31:55.363Z
jQuery fx 2018-11-11T18:31:55.363Z
jQuery ajax 2018-11-11T18:31:55.364Z
jQuery ajaxSetup 2018-11-11T18:31:55.364Z
jQuery extend 2018-11-11T18:31:55.364Z
jQuery isPlainObject 2018-11-11T18:31:55.364Z
jQuery isPlainObject 2018-11-11T18:31:55.365Z
jQuery isPlainObject 2018-11-11T18:31:55.365Z
jQuery isPlainObject 2018-11-11T18:31:55.365Z
jQuery isPlainObject 2018-11-11T18:31:55.365Z
jQuery isPlainObject 2018-11-11T18:31:55.365Z
jQuery isPlainObject 2018-11-11T18:31:55.366Z
jQuery extend 2018-11-11T18:31:55.366Z
jQuery isPlainObject 2018-11-11T18:31:55.366Z
jQuery isPlainObject 2018-11-11T18:31:55.366Z
jQuery isPlainObject 2018-11-11T18:31:55.366Z
jQuery isPlainObject 2018-11-11T18:31:55.367Z
jQuery isPlainObject 2018-11-11T18:31:55.367Z
jQuery isPlainObject 2018-11-11T18:31:55.367Z
jQuery isPlainObject 2018-11-11T18:31:55.368Z
jQuery extend 2018-11-11T18:31:55.368Z
jQuery isPlainObject 2018-11-11T18:31:55.368Z
jQuery isPlainObject 2018-11-11T18:31:55.368Z
jQuery isPlainObject 2018-11-11T18:31:55.369Z
jQuery isPlainObject 2018-11-11T18:31:55.370Z
jQuery isPlainObject 2018-11-11T18:31:55.370Z
jQuery extend 2018-11-11T18:31:55.370Z
jQuery isPlainObject 2018-11-11T18:31:55.370Z
jQuery isPlainObject 2018-11-11T18:31:55.370Z
jQuery isPlainObject 2018-11-11T18:31:55.371Z
jQuery isPlainObject 2018-11-11T18:31:55.371Z
jQuery extend 2018-11-11T18:31:55.371Z
jQuery isPlainObject 2018-11-11T18:31:55.371Z
jQuery isPlainObject 2018-11-11T18:31:55.372Z
jQuery isPlainObject 2018-11-11T18:31:55.372Z
jQuery isPlainObject 2018-11-11T18:31:55.372Z
jQuery isPlainObject 2018-11-11T18:31:55.373Z
jQuery isPlainObject 2018-11-11T18:31:55.373Z
jQuery extend 2018-11-11T18:31:55.373Z
jQuery isPlainObject 2018-11-11T18:31:55.373Z
jQuery isPlainObject 2018-11-11T18:31:55.374Z
jQuery isPlainObject 2018-11-11T18:31:55.374Z
jQuery isPlainObject 2018-11-11T18:31:55.374Z
jQuery isPlainObject 2018-11-11T18:31:55.375Z
jQuery Deferred 2018-11-11T18:31:55.375Z
jQuery Callbacks 2018-11-11T18:31:55.375Z
jQuery each 2018-11-11T18:31:55.375Z
jQuery Callbacks 2018-11-11T18:31:55.376Z
jQuery each 2018-11-11T18:31:55.376Z
jQuery Callbacks 2018-11-11T18:31:55.376Z
jQuery each 2018-11-11T18:31:55.376Z
jQuery Callbacks 2018-11-11T18:31:55.377Z
jQuery each 2018-11-11T18:31:55.377Z
jQuery Callbacks 2018-11-11T18:31:55.377Z
jQuery each 2018-11-11T18:31:55.377Z
jQuery Callbacks 2018-11-11T18:31:55.378Z
jQuery each 2018-11-11T18:31:55.378Z
jQuery each 2018-11-11T18:31:55.378Z
jQuery each 2018-11-11T18:31:55.379Z
jQuery each 2018-11-11T18:31:55.379Z
jQuery each 2018-11-11T18:31:55.380Z
jQuery each 2018-11-11T18:31:55.380Z
jQuery each 2018-11-11T18:31:55.380Z
jQuery extend 2018-11-11T18:31:55.380Z
jQuery Callbacks 2018-11-11T18:31:55.381Z
jQuery each 2018-11-11T18:31:55.381Z
jQuery extend 2018-11-11T18:31:55.382Z
jQuery each 2018-11-11T18:31:55.382Z
jQuery each 2018-11-11T18:31:55.382Z
jQuery each 2018-11-11T18:31:55.382Z
jQuery each 2018-11-11T18:31:55.382Z
jQuery each 2018-11-11T18:31:55.383Z
jQuery Event 2018-11-11T18:31:55.384Z
jQuery makeArray 2018-11-11T18:31:55.384Z
jQuery merge 2018-11-11T18:31:55.384Z
jQuery isFunction 2018-11-11T18:31:55.385Z
jQuery contains 2018-11-11T18:31:55.385Z
jQuery ajaxSetup 2018-11-11T18:31:55.385Z
jQuery uniqueSort 2018-11-11T18:31:55.386Z
jQuery dequeue 2018-11-11T18:31:55.386Z
jQuery queue 2018-11-11T18:31:55.386Z
jQuery _queueHooks 2018-11-11T18:31:55.386Z
jQuery camelCase 2018-11-11T18:31:55.387Z
jQuery filter 2018-11-11T18:31:55.387Z
jQuery _removeData 2018-11-11T18:31:55.388Z
jQuery Callbacks 2018-11-11T18:31:55.388Z
jQuery extend 2018-11-11T18:31:55.388Z
jQuery each 2018-11-11T18:31:55.388Z
jQuery removeEvent 2018-11-11T18:31:55.388Z
jQuery makeArray 2018-11-11T18:31:55.388Z
jQuery hasData 2018-11-11T18:31:55.388Z
jQuery Event 2018-11-11T18:31:55.389Z
jQuery Event 2018-11-11T18:31:55.389Z
jQuery param 2018-11-11T18:31:55.389Z
jQuery noop 2018-11-11T18:31:55.390Z
jQuery readyException 2018-11-11T18:31:55.390Z
window setTimeout 2018-11-11T18:31:55.390Z
jQuery ready 2018-11-11T18:31:55.391Z
jQuery type 2018-11-11T18:31:55.391Z
jQuery Tween 2018-11-11T18:31:55.392Z
jQuery trim 2018-11-11T18:31:55.392Z
jQuery noop 2018-11-11T18:32:59.216Z
jQuery isArray 2018-11-11T18:32:59.217Z
jQuery grep 2018-11-11T18:32:59.218Z
jQuery clone 2018-11-11T18:32:59.218Z
jQuery isFunction 2018-11-11T18:32:59.219Z
jQuery holdReady 2018-11-11T18:32:59.220Z
jQuery ready 2018-11-11T18:32:59.220Z
jQuery post 2018-11-11T18:32:59.221Z
jQuery isPlainObject 2018-11-11T18:32:59.221Z
jQuery extend 2018-11-11T18:32:59.222Z
jQuery ajax 2018-11-11T18:32:59.223Z
jQuery ajaxSetup 2018-11-11T18:32:59.223Z
jQuery extend 2018-11-11T18:32:59.224Z
jQuery isPlainObject 2018-11-11T18:32:59.224Z
jQuery isPlainObject 2018-11-11T18:32:59.225Z
jQuery isPlainObject 2018-11-11T18:32:59.226Z
jQuery isPlainObject 2018-11-11T18:32:59.227Z
jQuery isPlainObject 2018-11-11T18:32:59.228Z
jQuery isPlainObject 2018-11-11T18:32:59.228Z
jQuery isPlainObject 2018-11-11T18:32:59.229Z
jQuery extend 2018-11-11T18:32:59.229Z
jQuery isPlainObject 2018-11-11T18:32:59.230Z
jQuery isPlainObject 2018-11-11T18:32:59.230Z
jQuery isPlainObject 2018-11-11T18:32:59.231Z
jQuery isPlainObject 2018-11-11T18:32:59.231Z
jQuery isPlainObject 2018-11-11T18:32:59.232Z
jQuery isPlainObject 2018-11-11T18:32:59.233Z
jQuery isPlainObject 2018-11-11T18:32:59.233Z
jQuery extend 2018-11-11T18:32:59.234Z
jQuery isPlainObject 2018-11-11T18:32:59.234Z
jQuery isPlainObject 2018-11-11T18:32:59.235Z
jQuery isPlainObject 2018-11-11T18:32:59.235Z
jQuery isPlainObject 2018-11-11T18:32:59.236Z
jQuery isPlainObject 2018-11-11T18:32:59.236Z
jQuery extend 2018-11-11T18:32:59.236Z
jQuery isPlainObject 2018-11-11T18:32:59.237Z
jQuery isPlainObject 2018-11-11T18:32:59.237Z
jQuery isPlainObject 2018-11-11T18:32:59.238Z
jQuery isPlainObject 2018-11-11T18:32:59.238Z
jQuery extend 2018-11-11T18:32:59.239Z
jQuery isPlainObject 2018-11-11T18:32:59.240Z
jQuery isPlainObject 2018-11-11T18:32:59.240Z
jQuery isPlainObject 2018-11-11T18:32:59.241Z
jQuery isPlainObject 2018-11-11T18:32:59.241Z
jQuery isPlainObject 2018-11-11T18:32:59.242Z
jQuery isPlainObject 2018-11-11T18:32:59.242Z
jQuery extend 2018-11-11T18:32:59.243Z
jQuery isPlainObject 2018-11-11T18:32:59.243Z
jQuery isPlainObject 2018-11-11T18:32:59.244Z
jQuery isPlainObject 2018-11-11T18:32:59.245Z
jQuery isPlainObject 2018-11-11T18:32:59.246Z
jQuery isPlainObject 2018-11-11T18:32:59.246Z
jQuery extend 2018-11-11T18:32:59.247Z
jQuery isPlainObject 2018-11-11T18:32:59.247Z
jQuery Deferred 2018-11-11T18:32:59.248Z
jQuery Callbacks 2018-11-11T18:32:59.249Z
jQuery each 2018-11-11T18:32:59.250Z
jQuery Callbacks 2018-11-11T18:32:59.252Z
jQuery each 2018-11-11T18:32:59.252Z
jQuery Callbacks 2018-11-11T18:32:59.252Z
jQuery each 2018-11-11T18:32:59.253Z
jQuery Callbacks 2018-11-11T18:32:59.253Z
jQuery each 2018-11-11T18:32:59.253Z
jQuery Callbacks 2018-11-11T18:32:59.255Z
jQuery each 2018-11-11T18:32:59.255Z
jQuery Callbacks 2018-11-11T18:32:59.256Z
jQuery each 2018-11-11T18:32:59.256Z
jQuery each 2018-11-11T18:32:59.256Z
jQuery each 2018-11-11T18:32:59.256Z
jQuery each 2018-11-11T18:32:59.257Z
jQuery each 2018-11-11T18:32:59.257Z
jQuery each 2018-11-11T18:32:59.258Z
jQuery each 2018-11-11T18:32:59.258Z
jQuery extend 2018-11-11T18:32:59.258Z
jQuery Callbacks 2018-11-11T18:32:59.258Z
jQuery each 2018-11-11T18:32:59.259Z
jQuery extend 2018-11-11T18:32:59.259Z
jQuery each 2018-11-11T18:32:59.259Z
jQuery each 2018-11-11T18:32:59.260Z
jQuery each 2018-11-11T18:32:59.260Z
jQuery each 2018-11-11T18:32:59.261Z
jQuery each 2018-11-11T18:32:59.261Z
jQuery Event 2018-11-11T18:32:59.262Z
jQuery makeArray 2018-11-11T18:32:59.262Z
jQuery merge 2018-11-11T18:32:59.262Z
jQuery _queueHooks 2018-11-11T18:32:59.263Z
jQuery error 2018-11-11T18:32:59.263Z
jQuery queue 2018-11-11T18:32:59.263Z
jQuery param 2018-11-11T18:32:59.264Z
jQuery isXMLDoc 2018-11-11T18:32:59.264Z
jQuery hasData 2018-11-11T18:32:59.264Z
jQuery css 2018-11-11T18:32:59.264Z
jQuery camelCase 2018-11-11T18:32:59.264Z
jQuery noConflict 2018-11-11T18:32:59.264Z
jQuery filter 2018-11-11T18:32:59.264Z
jQuery type 2018-11-11T18:32:59.265Z
jQuery when 2018-11-11T18:32:59.265Z
jQuery Deferred 2018-11-11T18:32:59.265Z
jQuery Callbacks 2018-11-11T18:32:59.265Z
jQuery each 2018-11-11T18:32:59.265Z
jQuery Callbacks 2018-11-11T18:32:59.266Z
jQuery each 2018-11-11T18:32:59.266Z
jQuery Callbacks 2018-11-11T18:32:59.266Z
jQuery each 2018-11-11T18:32:59.267Z
jQuery Callbacks 2018-11-11T18:32:59.267Z
jQuery each 2018-11-11T18:32:59.267Z
jQuery Callbacks 2018-11-11T18:32:59.267Z
jQuery each 2018-11-11T18:32:59.268Z
jQuery Callbacks 2018-11-11T18:32:59.268Z
jQuery each 2018-11-11T18:32:59.268Z
jQuery each 2018-11-11T18:32:59.269Z
jQuery each 2018-11-11T18:32:59.269Z
jQuery each 2018-11-11T18:32:59.270Z
jQuery each 2018-11-11T18:32:59.270Z
jQuery each 2018-11-11T18:32:59.270Z
jQuery each 2018-11-11T18:32:59.271Z
jQuery extend 2018-11-11T18:32:59.271Z
jQuery each 2018-11-11T18:32:59.271Z
jQuery Animation 2018-11-11T18:32:59.272Z
jQuery Deferred 2018-11-11T18:32:59.272Z
jQuery Callbacks 2018-11-11T18:32:59.272Z
jQuery each 2018-11-11T18:32:59.272Z
jQuery Callbacks 2018-11-11T18:32:59.272Z
jQuery each 2018-11-11T18:32:59.272Z
jQuery Callbacks 2018-11-11T18:32:59.273Z
jQuery each 2018-11-11T18:32:59.273Z
jQuery Callbacks 2018-11-11T18:32:59.273Z
jQuery each 2018-11-11T18:32:59.274Z
jQuery Callbacks 2018-11-11T18:32:59.274Z
jQuery each 2018-11-11T18:32:59.274Z
jQuery Callbacks 2018-11-11T18:32:59.274Z
jQuery each 2018-11-11T18:32:59.275Z
jQuery each 2018-11-11T18:32:59.275Z
jQuery each 2018-11-11T18:32:59.275Z
jQuery each 2018-11-11T18:32:59.275Z
jQuery each 2018-11-11T18:32:59.276Z
jQuery each 2018-11-11T18:32:59.276Z
jQuery each 2018-11-11T18:32:59.276Z
jQuery extend 2018-11-11T18:32:59.276Z
jQuery each 2018-11-11T18:32:59.277Z
jQuery each 2018-11-11T18:32:59.277Z
jQuery each 2018-11-11T18:32:59.278Z
jQuery each 2018-11-11T18:32:59.278Z
jQuery extend 2018-11-11T18:32:59.278Z
jQuery extend 2018-11-11T18:32:59.278Z
window setTimeout 2018-11-11T18:32:59.279Z
jQuery map 2018-11-11T18:32:59.280Z
jQuery Deferred 2018-11-11T18:32:59.280Z
jQuery Callbacks 2018-11-11T18:32:59.280Z
jQuery each 2018-11-11T18:32:59.280Z
jQuery Callbacks 2018-11-11T18:32:59.280Z
jQuery each 2018-11-11T18:32:59.280Z
jQuery Callbacks 2018-11-11T18:32:59.280Z
jQuery each 2018-11-11T18:32:59.280Z
jQuery Callbacks 2018-11-11T18:32:59.281Z
jQuery each 2018-11-11T18:32:59.281Z
jQuery Callbacks 2018-11-11T18:32:59.281Z
jQuery each 2018-11-11T18:32:59.281Z
jQuery Callbacks 2018-11-11T18:32:59.281Z
jQuery each 2018-11-11T18:32:59.282Z
jQuery each 2018-11-11T18:32:59.282Z
jQuery each 2018-11-11T18:32:59.283Z
jQuery each 2018-11-11T18:32:59.283Z
jQuery each 2018-11-11T18:32:59.283Z
jQuery each 2018-11-11T18:32:59.284Z
jQuery each 2018-11-11T18:32:59.284Z
jQuery extend 2018-11-11T18:32:59.284Z
jQuery isWindow 2018-11-11T18:32:59.285Z
jQuery htmlPrefilter 2018-11-11T18:32:59.285Z
jQuery data 2018-11-11T18:32:59.285Z
jQuery getJSON 2018-11-11T18:32:59.285Z
jQuery get 2018-11-11T18:32:59.286Z
jQuery isPlainObject 2018-11-11T18:32:59.286Z
jQuery extend 2018-11-11T18:32:59.286Z
jQuery ajax 2018-11-11T18:32:59.287Z
jQuery ajaxSetup 2018-11-11T18:32:59.287Z
jQuery extend 2018-11-11T18:32:59.287Z
jQuery isPlainObject 2018-11-11T18:32:59.287Z
jQuery isPlainObject 2018-11-11T18:32:59.287Z
jQuery isPlainObject 2018-11-11T18:32:59.287Z
jQuery isPlainObject 2018-11-11T18:32:59.288Z
jQuery isPlainObject 2018-11-11T18:32:59.288Z
jQuery isPlainObject 2018-11-11T18:32:59.288Z
jQuery isPlainObject 2018-11-11T18:32:59.288Z
jQuery extend 2018-11-11T18:32:59.289Z
jQuery isPlainObject 2018-11-11T18:32:59.290Z
jQuery isPlainObject 2018-11-11T18:32:59.290Z
jQuery isPlainObject 2018-11-11T18:32:59.290Z
jQuery isPlainObject 2018-11-11T18:32:59.290Z
jQuery isPlainObject 2018-11-11T18:32:59.290Z
jQuery isPlainObject 2018-11-11T18:32:59.291Z
jQuery isPlainObject 2018-11-11T18:32:59.291Z
jQuery extend 2018-11-11T18:32:59.292Z
jQuery isPlainObject 2018-11-11T18:32:59.292Z
jQuery isPlainObject 2018-11-11T18:32:59.292Z
jQuery isPlainObject 2018-11-11T18:32:59.292Z
jQuery isPlainObject 2018-11-11T18:32:59.293Z
jQuery isPlainObject 2018-11-11T18:32:59.295Z
jQuery extend 2018-11-11T18:32:59.296Z
jQuery isPlainObject 2018-11-11T18:32:59.296Z
jQuery isPlainObject 2018-11-11T18:32:59.297Z
jQuery isPlainObject 2018-11-11T18:32:59.298Z
jQuery isPlainObject 2018-11-11T18:32:59.298Z
jQuery extend 2018-11-11T18:32:59.298Z
jQuery isPlainObject 2018-11-11T18:32:59.299Z
jQuery isPlainObject 2018-11-11T18:32:59.299Z
jQuery isPlainObject 2018-11-11T18:32:59.300Z
jQuery isPlainObject 2018-11-11T18:32:59.300Z
jQuery isPlainObject 2018-11-11T18:32:59.300Z
jQuery isPlainObject 2018-11-11T18:32:59.301Z
jQuery extend 2018-11-11T18:32:59.301Z
jQuery isPlainObject 2018-11-11T18:32:59.302Z
jQuery isPlainObject 2018-11-11T18:32:59.302Z
jQuery isPlainObject 2018-11-11T18:32:59.302Z
jQuery isPlainObject 2018-11-11T18:32:59.302Z
jQuery isPlainObject 2018-11-11T18:32:59.303Z
jQuery extend 2018-11-11T18:32:59.305Z
jQuery isPlainObject 2018-11-11T18:32:59.306Z
jQuery isPlainObject 2018-11-11T18:32:59.306Z
jQuery Deferred 2018-11-11T18:32:59.306Z
jQuery Callbacks 2018-11-11T18:32:59.306Z
jQuery each 2018-11-11T18:32:59.307Z
jQuery Callbacks 2018-11-11T18:32:59.307Z
jQuery each 2018-11-11T18:32:59.308Z
jQuery Callbacks 2018-11-11T18:32:59.308Z
jQuery each 2018-11-11T18:32:59.308Z
jQuery Callbacks 2018-11-11T18:32:59.309Z
jQuery each 2018-11-11T18:32:59.309Z
jQuery Callbacks 2018-11-11T18:32:59.309Z
jQuery each 2018-11-11T18:32:59.310Z
jQuery Callbacks 2018-11-11T18:32:59.310Z
jQuery each 2018-11-11T18:32:59.310Z
jQuery each 2018-11-11T18:32:59.310Z
jQuery each 2018-11-11T18:32:59.312Z
jQuery each 2018-11-11T18:32:59.312Z
jQuery each 2018-11-11T18:32:59.314Z
jQuery each 2018-11-11T18:32:59.314Z
jQuery each 2018-11-11T18:32:59.314Z
jQuery extend 2018-11-11T18:32:59.315Z
jQuery Callbacks 2018-11-11T18:32:59.315Z
jQuery each 2018-11-11T18:32:59.315Z
jQuery extend 2018-11-11T18:32:59.317Z
jQuery each 2018-11-11T18:32:59.318Z
jQuery each 2018-11-11T18:32:59.319Z
jQuery each 2018-11-11T18:32:59.320Z
jQuery each 2018-11-11T18:32:59.320Z
jQuery each 2018-11-11T18:32:59.320Z
jQuery each 2018-11-11T18:32:59.320Z
jQuery each 2018-11-11T18:32:59.320Z
jQuery Event 2018-11-11T18:32:59.321Z
jQuery makeArray 2018-11-11T18:32:59.322Z
jQuery merge 2018-11-11T18:32:59.322Z
jQuery ajax 2018-11-11T18:32:59.323Z
jQuery ajaxSetup 2018-11-11T18:32:59.323Z
jQuery extend 2018-11-11T18:32:59.323Z
jQuery isPlainObject 2018-11-11T18:32:59.323Z
jQuery isPlainObject 2018-11-11T18:32:59.324Z
jQuery isPlainObject 2018-11-11T18:32:59.324Z
jQuery isPlainObject 2018-11-11T18:32:59.324Z
jQuery isPlainObject 2018-11-11T18:32:59.324Z
jQuery isPlainObject 2018-11-11T18:32:59.325Z
jQuery isPlainObject 2018-11-11T18:32:59.325Z
jQuery extend 2018-11-11T18:32:59.326Z
jQuery isPlainObject 2018-11-11T18:32:59.326Z
jQuery isPlainObject 2018-11-11T18:32:59.326Z
jQuery isPlainObject 2018-11-11T18:32:59.326Z
jQuery isPlainObject 2018-11-11T18:32:59.326Z
jQuery isPlainObject 2018-11-11T18:32:59.327Z
jQuery isPlainObject 2018-11-11T18:32:59.327Z
jQuery isPlainObject 2018-11-11T18:32:59.327Z
jQuery extend 2018-11-11T18:32:59.327Z
jQuery isPlainObject 2018-11-11T18:32:59.328Z
jQuery isPlainObject 2018-11-11T18:32:59.328Z
jQuery isPlainObject 2018-11-11T18:32:59.329Z
jQuery isPlainObject 2018-11-11T18:32:59.329Z
jQuery isPlainObject 2018-11-11T18:32:59.329Z
jQuery extend 2018-11-11T18:32:59.329Z
jQuery isPlainObject 2018-11-11T18:32:59.329Z
jQuery isPlainObject 2018-11-11T18:32:59.330Z
jQuery isPlainObject 2018-11-11T18:32:59.330Z
jQuery isPlainObject 2018-11-11T18:32:59.330Z
jQuery extend 2018-11-11T18:32:59.330Z
jQuery isPlainObject 2018-11-11T18:32:59.330Z
jQuery isPlainObject 2018-11-11T18:32:59.331Z
jQuery isPlainObject 2018-11-11T18:32:59.332Z
jQuery isPlainObject 2018-11-11T18:32:59.332Z
jQuery isPlainObject 2018-11-11T18:32:59.332Z
jQuery isPlainObject 2018-11-11T18:32:59.333Z
jQuery extend 2018-11-11T18:32:59.333Z
jQuery isPlainObject 2018-11-11T18:32:59.333Z
jQuery isPlainObject 2018-11-11T18:32:59.333Z
jQuery isPlainObject 2018-11-11T18:32:59.334Z
jQuery isPlainObject 2018-11-11T18:32:59.334Z
jQuery isPlainObject 2018-11-11T18:32:59.334Z
jQuery Deferred 2018-11-11T18:32:59.334Z
jQuery Callbacks 2018-11-11T18:32:59.334Z
jQuery each 2018-11-11T18:32:59.335Z
jQuery Callbacks 2018-11-11T18:32:59.335Z
jQuery each 2018-11-11T18:32:59.336Z
jQuery Callbacks 2018-11-11T18:32:59.336Z
jQuery each 2018-11-11T18:32:59.336Z
jQuery Callbacks 2018-11-11T18:32:59.336Z
jQuery each 2018-11-11T18:32:59.337Z
jQuery Callbacks 2018-11-11T18:32:59.337Z
jQuery each 2018-11-11T18:32:59.338Z
jQuery Callbacks 2018-11-11T18:32:59.338Z
jQuery each 2018-11-11T18:32:59.338Z
jQuery each 2018-11-11T18:32:59.338Z
jQuery each 2018-11-11T18:32:59.338Z
jQuery each 2018-11-11T18:32:59.339Z
jQuery each 2018-11-11T18:32:59.339Z
jQuery each 2018-11-11T18:32:59.340Z
jQuery each 2018-11-11T18:32:59.340Z
jQuery extend 2018-11-11T18:32:59.340Z
jQuery Callbacks 2018-11-11T18:32:59.341Z
jQuery each 2018-11-11T18:32:59.341Z
jQuery extend 2018-11-11T18:32:59.341Z
jQuery each 2018-11-11T18:32:59.342Z
jQuery each 2018-11-11T18:32:59.343Z
jQuery each 2018-11-11T18:32:59.343Z
jQuery each 2018-11-11T18:32:59.343Z
jQuery each 2018-11-11T18:32:59.343Z
jQuery Event 2018-11-11T18:32:59.344Z
jQuery makeArray 2018-11-11T18:32:59.344Z
jQuery merge 2018-11-11T18:32:59.345Z
jQuery contains 2018-11-11T18:32:59.345Z
jQuery Tween 2018-11-11T18:32:59.345Z
jQuery _data 2018-11-11T18:32:59.346Z
jQuery dequeue 2018-11-11T18:32:59.346Z
jQuery queue 2018-11-11T18:32:59.346Z
jQuery now 2018-11-11T18:32:59.346Z
jQuery attr 2018-11-11T18:32:59.347Z
jQuery isEmptyObject 2018-11-11T18:32:59.347Z
jQuery Event 2018-11-11T18:32:59.348Z
jQuery Event 2018-11-11T18:32:59.348Z
jQuery speed 2018-11-11T18:32:59.348Z
jQuery ajaxTransport 2018-11-11T18:32:59.348Z
jQuery text 2018-11-11T18:32:59.348Z
jQuery merge 2018-11-11T18:32:59.348Z
jQuery Callbacks 2018-11-11T18:32:59.349Z
jQuery extend 2018-11-11T18:32:59.349Z
jQuery readyException 2018-11-11T18:32:59.349Z
window setTimeout 2018-11-11T18:32:59.349Z
jQuery _evalUrl 2018-11-11T18:32:59.349Z
jQuery ajax 2018-11-11T18:32:59.350Z
jQuery ajaxSetup 2018-11-11T18:32:59.350Z
jQuery extend 2018-11-11T18:32:59.351Z
jQuery isPlainObject 2018-11-11T18:32:59.352Z
jQuery isPlainObject 2018-11-11T18:32:59.352Z
jQuery isPlainObject 2018-11-11T18:32:59.353Z
jQuery isPlainObject 2018-11-11T18:32:59.353Z
jQuery isPlainObject 2018-11-11T18:32:59.354Z
jQuery isPlainObject 2018-11-11T18:32:59.354Z
jQuery isPlainObject 2018-11-11T18:32:59.354Z
jQuery extend 2018-11-11T18:32:59.354Z
jQuery isPlainObject 2018-11-11T18:32:59.355Z
jQuery isPlainObject 2018-11-11T18:32:59.355Z
jQuery isPlainObject 2018-11-11T18:32:59.355Z
jQuery isPlainObject 2018-11-11T18:32:59.356Z
jQuery isPlainObject 2018-11-11T18:32:59.356Z
jQuery isPlainObject 2018-11-11T18:32:59.356Z
jQuery isPlainObject 2018-11-11T18:32:59.356Z
jQuery extend 2018-11-11T18:32:59.356Z
jQuery isPlainObject 2018-11-11T18:32:59.357Z
jQuery isPlainObject 2018-11-11T18:32:59.357Z
jQuery isPlainObject 2018-11-11T18:32:59.358Z
jQuery isPlainObject 2018-11-11T18:32:59.358Z
jQuery isPlainObject 2018-11-11T18:32:59.358Z
jQuery extend 2018-11-11T18:32:59.359Z
jQuery isPlainObject 2018-11-11T18:32:59.359Z
jQuery isPlainObject 2018-11-11T18:32:59.359Z
jQuery isPlainObject 2018-11-11T18:32:59.360Z
jQuery isPlainObject 2018-11-11T18:32:59.360Z
jQuery extend 2018-11-11T18:32:59.360Z
jQuery isPlainObject 2018-11-11T18:32:59.361Z
jQuery isPlainObject 2018-11-11T18:32:59.361Z
jQuery isPlainObject 2018-11-11T18:32:59.361Z
jQuery isPlainObject 2018-11-11T18:32:59.362Z
jQuery isPlainObject 2018-11-11T18:32:59.362Z
jQuery isPlainObject 2018-11-11T18:32:59.362Z
jQuery extend 2018-11-11T18:32:59.362Z
jQuery isPlainObject 2018-11-11T18:32:59.363Z
jQuery isPlainObject 2018-11-11T18:32:59.363Z
jQuery isPlainObject 2018-11-11T18:32:59.364Z
jQuery isPlainObject 2018-11-11T18:32:59.364Z
jQuery isPlainObject 2018-11-11T18:32:59.364Z
jQuery extend 2018-11-11T18:32:59.364Z
jQuery isPlainObject 2018-11-11T18:32:59.364Z
jQuery isPlainObject 2018-11-11T18:32:59.365Z
jQuery isPlainObject 2018-11-11T18:32:59.365Z
jQuery isPlainObject 2018-11-11T18:32:59.366Z
jQuery Deferred 2018-11-11T18:32:59.366Z
jQuery Callbacks 2018-11-11T18:32:59.366Z
jQuery each 2018-11-11T18:32:59.366Z
jQuery Callbacks 2018-11-11T18:32:59.367Z
jQuery each 2018-11-11T18:32:59.367Z
jQuery Callbacks 2018-11-11T18:32:59.367Z
jQuery each 2018-11-11T18:32:59.367Z
jQuery Callbacks 2018-11-11T18:32:59.368Z
jQuery each 2018-11-11T18:32:59.368Z
jQuery Callbacks 2018-11-11T18:32:59.369Z
jQuery each 2018-11-11T18:32:59.369Z
jQuery Callbacks 2018-11-11T18:32:59.369Z
jQuery each 2018-11-11T18:32:59.369Z
jQuery each 2018-11-11T18:32:59.370Z
jQuery each 2018-11-11T18:32:59.370Z
jQuery each 2018-11-11T18:32:59.370Z
jQuery each 2018-11-11T18:32:59.371Z
jQuery each 2018-11-11T18:32:59.371Z
jQuery each 2018-11-11T18:32:59.371Z
jQuery extend 2018-11-11T18:32:59.371Z
jQuery Callbacks 2018-11-11T18:32:59.371Z
jQuery each 2018-11-11T18:32:59.372Z
jQuery extend 2018-11-11T18:32:59.373Z
jQuery each 2018-11-11T18:32:59.373Z
jQuery each 2018-11-11T18:32:59.373Z
jQuery each 2018-11-11T18:32:59.373Z
jQuery each 2018-11-11T18:32:59.373Z
jQuery each 2018-11-11T18:32:59.374Z
jQuery each 2018-11-11T18:32:59.375Z
jQuery each 2018-11-11T18:32:59.375Z
jQuery each 2018-11-11T18:32:59.375Z
jQuery each 2018-11-11T18:32:59.376Z
jQuery proxy 2018-11-11T18:32:59.376Z
jQuery isPlainObject 2018-11-11T18:32:59.376Z
jQuery extend 2018-11-11T18:32:59.376Z
jQuery nodeName 2018-11-11T18:32:59.377Z
jQuery _removeData 2018-11-11T18:32:59.377Z
jQuery parseHTML 2018-11-11T18:32:59.377Z
jQuery globalEval 2018-11-11T18:32:59.377Z
jQuery unique 2018-11-11T18:32:59.378Z
jQuery removeAttr 2018-11-11T18:32:59.378Z
jQuery get 2018-11-11T18:32:59.378Z
jQuery isPlainObject 2018-11-11T18:32:59.379Z
jQuery extend 2018-11-11T18:32:59.379Z
jQuery ajax 2018-11-11T18:32:59.379Z
jQuery ajaxSetup 2018-11-11T18:32:59.379Z
jQuery extend 2018-11-11T18:32:59.380Z
jQuery isPlainObject 2018-11-11T18:32:59.380Z
jQuery isPlainObject 2018-11-11T18:32:59.380Z
jQuery isPlainObject 2018-11-11T18:32:59.380Z
jQuery isPlainObject 2018-11-11T18:32:59.381Z
jQuery isPlainObject 2018-11-11T18:32:59.381Z
jQuery isPlainObject 2018-11-11T18:32:59.382Z
jQuery isPlainObject 2018-11-11T18:32:59.383Z
jQuery extend 2018-11-11T18:32:59.383Z
jQuery isPlainObject 2018-11-11T18:32:59.383Z
jQuery isPlainObject 2018-11-11T18:32:59.383Z
jQuery isPlainObject 2018-11-11T18:32:59.383Z
jQuery isPlainObject 2018-11-11T18:32:59.384Z
jQuery isPlainObject 2018-11-11T18:32:59.384Z
jQuery isPlainObject 2018-11-11T18:32:59.384Z
jQuery isPlainObject 2018-11-11T18:32:59.384Z
jQuery extend 2018-11-11T18:32:59.384Z
jQuery isPlainObject 2018-11-11T18:32:59.385Z
jQuery isPlainObject 2018-11-11T18:32:59.386Z
jQuery isPlainObject 2018-11-11T18:32:59.386Z
jQuery isPlainObject 2018-11-11T18:32:59.386Z
jQuery isPlainObject 2018-11-11T18:32:59.386Z
jQuery extend 2018-11-11T18:32:59.386Z
jQuery isPlainObject 2018-11-11T18:32:59.387Z
jQuery isPlainObject 2018-11-11T18:32:59.387Z
jQuery isPlainObject 2018-11-11T18:32:59.388Z
jQuery isPlainObject 2018-11-11T18:32:59.388Z
jQuery extend 2018-11-11T18:32:59.389Z
jQuery isPlainObject 2018-11-11T18:32:59.389Z
jQuery isPlainObject 2018-11-11T18:32:59.389Z
jQuery isPlainObject 2018-11-11T18:32:59.389Z
jQuery isPlainObject 2018-11-11T18:32:59.389Z
jQuery isPlainObject 2018-11-11T18:32:59.389Z
jQuery isPlainObject 2018-11-11T18:32:59.390Z
jQuery extend 2018-11-11T18:32:59.390Z
jQuery isPlainObject 2018-11-11T18:32:59.391Z
jQuery isPlainObject 2018-11-11T18:32:59.391Z
jQuery isPlainObject 2018-11-11T18:32:59.391Z
jQuery isPlainObject 2018-11-11T18:32:59.391Z
jQuery isPlainObject 2018-11-11T18:32:59.391Z
jQuery extend 2018-11-11T18:32:59.392Z
jQuery isPlainObject 2018-11-11T18:32:59.392Z
jQuery Deferred 2018-11-11T18:32:59.392Z
jQuery Callbacks 2018-11-11T18:32:59.392Z
jQuery each 2018-11-11T18:32:59.393Z
jQuery Callbacks 2018-11-11T18:32:59.394Z
jQuery each 2018-11-11T18:32:59.394Z
jQuery Callbacks 2018-11-11T18:32:59.394Z
jQuery each 2018-11-11T18:32:59.394Z
jQuery Callbacks 2018-11-11T18:32:59.394Z
jQuery each 2018-11-11T18:32:59.395Z
jQuery Callbacks 2018-11-11T18:32:59.395Z
jQuery each 2018-11-11T18:32:59.395Z
jQuery Callbacks 2018-11-11T18:32:59.396Z
jQuery each 2018-11-11T18:32:59.396Z
jQuery each 2018-11-11T18:32:59.396Z
jQuery each 2018-11-11T18:32:59.397Z
jQuery each 2018-11-11T18:32:59.397Z
jQuery each 2018-11-11T18:32:59.397Z
jQuery each 2018-11-11T18:32:59.398Z
jQuery each 2018-11-11T18:32:59.398Z
jQuery extend 2018-11-11T18:32:59.398Z
jQuery Callbacks 2018-11-11T18:32:59.398Z
jQuery each 2018-11-11T18:32:59.398Z
jQuery extend 2018-11-11T18:32:59.399Z
jQuery each 2018-11-11T18:32:59.400Z
jQuery each 2018-11-11T18:32:59.400Z
jQuery each 2018-11-11T18:32:59.400Z
jQuery each 2018-11-11T18:32:59.401Z
jQuery each 2018-11-11T18:32:59.401Z
jQuery Event 2018-11-11T18:32:59.401Z
jQuery makeArray 2018-11-11T18:32:59.401Z
jQuery merge 2018-11-11T18:32:59.402Z
jQuery removeEvent 2018-11-11T18:32:59.402Z
jQuery escapeSelector 2018-11-11T18:32:59.402Z
jQuery parseXML 2018-11-11T18:32:59.403Z
jQuery style 2018-11-11T18:32:59.403Z
jQuery makeArray 2018-11-11T18:32:59.403Z
jQuery uniqueSort 2018-11-11T18:32:59.403Z
jQuery ajaxPrefilter 2018-11-11T18:32:59.404Z
jQuery inArray 2018-11-11T18:32:59.405Z
jQuery cleanData 2018-11-11T18:32:59.405Z
jQuery isNumeric 2018-11-11T18:32:59.405Z
jQuery type 2018-11-11T18:32:59.405Z
jQuery fx 2018-11-11T18:32:59.405Z
jQuery removeData 2018-11-11T18:32:59.405Z
jQuery getScript 2018-11-11T18:32:59.405Z
jQuery get 2018-11-11T18:32:59.406Z
jQuery isPlainObject 2018-11-11T18:32:59.406Z
jQuery extend 2018-11-11T18:32:59.406Z
jQuery ajax 2018-11-11T18:32:59.407Z
jQuery ajaxSetup 2018-11-11T18:32:59.407Z
jQuery extend 2018-11-11T18:32:59.408Z
jQuery isPlainObject 2018-11-11T18:32:59.408Z
jQuery isPlainObject 2018-11-11T18:32:59.408Z
jQuery isPlainObject 2018-11-11T18:32:59.409Z
jQuery isPlainObject 2018-11-11T18:32:59.409Z
jQuery isPlainObject 2018-11-11T18:32:59.409Z
jQuery isPlainObject 2018-11-11T18:32:59.410Z
jQuery isPlainObject 2018-11-11T18:32:59.410Z
jQuery extend 2018-11-11T18:32:59.410Z
jQuery isPlainObject 2018-11-11T18:32:59.410Z
jQuery isPlainObject 2018-11-11T18:32:59.411Z
jQuery isPlainObject 2018-11-11T18:32:59.411Z
jQuery isPlainObject 2018-11-11T18:32:59.411Z
jQuery isPlainObject 2018-11-11T18:32:59.411Z
jQuery isPlainObject 2018-11-11T18:32:59.412Z
jQuery isPlainObject 2018-11-11T18:32:59.412Z
jQuery extend 2018-11-11T18:32:59.413Z
jQuery isPlainObject 2018-11-11T18:32:59.413Z
jQuery isPlainObject 2018-11-11T18:32:59.413Z
jQuery isPlainObject 2018-11-11T18:32:59.413Z
jQuery isPlainObject 2018-11-11T18:32:59.414Z
jQuery isPlainObject 2018-11-11T18:32:59.414Z
jQuery extend 2018-11-11T18:32:59.415Z
jQuery isPlainObject 2018-11-11T18:32:59.415Z
jQuery isPlainObject 2018-11-11T18:32:59.415Z
jQuery isPlainObject 2018-11-11T18:32:59.415Z
jQuery isPlainObject 2018-11-11T18:32:59.416Z
jQuery extend 2018-11-11T18:32:59.416Z
jQuery isPlainObject 2018-11-11T18:32:59.417Z
jQuery isPlainObject 2018-11-11T18:32:59.417Z
jQuery isPlainObject 2018-11-11T18:32:59.417Z
jQuery isPlainObject 2018-11-11T18:32:59.417Z
jQuery isPlainObject 2018-11-11T18:32:59.417Z
jQuery isPlainObject 2018-11-11T18:32:59.417Z
jQuery extend 2018-11-11T18:32:59.418Z
jQuery isPlainObject 2018-11-11T18:32:59.418Z
jQuery isPlainObject 2018-11-11T18:32:59.418Z
jQuery isPlainObject 2018-11-11T18:32:59.418Z
jQuery isPlainObject 2018-11-11T18:32:59.419Z
jQuery isPlainObject 2018-11-11T18:32:59.419Z
jQuery extend 2018-11-11T18:32:59.420Z
jQuery isPlainObject 2018-11-11T18:32:59.420Z
jQuery isPlainObject 2018-11-11T18:32:59.420Z
jQuery Deferred 2018-11-11T18:32:59.420Z
jQuery Callbacks 2018-11-11T18:32:59.420Z
jQuery each 2018-11-11T18:32:59.421Z
jQuery Callbacks 2018-11-11T18:32:59.421Z
jQuery each 2018-11-11T18:32:59.421Z
jQuery Callbacks 2018-11-11T18:32:59.422Z
jQuery each 2018-11-11T18:32:59.422Z
jQuery Callbacks 2018-11-11T18:32:59.422Z
jQuery each 2018-11-11T18:32:59.422Z
jQuery Callbacks 2018-11-11T18:32:59.423Z
jQuery each 2018-11-11T18:32:59.424Z
jQuery Callbacks 2018-11-11T18:32:59.424Z
jQuery each 2018-11-11T18:32:59.424Z
jQuery each 2018-11-11T18:32:59.424Z
jQuery each 2018-11-11T18:32:59.424Z
jQuery each 2018-11-11T18:32:59.425Z
jQuery each 2018-11-11T18:32:59.425Z
jQuery each 2018-11-11T18:32:59.425Z
jQuery each 2018-11-11T18:32:59.425Z
jQuery extend 2018-11-11T18:32:59.426Z
jQuery Callbacks 2018-11-11T18:32:59.426Z
jQuery each 2018-11-11T18:32:59.426Z
jQuery extend 2018-11-11T18:32:59.426Z
jQuery each 2018-11-11T18:32:59.427Z
jQuery each 2018-11-11T18:32:59.427Z
jQuery each 2018-11-11T18:32:59.428Z
jQuery each 2018-11-11T18:32:59.428Z
jQuery each 2018-11-11T18:32:59.428Z
jQuery each 2018-11-11T18:32:59.428Z
jQuery each 2018-11-11T18:32:59.429Z
jQuery Event 2018-11-11T18:32:59.429Z
jQuery makeArray 2018-11-11T18:32:59.430Z
jQuery merge 2018-11-11T18:32:59.430Z
jQuery find 2018-11-11T18:32:59.430Z
jQuery trim 2018-11-11T18:32:59.431Z
jQuery ready 2018-11-11T18:32:59.431Z
jQuery each 2018-11-11T18:32:59.431Z
jQuery parseJSON 2018-11-11T18:32:59.431Z
jQuery ajaxSetup 2018-11-11T18:32:59.432Z
jQuery noop 2018-11-11T18:33:01.622Z
jQuery proxy 2018-11-11T18:33:01.622Z
jQuery extend 2018-11-11T18:33:01.623Z
jQuery ajaxPrefilter 2018-11-11T18:33:01.623Z
jQuery getScript 2018-11-11T18:33:01.623Z
jQuery get 2018-11-11T18:33:01.624Z
jQuery isPlainObject 2018-11-11T18:33:01.624Z
jQuery extend 2018-11-11T18:33:01.624Z
jQuery ajax 2018-11-11T18:33:01.625Z
jQuery ajaxSetup 2018-11-11T18:33:01.625Z
jQuery extend 2018-11-11T18:33:01.625Z
jQuery isPlainObject 2018-11-11T18:33:01.626Z
jQuery isPlainObject 2018-11-11T18:33:01.626Z
jQuery isPlainObject 2018-11-11T18:33:01.626Z
jQuery isPlainObject 2018-11-11T18:33:01.627Z
jQuery isPlainObject 2018-11-11T18:33:01.627Z
jQuery isPlainObject 2018-11-11T18:33:01.627Z
jQuery isPlainObject 2018-11-11T18:33:01.627Z
jQuery extend 2018-11-11T18:33:01.628Z
jQuery isPlainObject 2018-11-11T18:33:01.628Z
jQuery isPlainObject 2018-11-11T18:33:01.629Z
jQuery isPlainObject 2018-11-11T18:33:01.629Z
jQuery isPlainObject 2018-11-11T18:33:01.630Z
jQuery isPlainObject 2018-11-11T18:33:01.630Z
jQuery isPlainObject 2018-11-11T18:33:01.631Z
jQuery isPlainObject 2018-11-11T18:33:01.631Z
jQuery extend 2018-11-11T18:33:01.631Z
jQuery isPlainObject 2018-11-11T18:33:01.631Z
jQuery isPlainObject 2018-11-11T18:33:01.631Z
jQuery isPlainObject 2018-11-11T18:33:01.633Z
jQuery isPlainObject 2018-11-11T18:33:01.633Z
jQuery isPlainObject 2018-11-11T18:33:01.633Z
jQuery extend 2018-11-11T18:33:01.633Z
jQuery isPlainObject 2018-11-11T18:33:01.633Z
jQuery isPlainObject 2018-11-11T18:33:01.634Z
jQuery isPlainObject 2018-11-11T18:33:01.634Z
jQuery isPlainObject 2018-11-11T18:33:01.635Z
jQuery extend 2018-11-11T18:33:01.635Z
jQuery isPlainObject 2018-11-11T18:33:01.636Z
jQuery isPlainObject 2018-11-11T18:33:01.636Z
jQuery isPlainObject 2018-11-11T18:33:01.637Z
jQuery isPlainObject 2018-11-11T18:33:01.637Z
jQuery isPlainObject 2018-11-11T18:33:01.637Z
jQuery isPlainObject 2018-11-11T18:33:01.639Z
jQuery extend 2018-11-11T18:33:01.639Z
jQuery isPlainObject 2018-11-11T18:33:01.640Z
jQuery isPlainObject 2018-11-11T18:33:01.641Z
jQuery isPlainObject 2018-11-11T18:33:01.641Z
jQuery isPlainObject 2018-11-11T18:33:01.642Z
jQuery isPlainObject 2018-11-11T18:33:01.642Z
jQuery extend 2018-11-11T18:33:01.643Z
jQuery isPlainObject 2018-11-11T18:33:01.644Z
jQuery isPlainObject 2018-11-11T18:33:01.644Z
jQuery Deferred 2018-11-11T18:33:01.644Z
jQuery Callbacks 2018-11-11T18:33:01.644Z
jQuery each 2018-11-11T18:33:01.645Z
jQuery Callbacks 2018-11-11T18:33:01.646Z
jQuery each 2018-11-11T18:33:01.646Z
jQuery Callbacks 2018-11-11T18:33:01.646Z
jQuery each 2018-11-11T18:33:01.646Z
jQuery Callbacks 2018-11-11T18:33:01.647Z
jQuery each 2018-11-11T18:33:01.647Z
jQuery Callbacks 2018-11-11T18:33:01.648Z
jQuery each 2018-11-11T18:33:01.648Z
jQuery Callbacks 2018-11-11T18:33:01.648Z
jQuery each 2018-11-11T18:33:01.649Z
jQuery each 2018-11-11T18:33:01.650Z
jQuery each 2018-11-11T18:33:01.651Z
jQuery each 2018-11-11T18:33:01.652Z
jQuery each 2018-11-11T18:33:01.652Z
jQuery each 2018-11-11T18:33:01.652Z
jQuery each 2018-11-11T18:33:01.653Z
jQuery extend 2018-11-11T18:33:01.653Z
jQuery Callbacks 2018-11-11T18:33:01.654Z
jQuery each 2018-11-11T18:33:01.654Z
jQuery extend 2018-11-11T18:33:01.654Z
jQuery each 2018-11-11T18:33:01.654Z
jQuery each 2018-11-11T18:33:01.655Z
jQuery each 2018-11-11T18:33:01.656Z
jQuery each 2018-11-11T18:33:01.656Z
jQuery each 2018-11-11T18:33:01.656Z
jQuery each 2018-11-11T18:33:01.656Z
jQuery each 2018-11-11T18:33:01.657Z
jQuery Event 2018-11-11T18:33:01.657Z
jQuery makeArray 2018-11-11T18:33:01.657Z
jQuery merge 2018-11-11T18:33:01.657Z
jQuery get 2018-11-11T18:33:01.658Z
jQuery isPlainObject 2018-11-11T18:33:01.659Z
jQuery extend 2018-11-11T18:33:01.659Z
jQuery ajax 2018-11-11T18:33:01.659Z
jQuery ajaxSetup 2018-11-11T18:33:01.660Z
jQuery extend 2018-11-11T18:33:01.660Z
jQuery isPlainObject 2018-11-11T18:33:01.660Z
jQuery isPlainObject 2018-11-11T18:33:01.660Z
jQuery isPlainObject 2018-11-11T18:33:01.661Z
jQuery isPlainObject 2018-11-11T18:33:01.662Z
jQuery isPlainObject 2018-11-11T18:33:01.663Z
jQuery isPlainObject 2018-11-11T18:33:01.663Z
jQuery isPlainObject 2018-11-11T18:33:01.664Z
jQuery extend 2018-11-11T18:33:01.664Z
jQuery isPlainObject 2018-11-11T18:33:01.664Z
jQuery isPlainObject 2018-11-11T18:33:01.664Z
jQuery isPlainObject 2018-11-11T18:33:01.666Z
jQuery isPlainObject 2018-11-11T18:33:01.666Z
jQuery isPlainObject 2018-11-11T18:33:01.667Z
jQuery isPlainObject 2018-11-11T18:33:01.668Z
jQuery isPlainObject 2018-11-11T18:33:01.668Z
jQuery extend 2018-11-11T18:33:01.668Z
jQuery isPlainObject 2018-11-11T18:33:01.668Z
jQuery isPlainObject 2018-11-11T18:33:01.669Z
jQuery isPlainObject 2018-11-11T18:33:01.669Z
jQuery isPlainObject 2018-11-11T18:33:01.669Z
jQuery isPlainObject 2018-11-11T18:33:01.670Z
jQuery extend 2018-11-11T18:33:01.670Z
jQuery isPlainObject 2018-11-11T18:33:01.671Z
jQuery isPlainObject 2018-11-11T18:33:01.671Z
jQuery isPlainObject 2018-11-11T18:33:01.671Z
jQuery isPlainObject 2018-11-11T18:33:01.672Z
jQuery extend 2018-11-11T18:33:01.672Z
jQuery isPlainObject 2018-11-11T18:33:01.672Z
jQuery isPlainObject 2018-11-11T18:33:01.672Z
jQuery isPlainObject 2018-11-11T18:33:01.672Z
jQuery isPlainObject 2018-11-11T18:33:01.673Z
jQuery isPlainObject 2018-11-11T18:33:01.673Z
jQuery isPlainObject 2018-11-11T18:33:01.673Z
jQuery extend 2018-11-11T18:33:01.673Z
jQuery isPlainObject 2018-11-11T18:33:01.674Z
jQuery isPlainObject 2018-11-11T18:33:01.674Z
jQuery isPlainObject 2018-11-11T18:33:01.674Z
jQuery isPlainObject 2018-11-11T18:33:01.674Z
jQuery isPlainObject 2018-11-11T18:33:01.675Z
jQuery extend 2018-11-11T18:33:01.676Z
jQuery isPlainObject 2018-11-11T18:33:01.676Z
jQuery Deferred 2018-11-11T18:33:01.676Z
jQuery Callbacks 2018-11-11T18:33:01.676Z
jQuery each 2018-11-11T18:33:01.676Z
jQuery Callbacks 2018-11-11T18:33:01.677Z
jQuery each 2018-11-11T18:33:01.677Z
jQuery Callbacks 2018-11-11T18:33:01.677Z
jQuery each 2018-11-11T18:33:01.678Z
jQuery Callbacks 2018-11-11T18:33:01.678Z
jQuery each 2018-11-11T18:33:01.679Z
jQuery Callbacks 2018-11-11T18:33:01.679Z
jQuery each 2018-11-11T18:33:01.680Z
jQuery Callbacks 2018-11-11T18:33:01.680Z
jQuery each 2018-11-11T18:33:01.680Z
jQuery each 2018-11-11T18:33:01.680Z
jQuery each 2018-11-11T18:33:01.680Z
jQuery each 2018-11-11T18:33:01.681Z
jQuery each 2018-11-11T18:33:01.682Z
jQuery each 2018-11-11T18:33:01.682Z
jQuery each 2018-11-11T18:33:01.682Z
jQuery extend 2018-11-11T18:33:01.683Z
jQuery Callbacks 2018-11-11T18:33:01.683Z
jQuery each 2018-11-11T18:33:01.683Z
jQuery extend 2018-11-11T18:33:01.683Z
jQuery each 2018-11-11T18:33:01.684Z
jQuery each 2018-11-11T18:33:01.684Z
jQuery each 2018-11-11T18:33:01.684Z
jQuery each 2018-11-11T18:33:01.685Z
jQuery each 2018-11-11T18:33:01.685Z
jQuery Event 2018-11-11T18:33:01.685Z
jQuery makeArray 2018-11-11T18:33:01.686Z
jQuery merge 2018-11-11T18:33:01.687Z
jQuery _queueHooks 2018-11-11T18:33:01.687Z
jQuery contains 2018-11-11T18:33:01.688Z
jQuery camelCase 2018-11-11T18:33:01.688Z
jQuery post 2018-11-11T18:33:01.688Z
jQuery isPlainObject 2018-11-11T18:33:01.689Z
jQuery extend 2018-11-11T18:33:01.689Z
jQuery ajax 2018-11-11T18:33:01.689Z
jQuery ajaxSetup 2018-11-11T18:33:01.689Z
jQuery extend 2018-11-11T18:33:01.689Z
jQuery isPlainObject 2018-11-11T18:33:01.690Z
jQuery isPlainObject 2018-11-11T18:33:01.691Z
jQuery isPlainObject 2018-11-11T18:33:01.691Z
jQuery isPlainObject 2018-11-11T18:33:01.691Z
jQuery isPlainObject 2018-11-11T18:33:01.691Z
jQuery isPlainObject 2018-11-11T18:33:01.691Z
jQuery isPlainObject 2018-11-11T18:33:01.691Z
jQuery extend 2018-11-11T18:33:01.691Z
jQuery isPlainObject 2018-11-11T18:33:01.692Z
jQuery isPlainObject 2018-11-11T18:33:01.692Z
jQuery isPlainObject 2018-11-11T18:33:01.693Z
jQuery isPlainObject 2018-11-11T18:33:01.693Z
jQuery isPlainObject 2018-11-11T18:33:01.693Z
jQuery isPlainObject 2018-11-11T18:33:01.693Z
jQuery isPlainObject 2018-11-11T18:33:01.693Z
jQuery extend 2018-11-11T18:33:01.694Z
jQuery isPlainObject 2018-11-11T18:33:01.695Z
jQuery isPlainObject 2018-11-11T18:33:01.695Z
jQuery isPlainObject 2018-11-11T18:33:01.695Z
jQuery isPlainObject 2018-11-11T18:33:01.695Z
jQuery isPlainObject 2018-11-11T18:33:01.695Z
jQuery extend 2018-11-11T18:33:01.695Z
jQuery isPlainObject 2018-11-11T18:33:01.696Z
jQuery isPlainObject 2018-11-11T18:33:01.696Z
jQuery isPlainObject 2018-11-11T18:33:01.696Z
jQuery isPlainObject 2018-11-11T18:33:01.697Z
jQuery extend 2018-11-11T18:33:01.697Z
jQuery isPlainObject 2018-11-11T18:33:01.697Z
jQuery isPlainObject 2018-11-11T18:33:01.697Z
jQuery isPlainObject 2018-11-11T18:33:01.698Z
jQuery isPlainObject 2018-11-11T18:33:01.698Z
jQuery isPlainObject 2018-11-11T18:33:01.698Z
jQuery isPlainObject 2018-11-11T18:33:01.699Z
jQuery extend 2018-11-11T18:33:01.700Z
jQuery isPlainObject 2018-11-11T18:33:01.700Z
jQuery isPlainObject 2018-11-11T18:33:01.700Z
jQuery isPlainObject 2018-11-11T18:33:01.700Z
jQuery isPlainObject 2018-11-11T18:33:01.700Z
jQuery isPlainObject 2018-11-11T18:33:01.701Z
jQuery extend 2018-11-11T18:33:01.701Z
jQuery isPlainObject 2018-11-11T18:33:01.702Z
jQuery Deferred 2018-11-11T18:33:01.702Z
jQuery Callbacks 2018-11-11T18:33:01.702Z
jQuery each 2018-11-11T18:33:01.703Z
jQuery Callbacks 2018-11-11T18:33:01.703Z
jQuery each 2018-11-11T18:33:01.703Z
jQuery Callbacks 2018-11-11T18:33:01.703Z
jQuery each 2018-11-11T18:33:01.703Z
jQuery Callbacks 2018-11-11T18:33:01.704Z
jQuery each 2018-11-11T18:33:01.704Z
jQuery Callbacks 2018-11-11T18:33:01.704Z
jQuery each 2018-11-11T18:33:01.705Z
jQuery Callbacks 2018-11-11T18:33:01.705Z
jQuery each 2018-11-11T18:33:01.705Z
jQuery each 2018-11-11T18:33:01.705Z
jQuery each 2018-11-11T18:33:01.705Z
jQuery each 2018-11-11T18:33:01.705Z
jQuery each 2018-11-11T18:33:01.707Z
jQuery each 2018-11-11T18:33:01.707Z
jQuery each 2018-11-11T18:33:01.707Z
jQuery extend 2018-11-11T18:33:01.708Z
jQuery Callbacks 2018-11-11T18:33:01.708Z
jQuery each 2018-11-11T18:33:01.708Z
jQuery extend 2018-11-11T18:33:01.708Z
jQuery each 2018-11-11T18:33:01.708Z
jQuery each 2018-11-11T18:33:01.709Z
jQuery each 2018-11-11T18:33:01.710Z
jQuery each 2018-11-11T18:33:01.710Z
jQuery each 2018-11-11T18:33:01.711Z
jQuery Event 2018-11-11T18:33:01.711Z
jQuery makeArray 2018-11-11T18:33:01.711Z
jQuery merge 2018-11-11T18:33:01.711Z
jQuery isPlainObject 2018-11-11T18:33:01.712Z
jQuery trim 2018-11-11T18:33:01.712Z
jQuery Animation 2018-11-11T18:33:01.713Z
jQuery Deferred 2018-11-11T18:33:01.713Z
jQuery Callbacks 2018-11-11T18:33:01.713Z
jQuery each 2018-11-11T18:33:01.713Z
jQuery Callbacks 2018-11-11T18:33:01.714Z
jQuery each 2018-11-11T18:33:01.714Z
jQuery Callbacks 2018-11-11T18:33:01.714Z
jQuery each 2018-11-11T18:33:01.714Z
jQuery Callbacks 2018-11-11T18:33:01.714Z
jQuery each 2018-11-11T18:33:01.715Z
jQuery Callbacks 2018-11-11T18:33:01.716Z
jQuery each 2018-11-11T18:33:01.716Z
jQuery Callbacks 2018-11-11T18:33:01.716Z
jQuery each 2018-11-11T18:33:01.716Z
jQuery each 2018-11-11T18:33:01.716Z
jQuery each 2018-11-11T18:33:01.716Z
jQuery each 2018-11-11T18:33:01.717Z
jQuery each 2018-11-11T18:33:01.717Z
jQuery each 2018-11-11T18:33:01.718Z
jQuery each 2018-11-11T18:33:01.718Z
jQuery extend 2018-11-11T18:33:01.718Z
jQuery each 2018-11-11T18:33:01.718Z
jQuery each 2018-11-11T18:33:01.718Z
jQuery each 2018-11-11T18:33:01.719Z
jQuery each 2018-11-11T18:33:01.719Z
jQuery extend 2018-11-11T18:33:01.720Z
jQuery extend 2018-11-11T18:33:01.720Z
window setTimeout 2018-11-11T18:33:01.720Z
jQuery param 2018-11-11T18:33:01.720Z
jQuery parseJSON 2018-11-11T18:33:01.720Z
jQuery isArray 2018-11-11T18:33:01.721Z
jQuery ajaxTransport 2018-11-11T18:33:01.721Z
jQuery ajax 2018-11-11T18:33:01.721Z
jQuery ajaxSetup 2018-11-11T18:33:01.721Z
jQuery extend 2018-11-11T18:33:01.721Z
jQuery isPlainObject 2018-11-11T18:33:01.722Z
jQuery isPlainObject 2018-11-11T18:33:01.723Z
jQuery isPlainObject 2018-11-11T18:33:01.723Z
jQuery isPlainObject 2018-11-11T18:33:01.723Z
jQuery isPlainObject 2018-11-11T18:33:01.723Z
jQuery isPlainObject 2018-11-11T18:33:01.723Z
jQuery isPlainObject 2018-11-11T18:33:01.723Z
jQuery extend 2018-11-11T18:33:01.724Z
jQuery isPlainObject 2018-11-11T18:33:01.724Z
jQuery isPlainObject 2018-11-11T18:33:01.724Z
jQuery isPlainObject 2018-11-11T18:33:01.724Z
jQuery isPlainObject 2018-11-11T18:33:01.725Z
jQuery isPlainObject 2018-11-11T18:33:01.725Z
jQuery isPlainObject 2018-11-11T18:33:01.725Z
jQuery isPlainObject 2018-11-11T18:33:01.726Z
jQuery extend 2018-11-11T18:33:01.726Z
jQuery isPlainObject 2018-11-11T18:33:01.726Z
jQuery isPlainObject 2018-11-11T18:33:01.727Z
jQuery isPlainObject 2018-11-11T18:33:01.727Z
jQuery isPlainObject 2018-11-11T18:33:01.727Z
jQuery isPlainObject 2018-11-11T18:33:01.727Z
jQuery extend 2018-11-11T18:33:01.728Z
jQuery isPlainObject 2018-11-11T18:33:01.728Z
jQuery isPlainObject 2018-11-11T18:33:01.729Z
jQuery isPlainObject 2018-11-11T18:33:01.729Z
jQuery isPlainObject 2018-11-11T18:33:01.729Z
jQuery extend 2018-11-11T18:33:01.729Z
jQuery isPlainObject 2018-11-11T18:33:01.730Z
jQuery isPlainObject 2018-11-11T18:33:01.730Z
jQuery isPlainObject 2018-11-11T18:33:01.730Z
jQuery isPlainObject 2018-11-11T18:33:01.731Z
jQuery isPlainObject 2018-11-11T18:33:01.731Z
jQuery isPlainObject 2018-11-11T18:33:01.731Z
jQuery extend 2018-11-11T18:33:01.732Z
jQuery isPlainObject 2018-11-11T18:33:01.732Z
jQuery isPlainObject 2018-11-11T18:33:01.732Z
jQuery isPlainObject 2018-11-11T18:33:01.732Z
jQuery isPlainObject 2018-11-11T18:33:01.732Z
jQuery isPlainObject 2018-11-11T18:33:01.733Z
jQuery Deferred 2018-11-11T18:33:01.733Z
jQuery Callbacks 2018-11-11T18:33:01.733Z
jQuery each 2018-11-11T18:33:01.733Z
jQuery Callbacks 2018-11-11T18:33:01.733Z
jQuery each 2018-11-11T18:33:01.735Z
jQuery Callbacks 2018-11-11T18:33:01.735Z
jQuery each 2018-11-11T18:33:01.735Z
jQuery Callbacks 2018-11-11T18:33:01.735Z
jQuery each 2018-11-11T18:33:01.735Z
jQuery Callbacks 2018-11-11T18:33:01.735Z
jQuery each 2018-11-11T18:33:01.736Z
jQuery Callbacks 2018-11-11T18:33:01.736Z
jQuery each 2018-11-11T18:33:01.736Z
jQuery each 2018-11-11T18:33:01.737Z
jQuery each 2018-11-11T18:33:01.737Z
jQuery each 2018-11-11T18:33:01.737Z
jQuery each 2018-11-11T18:33:01.737Z
jQuery each 2018-11-11T18:33:01.738Z
jQuery each 2018-11-11T18:33:01.738Z
jQuery extend 2018-11-11T18:33:01.738Z
jQuery Callbacks 2018-11-11T18:33:01.738Z
jQuery each 2018-11-11T18:33:01.738Z
jQuery extend 2018-11-11T18:33:01.739Z
jQuery each 2018-11-11T18:33:01.739Z
jQuery each 2018-11-11T18:33:01.739Z
jQuery each 2018-11-11T18:33:01.739Z
jQuery each 2018-11-11T18:33:01.740Z
jQuery each 2018-11-11T18:33:01.740Z
jQuery Event 2018-11-11T18:33:01.741Z
jQuery makeArray 2018-11-11T18:33:01.741Z
jQuery merge 2018-11-11T18:33:01.741Z
jQuery htmlPrefilter 2018-11-11T18:33:01.742Z
jQuery ajaxSetup 2018-11-11T18:33:01.742Z
jQuery isFunction 2018-11-11T18:33:01.742Z
jQuery fx 2018-11-11T18:33:01.742Z
jQuery holdReady 2018-11-11T18:33:01.742Z
jQuery ready 2018-11-11T18:33:01.742Z
jQuery filter 2018-11-11T18:33:01.742Z
jQuery hasData 2018-11-11T18:33:01.743Z
jQuery ready 2018-11-11T18:33:01.743Z
jQuery clone 2018-11-11T18:33:01.744Z
jQuery map 2018-11-11T18:33:01.744Z
jQuery readyException 2018-11-11T18:33:01.744Z
window setTimeout 2018-11-11T18:33:01.745Z
jQuery isNumeric 2018-11-11T18:33:01.745Z
jQuery type 2018-11-11T18:33:01.745Z
jQuery grep 2018-11-11T18:33:01.745Z
jQuery escapeSelector 2018-11-11T18:33:01.745Z
jQuery removeEvent 2018-11-11T18:33:01.746Z
jQuery when 2018-11-11T18:33:01.746Z
jQuery Deferred 2018-11-11T18:33:01.746Z
jQuery Callbacks 2018-11-11T18:33:01.746Z
jQuery each 2018-11-11T18:33:01.746Z
jQuery Callbacks 2018-11-11T18:33:01.748Z
jQuery each 2018-11-11T18:33:01.748Z
jQuery Callbacks 2018-11-11T18:33:01.748Z
jQuery each 2018-11-11T18:33:01.748Z
jQuery Callbacks 2018-11-11T18:33:01.748Z
jQuery each 2018-11-11T18:33:01.749Z
jQuery Callbacks 2018-11-11T18:33:01.749Z
jQuery each 2018-11-11T18:33:01.749Z
jQuery Callbacks 2018-11-11T18:33:01.750Z
jQuery each 2018-11-11T18:33:01.750Z
jQuery each 2018-11-11T18:33:01.750Z
jQuery each 2018-11-11T18:33:01.750Z
jQuery each 2018-11-11T18:33:01.750Z
jQuery each 2018-11-11T18:33:01.751Z
jQuery each 2018-11-11T18:33:01.751Z
jQuery each 2018-11-11T18:33:01.751Z
jQuery extend 2018-11-11T18:33:01.752Z
jQuery each 2018-11-11T18:33:01.752Z
jQuery nodeName 2018-11-11T18:33:01.752Z
jQuery _data 2018-11-11T18:33:01.752Z
jQuery unique 2018-11-11T18:33:01.753Z
jQuery removeAttr 2018-11-11T18:33:01.753Z
jQuery Event 2018-11-11T18:33:01.754Z
jQuery Event 2018-11-11T18:33:01.754Z
jQuery style 2018-11-11T18:33:01.754Z
jQuery each 2018-11-11T18:33:01.754Z
jQuery isWindow 2018-11-11T18:33:01.755Z
jQuery Tween 2018-11-11T18:33:01.755Z
jQuery isEmptyObject 2018-11-11T18:33:01.755Z
jQuery _evalUrl 2018-11-11T18:33:01.755Z
jQuery ajax 2018-11-11T18:33:01.755Z
jQuery ajaxSetup 2018-11-11T18:33:01.755Z
jQuery extend 2018-11-11T18:33:01.755Z
jQuery isPlainObject 2018-11-11T18:33:01.756Z
jQuery isPlainObject 2018-11-11T18:33:01.756Z
jQuery isPlainObject 2018-11-11T18:33:01.756Z
jQuery isPlainObject 2018-11-11T18:33:01.756Z
jQuery isPlainObject 2018-11-11T18:33:01.757Z
jQuery isPlainObject 2018-11-11T18:33:01.757Z
jQuery isPlainObject 2018-11-11T18:33:01.758Z
jQuery extend 2018-11-11T18:33:01.759Z
jQuery isPlainObject 2018-11-11T18:33:01.760Z
jQuery isPlainObject 2018-11-11T18:33:01.760Z
jQuery isPlainObject 2018-11-11T18:33:01.760Z
jQuery isPlainObject 2018-11-11T18:33:01.761Z
jQuery isPlainObject 2018-11-11T18:33:01.761Z
jQuery isPlainObject 2018-11-11T18:33:01.761Z
jQuery isPlainObject 2018-11-11T18:33:01.762Z
jQuery extend 2018-11-11T18:33:01.762Z
jQuery isPlainObject 2018-11-11T18:33:01.762Z
jQuery isPlainObject 2018-11-11T18:33:01.762Z
jQuery isPlainObject 2018-11-11T18:33:01.763Z
jQuery isPlainObject 2018-11-11T18:33:01.763Z
jQuery isPlainObject 2018-11-11T18:33:01.763Z
jQuery extend 2018-11-11T18:33:01.764Z
jQuery isPlainObject 2018-11-11T18:33:01.766Z
jQuery isPlainObject 2018-11-11T18:33:01.767Z
jQuery isPlainObject 2018-11-11T18:33:01.768Z
jQuery isPlainObject 2018-11-11T18:33:01.768Z
jQuery extend 2018-11-11T18:33:01.769Z
jQuery isPlainObject 2018-11-11T18:33:01.770Z
jQuery isPlainObject 2018-11-11T18:33:01.770Z
jQuery isPlainObject 2018-11-11T18:33:01.770Z
jQuery isPlainObject 2018-11-11T18:33:01.770Z
jQuery isPlainObject 2018-11-11T18:33:01.772Z
jQuery isPlainObject 2018-11-11T18:33:01.772Z
jQuery extend 2018-11-11T18:33:01.772Z
jQuery isPlainObject 2018-11-11T18:33:01.773Z
jQuery isPlainObject 2018-11-11T18:33:01.773Z
jQuery isPlainObject 2018-11-11T18:33:01.774Z
jQuery isPlainObject 2018-11-11T18:33:01.774Z
jQuery isPlainObject 2018-11-11T18:33:01.774Z
jQuery extend 2018-11-11T18:33:01.776Z
jQuery isPlainObject 2018-11-11T18:33:01.776Z
jQuery isPlainObject 2018-11-11T18:33:01.777Z
jQuery isPlainObject 2018-11-11T18:33:01.777Z
jQuery isPlainObject 2018-11-11T18:33:01.778Z
jQuery Deferred 2018-11-11T18:33:01.779Z
jQuery Callbacks 2018-11-11T18:33:01.780Z
jQuery each 2018-11-11T18:33:01.780Z
jQuery Callbacks 2018-11-11T18:33:01.781Z
jQuery each 2018-11-11T18:33:01.781Z
jQuery Callbacks 2018-11-11T18:33:01.783Z
jQuery each 2018-11-11T18:33:01.783Z
jQuery Callbacks 2018-11-11T18:33:01.783Z
jQuery each 2018-11-11T18:33:01.783Z
jQuery Callbacks 2018-11-11T18:33:01.784Z
jQuery each 2018-11-11T18:33:01.784Z
jQuery Callbacks 2018-11-11T18:33:01.785Z
jQuery each 2018-11-11T18:33:01.786Z
jQuery each 2018-11-11T18:33:01.786Z
jQuery each 2018-11-11T18:33:01.787Z
jQuery each 2018-11-11T18:33:01.787Z
jQuery each 2018-11-11T18:33:01.788Z
jQuery each 2018-11-11T18:33:01.788Z
jQuery each 2018-11-11T18:33:01.788Z
jQuery extend 2018-11-11T18:33:01.789Z
jQuery Callbacks 2018-11-11T18:33:01.789Z
jQuery each 2018-11-11T18:33:01.790Z
jQuery extend 2018-11-11T18:33:01.790Z
jQuery each 2018-11-11T18:33:01.790Z
jQuery each 2018-11-11T18:33:01.791Z
jQuery each 2018-11-11T18:33:01.791Z
jQuery each 2018-11-11T18:33:01.792Z
jQuery each 2018-11-11T18:33:01.792Z
jQuery each 2018-11-11T18:33:01.792Z
jQuery each 2018-11-11T18:33:01.793Z
jQuery each 2018-11-11T18:33:01.794Z
jQuery each 2018-11-11T18:33:01.795Z
jQuery Callbacks 2018-11-11T18:33:01.795Z
jQuery extend 2018-11-11T18:33:01.795Z
jQuery attr 2018-11-11T18:33:01.795Z
jQuery parseXML 2018-11-11T18:33:01.795Z
jQuery speed 2018-11-11T18:33:01.796Z
jQuery noConflict 2018-11-11T18:33:01.797Z
jQuery cleanData 2018-11-11T18:33:01.797Z
jQuery parseHTML 2018-11-11T18:33:01.797Z
jQuery getJSON 2018-11-11T18:33:01.798Z
jQuery get 2018-11-11T18:33:01.798Z
jQuery isPlainObject 2018-11-11T18:33:01.798Z
jQuery extend 2018-11-11T18:33:01.798Z
jQuery ajax 2018-11-11T18:33:01.798Z
jQuery ajaxSetup 2018-11-11T18:33:01.799Z
jQuery extend 2018-11-11T18:33:01.799Z
jQuery isPlainObject 2018-11-11T18:33:01.799Z
jQuery isPlainObject 2018-11-11T18:33:01.799Z
jQuery isPlainObject 2018-11-11T18:33:01.800Z
jQuery isPlainObject 2018-11-11T18:33:01.800Z
jQuery isPlainObject 2018-11-11T18:33:01.801Z
jQuery isPlainObject 2018-11-11T18:33:01.801Z
jQuery isPlainObject 2018-11-11T18:33:01.801Z
jQuery extend 2018-11-11T18:33:01.802Z
jQuery isPlainObject 2018-11-11T18:33:01.802Z
jQuery isPlainObject 2018-11-11T18:33:01.802Z
jQuery isPlainObject 2018-11-11T18:33:01.802Z
jQuery isPlainObject 2018-11-11T18:33:01.802Z
jQuery isPlainObject 2018-11-11T18:33:01.804Z
jQuery isPlainObject 2018-11-11T18:33:01.804Z
jQuery isPlainObject 2018-11-11T18:33:01.804Z
jQuery extend 2018-11-11T18:33:01.804Z
jQuery isPlainObject 2018-11-11T18:33:01.805Z
jQuery isPlainObject 2018-11-11T18:33:01.805Z
jQuery isPlainObject 2018-11-11T18:33:01.805Z
jQuery isPlainObject 2018-11-11T18:33:01.805Z
jQuery isPlainObject 2018-11-11T18:33:01.805Z
jQuery extend 2018-11-11T18:33:01.806Z
jQuery isPlainObject 2018-11-11T18:33:01.806Z
jQuery isPlainObject 2018-11-11T18:33:01.806Z
jQuery isPlainObject 2018-11-11T18:33:01.806Z
jQuery isPlainObject 2018-11-11T18:33:01.808Z
jQuery extend 2018-11-11T18:33:01.808Z
jQuery isPlainObject 2018-11-11T18:33:01.808Z
jQuery isPlainObject 2018-11-11T18:33:01.808Z
jQuery isPlainObject 2018-11-11T18:33:01.808Z
jQuery isPlainObject 2018-11-11T18:33:01.808Z
jQuery isPlainObject 2018-11-11T18:33:01.809Z
jQuery isPlainObject 2018-11-11T18:33:01.809Z
jQuery extend 2018-11-11T18:33:01.809Z
jQuery isPlainObject 2018-11-11T18:33:01.810Z
jQuery isPlainObject 2018-11-11T18:33:01.810Z
jQuery isPlainObject 2018-11-11T18:33:01.811Z
jQuery isPlainObject 2018-11-11T18:33:01.811Z
jQuery isPlainObject 2018-11-11T18:33:01.811Z
jQuery extend 2018-11-11T18:33:01.811Z
jQuery isPlainObject 2018-11-11T18:33:01.812Z
jQuery isPlainObject 2018-11-11T18:33:01.812Z
jQuery Deferred 2018-11-11T18:33:01.812Z
jQuery Callbacks 2018-11-11T18:33:01.812Z
jQuery each 2018-11-11T18:33:01.813Z
jQuery Callbacks 2018-11-11T18:33:01.813Z
jQuery each 2018-11-11T18:33:01.814Z
jQuery Callbacks 2018-11-11T18:33:01.814Z
jQuery each 2018-11-11T18:33:01.814Z
jQuery Callbacks 2018-11-11T18:33:01.815Z
jQuery each 2018-11-11T18:33:01.815Z
jQuery Callbacks 2018-11-11T18:33:01.816Z
jQuery each 2018-11-11T18:33:01.816Z
jQuery Callbacks 2018-11-11T18:33:01.816Z
jQuery each 2018-11-11T18:33:01.816Z
jQuery each 2018-11-11T18:33:01.817Z
jQuery each 2018-11-11T18:33:01.817Z
jQuery each 2018-11-11T18:33:01.817Z
jQuery each 2018-11-11T18:33:01.817Z
jQuery each 2018-11-11T18:33:01.818Z
jQuery each 2018-11-11T18:33:01.818Z
jQuery extend 2018-11-11T18:33:01.818Z
jQuery Callbacks 2018-11-11T18:33:01.819Z
jQuery each 2018-11-11T18:33:01.819Z
jQuery extend 2018-11-11T18:33:01.819Z
jQuery each 2018-11-11T18:33:01.820Z
jQuery each 2018-11-11T18:33:01.820Z
jQuery each 2018-11-11T18:33:01.820Z
jQuery each 2018-11-11T18:33:01.820Z
jQuery each 2018-11-11T18:33:01.821Z
jQuery each 2018-11-11T18:33:01.821Z
jQuery each 2018-11-11T18:33:01.822Z
jQuery Event 2018-11-11T18:33:01.822Z
jQuery makeArray 2018-11-11T18:33:01.823Z
jQuery merge 2018-11-11T18:33:01.823Z
jQuery now 2018-11-11T18:33:01.824Z
jQuery data 2018-11-11T18:33:01.824Z
jQuery css 2018-11-11T18:33:01.824Z
jQuery _removeData 2018-11-11T18:33:01.824Z
jQuery uniqueSort 2018-11-11T18:33:01.825Z
jQuery error 2018-11-11T18:33:01.825Z
jQuery dequeue 2018-11-11T18:33:01.825Z
jQuery queue 2018-11-11T18:33:01.825Z
jQuery type 2018-11-11T18:33:01.827Z
jQuery isXMLDoc 2018-11-11T18:33:01.827Z
jQuery makeArray 2018-11-11T18:33:01.828Z
jQuery find 2018-11-11T18:33:01.828Z
jQuery globalEval 2018-11-11T18:33:01.828Z
jQuery queue 2018-11-11T18:33:01.829Z
jQuery inArray 2018-11-11T18:33:01.829Z
jQuery Deferred 2018-11-11T18:33:01.829Z
jQuery Callbacks 2018-11-11T18:33:01.829Z
jQuery each 2018-11-11T18:33:01.830Z
jQuery Callbacks 2018-11-11T18:33:01.830Z
jQuery each 2018-11-11T18:33:01.830Z
jQuery Callbacks 2018-11-11T18:33:01.830Z
jQuery each 2018-11-11T18:33:01.831Z
jQuery Callbacks 2018-11-11T18:33:01.832Z
jQuery each 2018-11-11T18:33:01.832Z
jQuery Callbacks 2018-11-11T18:33:01.833Z
jQuery each 2018-11-11T18:33:01.833Z
jQuery Callbacks 2018-11-11T18:33:01.833Z
jQuery each 2018-11-11T18:33:01.833Z
jQuery each 2018-11-11T18:33:01.833Z
jQuery each 2018-11-11T18:33:01.834Z
jQuery each 2018-11-11T18:33:01.834Z
jQuery each 2018-11-11T18:33:01.834Z
jQuery each 2018-11-11T18:33:01.835Z
jQuery each 2018-11-11T18:33:01.835Z
jQuery extend 2018-11-11T18:33:01.835Z
jQuery text 2018-11-11T18:33:01.835Z
jQuery removeData 2018-11-11T18:33:01.836Z
jQuery merge 2018-11-11T18:33:01.836Z
