window removeEventListener 1541961489709
jQuery ready 1541961489710
jQuery attr 1541961493373
jQuery isEmptyObject 1541961493375
jQuery _evalUrl 1541961493375
jQuery ajax 1541961493376
jQuery ajaxSetup 1541961493378
jQuery extend 1541961493378
jQuery isPlainObject 1541961493379
jQuery isPlainObject 1541961493380
jQuery isPlainObject 1541961493380
jQuery isPlainObject 1541961493380
jQuery isPlainObject 1541961493380
jQuery isPlainObject 1541961493380
jQuery isPlainObject 1541961493381
jQuery extend 1541961493381
jQuery isPlainObject 1541961493381
jQuery isPlainObject 1541961493381
jQuery isPlainObject 1541961493382
jQuery isPlainObject 1541961493382
jQuery isPlainObject 1541961493382
jQuery isPlainObject 1541961493383
jQuery isPlainObject 1541961493385
jQuery extend 1541961493385
jQuery isPlainObject 1541961493386
jQuery isPlainObject 1541961493386
jQuery isPlainObject 1541961493386
jQuery isPlainObject 1541961493387
jQuery isPlainObject 1541961493388
jQuery extend 1541961493389
jQuery isPlainObject 1541961493389
jQuery isPlainObject 1541961493390
jQuery isPlainObject 1541961493390
jQuery isPlainObject 1541961493390
jQuery extend 1541961493391
jQuery isPlainObject 1541961493391
jQuery isPlainObject 1541961493392
jQuery isPlainObject 1541961493392
jQuery isPlainObject 1541961493393
jQuery isPlainObject 1541961493393
jQuery isPlainObject 1541961493394
jQuery extend 1541961493394
jQuery isPlainObject 1541961493394
jQuery isPlainObject 1541961493395
jQuery isPlainObject 1541961493396
jQuery isPlainObject 1541961493396
jQuery isPlainObject 1541961493397
jQuery extend 1541961493397
jQuery isPlainObject 1541961493398
jQuery isPlainObject 1541961493399
jQuery isPlainObject 1541961493400
jQuery isPlainObject 1541961493401
jQuery Deferred 1541961493401
jQuery Callbacks 1541961493403
jQuery each 1541961493403
jQuery Callbacks 1541961493404
jQuery each 1541961493404
jQuery Callbacks 1541961493404
jQuery each 1541961493405
jQuery Callbacks 1541961493405
jQuery each 1541961493405
jQuery Callbacks 1541961493406
jQuery each 1541961493406
jQuery Callbacks 1541961493407
jQuery each 1541961493407
jQuery each 1541961493408
jQuery each 1541961493409
jQuery each 1541961493409
jQuery each 1541961493409
jQuery each 1541961493410
jQuery each 1541961493410
jQuery extend 1541961493410
jQuery Callbacks 1541961493411
jQuery each 1541961493412
jQuery extend 1541961493412
jQuery each 1541961493412
jQuery each 1541961493413
jQuery each 1541961493414
jQuery each 1541961493414
jQuery each 1541961493414
jQuery each 1541961493414
jQuery each 1541961493415
jQuery each 1541961493418
jQuery each 1541961493418
jQuery noop 1541961493418
jQuery globalEval 1541961493419
jQuery isArray 1541961493419
jQuery dequeue 1541961493420
jQuery queue 1541961493420
jQuery each 1541961493420
jQuery contains 1541961493421
jQuery htmlPrefilter 1541961493421
jQuery filter 1541961493421
jQuery getJSON 1541961493422
jQuery get 1541961493422
jQuery isPlainObject 1541961493422
jQuery extend 1541961493422
jQuery ajax 1541961493422
jQuery ajaxSetup 1541961493423
jQuery extend 1541961493423
jQuery isPlainObject 1541961493423
jQuery isPlainObject 1541961493424
jQuery isPlainObject 1541961493424
jQuery isPlainObject 1541961493424
jQuery isPlainObject 1541961493424
jQuery isPlainObject 1541961493424
jQuery isPlainObject 1541961493424
jQuery extend 1541961493425
jQuery isPlainObject 1541961493425
jQuery isPlainObject 1541961493425
jQuery isPlainObject 1541961493427
jQuery isPlainObject 1541961493427
jQuery isPlainObject 1541961493427
jQuery isPlainObject 1541961493427
jQuery isPlainObject 1541961493427
jQuery extend 1541961493427
jQuery isPlainObject 1541961493428
jQuery isPlainObject 1541961493428
jQuery isPlainObject 1541961493428
jQuery isPlainObject 1541961493428
jQuery isPlainObject 1541961493428
jQuery extend 1541961493429
jQuery isPlainObject 1541961493430
jQuery isPlainObject 1541961493430
jQuery isPlainObject 1541961493431
jQuery isPlainObject 1541961493431
jQuery extend 1541961493431
jQuery isPlainObject 1541961493432
jQuery isPlainObject 1541961493432
jQuery isPlainObject 1541961493432
jQuery isPlainObject 1541961493432
jQuery isPlainObject 1541961493432
jQuery isPlainObject 1541961493432
jQuery extend 1541961493432
jQuery isPlainObject 1541961493433
jQuery isPlainObject 1541961493433
jQuery isPlainObject 1541961493434
jQuery isPlainObject 1541961493434
jQuery isPlainObject 1541961493435
jQuery extend 1541961493435
jQuery isPlainObject 1541961493436
jQuery isPlainObject 1541961493436
jQuery Deferred 1541961493436
jQuery Callbacks 1541961493436
jQuery each 1541961493437
jQuery Callbacks 1541961493437
jQuery each 1541961493437
jQuery Callbacks 1541961493437
jQuery each 1541961493438
jQuery Callbacks 1541961493438
jQuery each 1541961493439
jQuery Callbacks 1541961493439
jQuery each 1541961493439
jQuery Callbacks 1541961493439
jQuery each 1541961493439
jQuery each 1541961493440
jQuery each 1541961493440
jQuery each 1541961493440
jQuery each 1541961493440
jQuery each 1541961493441
jQuery each 1541961493441
jQuery extend 1541961493441
jQuery Callbacks 1541961493442
jQuery each 1541961493442
jQuery extend 1541961493442
jQuery each 1541961493443
jQuery each 1541961493444
jQuery Event 1541961493445
jQuery Deferred 1541961493445
jQuery Callbacks 1541961493445
jQuery each 1541961493446
jQuery Callbacks 1541961493446
jQuery each 1541961493446
jQuery Callbacks 1541961493446
jQuery each 1541961493446
jQuery Callbacks 1541961493446
jQuery each 1541961493446
jQuery Callbacks 1541961493446
jQuery each 1541961493447
jQuery Callbacks 1541961493447
jQuery each 1541961493448
jQuery each 1541961493448
jQuery each 1541961493448
jQuery each 1541961493448
jQuery each 1541961493449
jQuery each 1541961493449
jQuery each 1541961493449
jQuery extend 1541961493450
jQuery text 1541961493450
jQuery style 1541961493450
jQuery _queueHooks 1541961493451
jQuery isXMLDoc 1541961493451
jQuery ajaxTransport 1541961493451
jQuery error 1541961493451
jQuery speed 1541961493452
jQuery escapeSelector 1541961493452
jQuery clone 1541961493453
jQuery when 1541961493453
jQuery Deferred 1541961493453
jQuery Callbacks 1541961493454
jQuery each 1541961493454
jQuery Callbacks 1541961493454
jQuery each 1541961493454
jQuery Callbacks 1541961493455
jQuery each 1541961493455
jQuery Callbacks 1541961493455
jQuery each 1541961493456
jQuery Callbacks 1541961493457
jQuery each 1541961493457
jQuery Callbacks 1541961493457
jQuery each 1541961493458
jQuery each 1541961493458
jQuery each 1541961493458
jQuery each 1541961493458
jQuery each 1541961493458
jQuery each 1541961493459
jQuery each 1541961493459
jQuery extend 1541961493460
jQuery each 1541961493460
jQuery Event 1541961493461
jQuery Event 1541961493461
jQuery camelCase 1541961493461
jQuery Tween 1541961493461
jQuery readyException 1541961493461
window setTimeout 1541961493462
jQuery removeAttr 1541961493463
jQuery ready 1541961493463
jQuery param 1541961493463
jQuery type 1541961493464
jQuery removeEvent 1541961493464
jQuery parseHTML 1541961493464
jQuery parseJSON 1541961493464
jQuery data 1541961493465
jQuery css 1541961493465
jQuery isWindow 1541961493466
jQuery isFunction 1541961493466
jQuery extend 1541961493467
jQuery hasData 1541961493467
jQuery nodeName 1541961493468
jQuery parseXML 1541961493468
jQuery prop 1541961493468
jQuery queue 1541961493469
jQuery uniqueSort 1541961493469
jQuery map 1541961493470
jQuery find 1541961493470
jQuery Callbacks 1541961493470
jQuery extend 1541961493471
jQuery isPlainObject 1541961493471
jQuery _removeData 1541961493471
jQuery inArray 1541961493471
jQuery cleanData 1541961493472
jQuery merge 1541961493472
jQuery trim 1541961493472
jQuery _data 1541961493472
jQuery makeArray 1541961493473
jQuery grep 1541961493473
jQuery ajaxSetup 1541961493473
jQuery unique 1541961493473
jQuery proxy 1541961493474
jQuery now 1541961493474
jQuery getScript 1541961493474
jQuery get 1541961493475
jQuery isPlainObject 1541961493475
jQuery extend 1541961493475
jQuery ajax 1541961493475
jQuery ajaxSetup 1541961493476
jQuery extend 1541961493476
jQuery isPlainObject 1541961493476
jQuery isPlainObject 1541961493477
jQuery isPlainObject 1541961493477
jQuery isPlainObject 1541961493478
jQuery isPlainObject 1541961493478
jQuery isPlainObject 1541961493478
jQuery isPlainObject 1541961493479
jQuery extend 1541961493479
jQuery isPlainObject 1541961493479
jQuery isPlainObject 1541961493480
jQuery isPlainObject 1541961493480
jQuery isPlainObject 1541961493480
jQuery isPlainObject 1541961493480
jQuery isPlainObject 1541961493480
jQuery isPlainObject 1541961493480
jQuery extend 1541961493480
jQuery isPlainObject 1541961493481
jQuery isPlainObject 1541961493481
jQuery isPlainObject 1541961493482
jQuery isPlainObject 1541961493482
jQuery isPlainObject 1541961493483
jQuery extend 1541961493483
jQuery isPlainObject 1541961493483
jQuery isPlainObject 1541961493483
jQuery isPlainObject 1541961493483
jQuery isPlainObject 1541961493484
jQuery extend 1541961493484
jQuery isPlainObject 1541961493484
jQuery isPlainObject 1541961493485
jQuery isPlainObject 1541961493485
jQuery isPlainObject 1541961493485
jQuery isPlainObject 1541961493485
jQuery isPlainObject 1541961493486
