window removeEventListener 1541966766154
jQuery ready 1541966766166
jQuery uniqueSort 1541966767034
jQuery escapeSelector 1541966767036
jQuery Deferred 1541966767036
jQuery Callbacks 1541966767037
jQuery each 1541966767037
jQuery Callbacks 1541966767038
jQuery each 1541966767038
jQuery Callbacks 1541966767039
jQuery each 1541966767039
jQuery Callbacks 1541966767040
jQuery each 1541966767040
jQuery Callbacks 1541966767041
jQuery each 1541966767042
jQuery Callbacks 1541966767042
jQuery each 1541966767042
jQuery each 1541966767043
jQuery each 1541966767043
jQuery each 1541966767044
jQuery each 1541966767045
jQuery each 1541966767045
jQuery each 1541966767045
jQuery extend 1541966767046
jQuery ajaxSetup 1541966767047
jQuery when 1541966767047
jQuery Deferred 1541966767047
jQuery Callbacks 1541966767048
jQuery each 1541966767048
jQuery Callbacks 1541966767049
jQuery each 1541966767050
jQuery Callbacks 1541966767050
jQuery each 1541966767051
jQuery Callbacks 1541966767052
jQuery each 1541966767053
jQuery Callbacks 1541966767054
jQuery each 1541966767059
jQuery Callbacks 1541966767060
jQuery each 1541966767061
jQuery each 1541966767061
jQuery each 1541966767063
jQuery each 1541966767064
jQuery each 1541966767065
jQuery each 1541966767066
jQuery each 1541966767066
jQuery extend 1541966767066
jQuery each 1541966767067
jQuery when 1541966767068
jQuery Deferred 1541966767068
jQuery Callbacks 1541966767069
jQuery each 1541966767069
jQuery Callbacks 1541966767069
jQuery each 1541966767069
jQuery Callbacks 1541966767070
jQuery each 1541966767078
jQuery Callbacks 1541966767078
jQuery each 1541966767079
jQuery Callbacks 1541966767079
jQuery each 1541966767079
jQuery Callbacks 1541966767080
jQuery each 1541966767081
jQuery each 1541966767081
jQuery each 1541966767082
jQuery each 1541966767082
jQuery each 1541966767083
jQuery each 1541966767084
jQuery each 1541966767084
jQuery extend 1541966767085
jQuery each 1541966767086
jQuery uniqueSort 1541966767086
jQuery Deferred 1541966767087
jQuery Callbacks 1541966767088
jQuery each 1541966767088
jQuery Callbacks 1541966767089
jQuery each 1541966767089
jQuery Callbacks 1541966767089
jQuery each 1541966767090
jQuery Callbacks 1541966767091
jQuery each 1541966767091
jQuery Callbacks 1541966767091
jQuery each 1541966767092
jQuery Callbacks 1541966767100
jQuery each 1541966767101
jQuery each 1541966767101
jQuery each 1541966767102
jQuery each 1541966767103
jQuery each 1541966767104
jQuery each 1541966767104
jQuery each 1541966767104
jQuery extend 1541966767104
jQuery ajaxSetup 1541966767106
jQuery escapeSelector 1541966767106
jQuery escapeSelector 1541966767106
jQuery when 1541966767107
jQuery Deferred 1541966767107
jQuery Callbacks 1541966767108
jQuery each 1541966767108
jQuery Callbacks 1541966767109
jQuery each 1541966767109
jQuery Callbacks 1541966767110
jQuery each 1541966767110
jQuery Callbacks 1541966767111
jQuery each 1541966767111
jQuery Callbacks 1541966767112
jQuery each 1541966767112
jQuery Callbacks 1541966767113
jQuery each 1541966767113
jQuery each 1541966767113
jQuery each 1541966767114
jQuery each 1541966767115
jQuery each 1541966767115
jQuery each 1541966767115
jQuery each 1541966767116
jQuery extend 1541966767117
jQuery each 1541966767117
jQuery ajaxSetup 1541966767117
jQuery Deferred 1541966767117
jQuery Callbacks 1541966767118
jQuery each 1541966767118
jQuery Callbacks 1541966767119
jQuery each 1541966767119
jQuery Callbacks 1541966767120
jQuery each 1541966767120
jQuery Callbacks 1541966767121
jQuery each 1541966767121
jQuery Callbacks 1541966767121
jQuery each 1541966767122
jQuery Callbacks 1541966767122
jQuery each 1541966767123
jQuery each 1541966767123
jQuery each 1541966767124
jQuery each 1541966767124
jQuery each 1541966767125
jQuery each 1541966767126
jQuery each 1541966767127
jQuery extend 1541966767127
jQuery uniqueSort 1541966767127
jQuery when 1541966767128
jQuery Deferred 1541966767128
jQuery Callbacks 1541966767128
jQuery each 1541966767129
jQuery Callbacks 1541966767129
jQuery each 1541966767130
jQuery Callbacks 1541966767130
jQuery each 1541966767131
jQuery Callbacks 1541966767131
jQuery each 1541966767131
jQuery Callbacks 1541966767131
jQuery each 1541966767132
jQuery Callbacks 1541966767132
jQuery each 1541966767133
jQuery each 1541966767133
jQuery each 1541966767134
jQuery each 1541966767135
jQuery each 1541966767135
jQuery each 1541966767135
jQuery each 1541966767136
jQuery extend 1541966767137
jQuery each 1541966767137
jQuery escapeSelector 1541966767138
jQuery ajaxSetup 1541966767138
jQuery uniqueSort 1541966767138
jQuery Deferred 1541966767139
jQuery Callbacks 1541966767139
jQuery each 1541966767140
jQuery Callbacks 1541966767140
jQuery each 1541966767140
jQuery Callbacks 1541966767141
jQuery each 1541966767141
jQuery Callbacks 1541966767141
jQuery each 1541966767142
jQuery Callbacks 1541966767142
jQuery each 1541966767143
jQuery Callbacks 1541966767144
jQuery each 1541966767144
jQuery each 1541966767144
jQuery each 1541966767145
jQuery each 1541966767146
jQuery each 1541966767146
jQuery each 1541966767146
jQuery each 1541966767147
jQuery extend 1541966767147
