window removeEventListener 0 1541968480839
jQuery ready 0 1541968480840
jQuery error 0.7432724379237134 1541968490427
jQuery isNumeric 0.7432724379237134 1541968490428
jQuery type 0.7432724379237134 1541968490428
jQuery camelCase 0.7432724379237134 1541968490429
jQuery attr 0.7432724379237134 1541968490431
jQuery ajaxTransport 0.7432724379237134 1541968490432
jQuery trim 0.7432724379237134 1541968490433
jQuery ajaxSetup 0.7432724379237134 1541968490433
jQuery isEmptyObject 0.7432724379237134 1541968490434
jQuery prop 0.7432724379237134 1541968490434
jQuery contains 0.7432724379237134 1541968490434
jQuery getScript 0.7432724379237134 1541968490434
jQuery get 0.7432724379237134 1541968490434
jQuery isPlainObject 0.7432724379237134 1541968490434
jQuery extend 0.7432724379237134 1541968490435
jQuery ajax 0.7432724379237134 1541968490435
jQuery ajaxSetup 0.7432724379237134 1541968490436
jQuery extend 0.7432724379237134 1541968490436
jQuery isPlainObject 0.7432724379237134 1541968490437
jQuery isPlainObject 0.7432724379237134 1541968490437
jQuery isPlainObject 0.7432724379237134 1541968490437
jQuery isPlainObject 0.7432724379237134 1541968490438
jQuery isPlainObject 0.7432724379237134 1541968490439
jQuery isPlainObject 0.7432724379237134 1541968490439
jQuery isPlainObject 0.7432724379237134 1541968490440
jQuery extend 0.7432724379237134 1541968490440
jQuery isPlainObject 0.7432724379237134 1541968490441
jQuery isPlainObject 0.7432724379237134 1541968490441
jQuery isPlainObject 0.7432724379237134 1541968490442
jQuery isPlainObject 0.7432724379237134 1541968490442
jQuery isPlainObject 0.7432724379237134 1541968490442
jQuery isPlainObject 0.7432724379237134 1541968490443
jQuery isPlainObject 0.7432724379237134 1541968490443
jQuery extend 0.7432724379237134 1541968490443
jQuery isPlainObject 0.7432724379237134 1541968490445
jQuery isPlainObject 0.7432724379237134 1541968490445
jQuery isPlainObject 0.7432724379237134 1541968490445
jQuery isPlainObject 0.7432724379237134 1541968490446
jQuery isPlainObject 0.7432724379237134 1541968490447
jQuery extend 0.7432724379237134 1541968490447
jQuery isPlainObject 0.7432724379237134 1541968490447
jQuery isPlainObject 0.7432724379237134 1541968490447
jQuery isPlainObject 0.7432724379237134 1541968490448
jQuery isPlainObject 0.7432724379237134 1541968490449
jQuery extend 0.7432724379237134 1541968490449
jQuery isPlainObject 0.7432724379237134 1541968490449
jQuery isPlainObject 0.7432724379237134 1541968490450
jQuery isPlainObject 0.7432724379237134 1541968490450
jQuery isPlainObject 0.7432724379237134 1541968490450
jQuery isPlainObject 0.7432724379237134 1541968490451
jQuery isPlainObject 0.7432724379237134 1541968490451
jQuery extend 0.7432724379237134 1541968490452
jQuery isPlainObject 0.7432724379237134 1541968490452
jQuery isPlainObject 0.7432724379237134 1541968490453
jQuery isPlainObject 0.7432724379237134 1541968490453
jQuery isPlainObject 0.7432724379237134 1541968490453
jQuery isPlainObject 0.7432724379237134 1541968490454
jQuery extend 0.7432724379237134 1541968490455
jQuery isPlainObject 0.7432724379237134 1541968490455
jQuery isPlainObject 0.7432724379237134 1541968490455
jQuery Deferred 0.7432724379237134 1541968490456
jQuery Callbacks 0.7432724379237134 1541968490456
jQuery each 0.7432724379237134 1541968490457
jQuery Callbacks 0.7432724379237134 1541968490457
jQuery each 0.7432724379237134 1541968490457
jQuery Callbacks 0.7432724379237134 1541968490458
jQuery each 0.7432724379237134 1541968490458
jQuery Callbacks 0.7432724379237134 1541968490459
jQuery each 0.7432724379237134 1541968490460
jQuery Callbacks 0.7432724379237134 1541968490460
jQuery each 0.7432724379237134 1541968490461
jQuery Callbacks 0.7432724379237134 1541968490462
jQuery each 0.7432724379237134 1541968490462
jQuery each 0.7432724379237134 1541968490462
jQuery each 0.7432724379237134 1541968490462
jQuery each 0.7432724379237134 1541968490463
jQuery each 0.7432724379237134 1541968490463
jQuery each 0.7432724379237134 1541968490464
jQuery each 0.7432724379237134 1541968490465
jQuery extend 0.7432724379237134 1541968490465
jQuery Callbacks 0.7432724379237134 1541968490466
jQuery each 0.7432724379237134 1541968490466
jQuery extend 0.7432724379237134 1541968490467
jQuery each 0.7432724379237134 1541968490468
jQuery each 0.7432724379237134 1541968490469
jQuery Event 0.7432724379237134 1541968490470
jQuery makeArray 0.7432724379237134 1541968490471
jQuery removeEvent 0.7432724379237134 1541968490472
jQuery noConflict 0.7432724379237134 1541968490473
jQuery param 0.7432724379237134 1541968490473
jQuery extend 0.7432724379237134 1541968490474
jQuery readyException 0.7432724379237134 1541968490474
window setTimeout 0.7432724379237134 1541968490475
jQuery data 0.7432724379237134 1541968490475
jQuery ajaxPrefilter 0.7432724379237134 1541968490476
jQuery speed 0.7432724379237134 1541968490476
jQuery css 0.7432724379237134 1541968490476
jQuery when 0.7432724379237134 1541968490476
jQuery Deferred 0.7432724379237134 1541968490477
jQuery Callbacks 0.7432724379237134 1541968490477
jQuery each 0.7432724379237134 1541968490478
jQuery Callbacks 0.7432724379237134 1541968490479
jQuery each 0.7432724379237134 1541968490479
jQuery Callbacks 0.7432724379237134 1541968490479
jQuery each 0.7432724379237134 1541968490480
jQuery Callbacks 0.7432724379237134 1541968490480
jQuery each 0.7432724379237134 1541968490480
jQuery Callbacks 0.7432724379237134 1541968490480
jQuery each 0.7432724379237134 1541968490480
jQuery Callbacks 0.7432724379237134 1541968490480
jQuery each 0.7432724379237134 1541968490481
jQuery each 0.7432724379237134 1541968490481
jQuery each 0.7432724379237134 1541968490481
jQuery each 0.7432724379237134 1541968490483
jQuery each 0.7432724379237134 1541968490483
jQuery each 0.7432724379237134 1541968490483
jQuery each 0.7432724379237134 1541968490484
jQuery extend 0.7432724379237134 1541968490484
jQuery each 0.7432724379237134 1541968490485
jQuery isPlainObject 0.7432724379237134 1541968490485
jQuery text 0.7432724379237134 1541968490485
jQuery extend 0.908936015000255 1541968490486
jQuery ajaxTransport 0.908936015000255 1541968490486
jQuery error 0.908936015000255 1541968490486
jQuery css 0.908936015000255 1541968490487
jQuery trim 0.908936015000255 1541968490488
jQuery isEmptyObject 0.908936015000255 1541968490488
jQuery getScript 0.908936015000255 1541968490488
jQuery get 0.908936015000255 1541968490488
jQuery isPlainObject 0.908936015000255 1541968490490
jQuery extend 0.908936015000255 1541968490490
jQuery ajax 0.908936015000255 1541968490490
jQuery ajaxSetup 0.908936015000255 1541968490491
jQuery extend 0.908936015000255 1541968490491
jQuery isPlainObject 0.908936015000255 1541968490491
jQuery isPlainObject 0.908936015000255 1541968490492
jQuery isPlainObject 0.908936015000255 1541968490492
jQuery isPlainObject 0.908936015000255 1541968490492
jQuery isPlainObject 0.908936015000255 1541968490493
jQuery isPlainObject 0.908936015000255 1541968490493
jQuery isPlainObject 0.908936015000255 1541968490494
jQuery extend 0.908936015000255 1541968490495
jQuery isPlainObject 0.908936015000255 1541968490495
jQuery isPlainObject 0.908936015000255 1541968490496
jQuery isPlainObject 0.908936015000255 1541968490496
jQuery isPlainObject 0.908936015000255 1541968490496
jQuery isPlainObject 0.908936015000255 1541968490496
jQuery isPlainObject 0.908936015000255 1541968490498
jQuery isPlainObject 0.908936015000255 1541968490498
jQuery extend 0.908936015000255 1541968490498
jQuery isPlainObject 0.908936015000255 1541968490499
jQuery isPlainObject 0.908936015000255 1541968490499
jQuery isPlainObject 0.908936015000255 1541968490500
jQuery isPlainObject 0.908936015000255 1541968490500
jQuery isPlainObject 0.908936015000255 1541968490501
jQuery extend 0.908936015000255 1541968490501
jQuery isPlainObject 0.908936015000255 1541968490501
jQuery isPlainObject 0.908936015000255 1541968490501
jQuery isPlainObject 0.908936015000255 1541968490502
jQuery isPlainObject 0.908936015000255 1541968490502
jQuery extend 0.908936015000255 1541968490502
jQuery isPlainObject 0.908936015000255 1541968490503
jQuery isPlainObject 0.908936015000255 1541968490503
jQuery isPlainObject 0.908936015000255 1541968490504
jQuery isPlainObject 0.908936015000255 1541968490505
jQuery isPlainObject 0.908936015000255 1541968490505
jQuery isPlainObject 0.908936015000255 1541968490505
jQuery extend 0.908936015000255 1541968490505
jQuery isPlainObject 0.908936015000255 1541968490506
jQuery isPlainObject 0.908936015000255 1541968490507
jQuery isPlainObject 0.908936015000255 1541968490507
jQuery isPlainObject 0.908936015000255 1541968490507
jQuery isPlainObject 0.908936015000255 1541968490507
jQuery extend 0.908936015000255 1541968490508
jQuery isPlainObject 0.908936015000255 1541968490509
jQuery isPlainObject 0.908936015000255 1541968490509
jQuery Deferred 0.908936015000255 1541968490509
jQuery Callbacks 0.908936015000255 1541968490509
jQuery each 0.908936015000255 1541968490509
jQuery Callbacks 0.908936015000255 1541968490510
jQuery each 0.908936015000255 1541968490510
jQuery Callbacks 0.908936015000255 1541968490511
jQuery each 0.908936015000255 1541968490512
jQuery Callbacks 0.908936015000255 1541968490512
jQuery each 0.908936015000255 1541968490512
jQuery Callbacks 0.908936015000255 1541968490512
jQuery each 0.908936015000255 1541968490512
jQuery Callbacks 0.908936015000255 1541968490513
jQuery each 0.908936015000255 1541968490513
jQuery each 0.908936015000255 1541968490514
jQuery each 0.908936015000255 1541968490514
jQuery each 0.908936015000255 1541968490515
jQuery each 0.908936015000255 1541968490515
jQuery each 0.908936015000255 1541968490515
jQuery each 0.908936015000255 1541968490516
jQuery extend 0.908936015000255 1541968490516
jQuery Callbacks 0.908936015000255 1541968490516
jQuery each 0.908936015000255 1541968490517
jQuery extend 0.908936015000255 1541968490517
jQuery each 0.908936015000255 1541968490517
jQuery each 0.908936015000255 1541968490517
jQuery each 0.908936015000255 1541968490518
jQuery each 0.908936015000255 1541968490519
jQuery each 0.908936015000255 1541968490519
jQuery each 0.908936015000255 1541968490519
jQuery each 0.908936015000255 1541968490520
jQuery Event 0.908936015000255 1541968490520
jQuery makeArray 0.908936015000255 1541968490521
jQuery merge 0.908936015000255 1541968490521
jQuery ajaxSetup 0.908936015000255 1541968490521
jQuery param 0.908936015000255 1541968490522
jQuery attr 0.908936015000255 1541968490522
jQuery ajaxPrefilter 0.908936015000255 1541968490522
jQuery speed 0.908936015000255 1541968490522
jQuery noConflict 0.908936015000255 1541968490522
jQuery text 0.908936015000255 1541968490523
jQuery removeEvent 0.908936015000255 1541968490523
jQuery isPlainObject 0.908936015000255 1541968490524
jQuery when 0.908936015000255 1541968490524
jQuery Deferred 0.908936015000255 1541968490524
jQuery Callbacks 0.908936015000255 1541968490524
jQuery each 0.908936015000255 1541968490525
jQuery Callbacks 0.908936015000255 1541968490525
jQuery each 0.908936015000255 1541968490526
jQuery Callbacks 0.908936015000255 1541968490526
jQuery each 0.908936015000255 1541968490527
jQuery Callbacks 0.908936015000255 1541968490528
jQuery each 0.908936015000255 1541968490528
jQuery Callbacks 0.908936015000255 1541968490529
jQuery each 0.908936015000255 1541968490529
jQuery Callbacks 0.908936015000255 1541968490529
jQuery each 0.908936015000255 1541968490529
jQuery each 0.908936015000255 1541968490530
jQuery each 0.908936015000255 1541968490531
jQuery each 0.908936015000255 1541968490531
jQuery each 0.908936015000255 1541968490532
jQuery each 0.908936015000255 1541968490532
jQuery each 0.908936015000255 1541968490532
jQuery extend 0.908936015000255 1541968490533
jQuery each 0.908936015000255 1541968490534
jQuery prop 0.908936015000255 1541968490534
jQuery isNumeric 0.908936015000255 1541968490534
jQuery type 0.908936015000255 1541968490536
jQuery camelCase 0.908936015000255 1541968490536
jQuery makeArray 0.908936015000255 1541968490536
jQuery readyException 0.908936015000255 1541968490536
window setTimeout 0.908936015000255 1541968490536
jQuery contains 0.908936015000255 1541968490537
jQuery data 0.908936015000255 1541968490538
jQuery extend 0.9968249388446135 1541968490538
jQuery param 0.9968249388446135 1541968490538
jQuery trim 0.9968249388446135 1541968490539
jQuery ajaxPrefilter 0.9968249388446135 1541968490539
jQuery error 0.9968249388446135 1541968490539
jQuery getScript 0.9968249388446135 1541968490539
jQuery get 0.9968249388446135 1541968490540
jQuery isPlainObject 0.9968249388446135 1541968490540
jQuery extend 0.9968249388446135 1541968490540
jQuery ajax 0.9968249388446135 1541968490540
jQuery ajaxSetup 0.9968249388446135 1541968490540
jQuery extend 0.9968249388446135 1541968490541
jQuery isPlainObject 0.9968249388446135 1541968490541
jQuery isPlainObject 0.9968249388446135 1541968490541
jQuery isPlainObject 0.9968249388446135 1541968490541
jQuery isPlainObject 0.9968249388446135 1541968490542
jQuery isPlainObject 0.9968249388446135 1541968490542
jQuery isPlainObject 0.9968249388446135 1541968490542
jQuery isPlainObject 0.9968249388446135 1541968490542
jQuery extend 0.9968249388446135 1541968490543
jQuery isPlainObject 0.9968249388446135 1541968490543
jQuery isPlainObject 0.9968249388446135 1541968490543
jQuery isPlainObject 0.9968249388446135 1541968490544
jQuery isPlainObject 0.9968249388446135 1541968490544
jQuery isPlainObject 0.9968249388446135 1541968490544
jQuery isPlainObject 0.9968249388446135 1541968490545
jQuery isPlainObject 0.9968249388446135 1541968490545
jQuery extend 0.9968249388446135 1541968490545
jQuery isPlainObject 0.9968249388446135 1541968490546
jQuery isPlainObject 0.9968249388446135 1541968490546
jQuery isPlainObject 0.9968249388446135 1541968490547
jQuery isPlainObject 0.9968249388446135 1541968490547
jQuery isPlainObject 0.9968249388446135 1541968490547
jQuery extend 0.9968249388446135 1541968490548
jQuery isPlainObject 0.9968249388446135 1541968490548
jQuery isPlainObject 0.9968249388446135 1541968490549
jQuery isPlainObject 0.9968249388446135 1541968490550
jQuery isPlainObject 0.9968249388446135 1541968490551
jQuery extend 0.9968249388446135 1541968490551
jQuery isPlainObject 0.9968249388446135 1541968490551
jQuery isPlainObject 0.9968249388446135 1541968490551
jQuery isPlainObject 0.9968249388446135 1541968490553
jQuery isPlainObject 0.9968249388446135 1541968490553
jQuery isPlainObject 0.9968249388446135 1541968490553
jQuery isPlainObject 0.9968249388446135 1541968490554
jQuery extend 0.9968249388446135 1541968490554
jQuery isPlainObject 0.9968249388446135 1541968490555
jQuery isPlainObject 0.9968249388446135 1541968490556
jQuery isPlainObject 0.9968249388446135 1541968490556
jQuery isPlainObject 0.9968249388446135 1541968490556
jQuery isPlainObject 0.9968249388446135 1541968490556
jQuery extend 0.9968249388446135 1541968490556
jQuery isPlainObject 0.9968249388446135 1541968490557
jQuery isPlainObject 0.9968249388446135 1541968490558
jQuery Deferred 0.9968249388446135 1541968490558
jQuery Callbacks 0.9968249388446135 1541968490558
jQuery each 0.9968249388446135 1541968490558
jQuery Callbacks 0.9968249388446135 1541968490558
jQuery each 0.9968249388446135 1541968490559
jQuery Callbacks 0.9968249388446135 1541968490560
jQuery each 0.9968249388446135 1541968490560
jQuery Callbacks 0.9968249388446135 1541968490560
jQuery each 0.9968249388446135 1541968490560
jQuery Callbacks 0.9968249388446135 1541968490560
jQuery each 0.9968249388446135 1541968490560
jQuery Callbacks 0.9968249388446135 1541968490561
jQuery each 0.9968249388446135 1541968490561
jQuery each 0.9968249388446135 1541968490561
jQuery each 0.9968249388446135 1541968490561
jQuery each 0.9968249388446135 1541968490562
jQuery each 0.9968249388446135 1541968490563
jQuery each 0.9968249388446135 1541968490563
jQuery each 0.9968249388446135 1541968490563
jQuery extend 0.9968249388446135 1541968490563
jQuery Callbacks 0.9968249388446135 1541968490563
jQuery each 0.9968249388446135 1541968490563
jQuery extend 0.9968249388446135 1541968490564
jQuery each 0.9968249388446135 1541968490564
jQuery each 0.9968249388446135 1541968490564
jQuery each 0.9968249388446135 1541968490565
jQuery each 0.9968249388446135 1541968490565
jQuery each 0.9968249388446135 1541968490565
jQuery each 0.9968249388446135 1541968490566
jQuery each 0.9968249388446135 1541968490566
jQuery Event 0.9968249388446135 1541968490567
jQuery makeArray 0.9968249388446135 1541968490567
jQuery merge 0.9968249388446135 1541968490567
jQuery removeEvent 0.9968249388446135 1541968490568
jQuery text 0.9968249388446135 1541968490568
jQuery css 0.9968249388446135 1541968490568
jQuery data 0.9968249388446135 1541968490569
jQuery ajaxTransport 0.9968249388446135 1541968490569
jQuery makeArray 0.9968249388446135 1541968490569
jQuery camelCase 0.9968249388446135 1541968490570
jQuery attr 0.9968249388446135 1541968490570
jQuery noConflict 0.9968249388446135 1541968490570
jQuery ajaxSetup 0.9968249388446135 1541968490570
jQuery speed 0.9968249388446135 1541968490571
jQuery readyException 0.9968249388446135 1541968490571
window setTimeout 0.9968249388446135 1541968490571
jQuery isEmptyObject 0.9968249388446135 1541968490571
jQuery when 0.9968249388446135 1541968490572
jQuery Deferred 0.9968249388446135 1541968490572
jQuery Callbacks 0.9968249388446135 1541968490572
jQuery each 0.9968249388446135 1541968490572
jQuery Callbacks 0.9968249388446135 1541968490572
jQuery each 0.9968249388446135 1541968490573
jQuery Callbacks 0.9968249388446135 1541968490573
jQuery each 0.9968249388446135 1541968490574
jQuery Callbacks 0.9968249388446135 1541968490574
jQuery each 0.9968249388446135 1541968490574
jQuery Callbacks 0.9968249388446135 1541968490574
jQuery each 0.9968249388446135 1541968490574
jQuery Callbacks 0.9968249388446135 1541968490574
jQuery each 0.9968249388446135 1541968490575
jQuery each 0.9968249388446135 1541968490575
jQuery each 0.9968249388446135 1541968490575
jQuery each 0.9968249388446135 1541968490576
jQuery each 0.9968249388446135 1541968490577
jQuery each 0.9968249388446135 1541968490577
jQuery each 0.9968249388446135 1541968490578
jQuery extend 0.9968249388446135 1541968490578
jQuery each 0.9968249388446135 1541968490578
jQuery isNumeric 0.9968249388446135 1541968490579
jQuery type 0.9968249388446135 1541968490579
jQuery isPlainObject 0.9968249388446135 1541968490579
jQuery prop 0.9968249388446135 1541968490579
jQuery contains 0.9968249388446135 1541968490579
jQuery ajaxTransport 0.5853640903053434 1541968490579
jQuery camelCase 0.5853640903053434 1541968490580
jQuery data 0.5853640903053434 1541968490581
jQuery isPlainObject 0.5853640903053434 1541968490581
jQuery ajaxSetup 0.5853640903053434 1541968490581
jQuery isEmptyObject 0.5853640903053434 1541968490581
jQuery error 0.5853640903053434 1541968490581
jQuery readyException 0.5853640903053434 1541968490581
window setTimeout 0.5853640903053434 1541968490581
jQuery trim 0.5853640903053434 1541968490582
jQuery text 0.5853640903053434 1541968490582
jQuery removeEvent 0.5853640903053434 1541968490582
jQuery ajaxPrefilter 0.5853640903053434 1541968490582
jQuery attr 0.5853640903053434 1541968490583
jQuery getScript 0.5853640903053434 1541968490583
jQuery get 0.5853640903053434 1541968490583
jQuery isPlainObject 0.5853640903053434 1541968490584
jQuery extend 0.5853640903053434 1541968490584
jQuery ajax 0.5853640903053434 1541968490584
jQuery ajaxSetup 0.5853640903053434 1541968490585
jQuery extend 0.5853640903053434 1541968490585
jQuery isPlainObject 0.5853640903053434 1541968490585
jQuery isPlainObject 0.5853640903053434 1541968490585
jQuery isPlainObject 0.5853640903053434 1541968490585
jQuery isPlainObject 0.5853640903053434 1541968490585
jQuery isPlainObject 0.5853640903053434 1541968490586
jQuery isPlainObject 0.5853640903053434 1541968490587
jQuery isPlainObject 0.5853640903053434 1541968490587
jQuery extend 0.5853640903053434 1541968490587
jQuery isPlainObject 0.5853640903053434 1541968490587
jQuery isPlainObject 0.5853640903053434 1541968490588
jQuery isPlainObject 0.5853640903053434 1541968490589
jQuery isPlainObject 0.5853640903053434 1541968490589
jQuery isPlainObject 0.5853640903053434 1541968490591
jQuery isPlainObject 0.5853640903053434 1541968490591
jQuery isPlainObject 0.5853640903053434 1541968490591
jQuery extend 0.5853640903053434 1541968490592
jQuery isPlainObject 0.5853640903053434 1541968490592
jQuery isPlainObject 0.5853640903053434 1541968490594
jQuery isPlainObject 0.5853640903053434 1541968490594
jQuery isPlainObject 0.5853640903053434 1541968490594
jQuery isPlainObject 0.5853640903053434 1541968490595
jQuery extend 0.5853640903053434 1541968490596
jQuery isPlainObject 0.5853640903053434 1541968490596
jQuery isPlainObject 0.5853640903053434 1541968490596
jQuery isPlainObject 0.5853640903053434 1541968490597
jQuery isPlainObject 0.5853640903053434 1541968490597
jQuery extend 0.5853640903053434 1541968490598
jQuery isPlainObject 0.5853640903053434 1541968490598
jQuery isPlainObject 0.5853640903053434 1541968490598
jQuery isPlainObject 0.5853640903053434 1541968490598
jQuery isPlainObject 0.5853640903053434 1541968490598
jQuery isPlainObject 0.5853640903053434 1541968490599
jQuery isPlainObject 0.5853640903053434 1541968490600
jQuery extend 0.5853640903053434 1541968490600
jQuery isPlainObject 0.5853640903053434 1541968490600
jQuery isPlainObject 0.5853640903053434 1541968490601
jQuery isPlainObject 0.5853640903053434 1541968490601
jQuery isPlainObject 0.5853640903053434 1541968490602
jQuery isPlainObject 0.5853640903053434 1541968490602
jQuery extend 0.5853640903053434 1541968490602
jQuery isPlainObject 0.5853640903053434 1541968490602
jQuery isPlainObject 0.5853640903053434 1541968490603
jQuery Deferred 0.5853640903053434 1541968490603
jQuery Callbacks 0.5853640903053434 1541968490604
jQuery each 0.5853640903053434 1541968490604
jQuery Callbacks 0.5853640903053434 1541968490604
jQuery each 0.5853640903053434 1541968490604
jQuery Callbacks 0.5853640903053434 1541968490604
jQuery each 0.5853640903053434 1541968490605
jQuery Callbacks 0.5853640903053434 1541968490605
jQuery each 0.5853640903053434 1541968490606
jQuery Callbacks 0.5853640903053434 1541968490606
jQuery each 0.5853640903053434 1541968490606
jQuery Callbacks 0.5853640903053434 1541968490607
jQuery each 0.5853640903053434 1541968490607
jQuery each 0.5853640903053434 1541968490608
jQuery each 0.5853640903053434 1541968490608
jQuery each 0.5853640903053434 1541968490609
jQuery each 0.5853640903053434 1541968490609
jQuery each 0.5853640903053434 1541968490609
jQuery each 0.5853640903053434 1541968490610
jQuery extend 0.5853640903053434 1541968490610
jQuery Callbacks 0.5853640903053434 1541968490610
jQuery each 0.5853640903053434 1541968490611
jQuery extend 0.5853640903053434 1541968490611
jQuery each 0.5853640903053434 1541968490611
jQuery each 0.5853640903053434 1541968490612
jQuery each 0.5853640903053434 1541968490613
jQuery each 0.5853640903053434 1541968490613
jQuery each 0.5853640903053434 1541968490613
jQuery each 0.5853640903053434 1541968490613
jQuery each 0.5853640903053434 1541968490614
jQuery Event 0.5853640903053434 1541968490614
jQuery makeArray 0.5853640903053434 1541968490615
jQuery merge 0.5853640903053434 1541968490615
jQuery prop 0.5853640903053434 1541968490616
jQuery css 0.5853640903053434 1541968490616
jQuery when 0.5853640903053434 1541968490616
jQuery Deferred 0.5853640903053434 1541968490617
jQuery Callbacks 0.5853640903053434 1541968490617
jQuery each 0.5853640903053434 1541968490617
jQuery Callbacks 0.5853640903053434 1541968490617
jQuery each 0.5853640903053434 1541968490618
jQuery Callbacks 0.5853640903053434 1541968490618
jQuery each 0.5853640903053434 1541968490618
jQuery Callbacks 0.5853640903053434 1541968490618
jQuery each 0.5853640903053434 1541968490619
jQuery Callbacks 0.5853640903053434 1541968490620
jQuery each 0.5853640903053434 1541968490620
jQuery Callbacks 0.5853640903053434 1541968490620
jQuery each 0.5853640903053434 1541968490620
jQuery each 0.5853640903053434 1541968490621
jQuery each 0.5853640903053434 1541968490621
jQuery each 0.5853640903053434 1541968490621
jQuery each 0.5853640903053434 1541968490621
jQuery each 0.5853640903053434 1541968490622
jQuery each 0.5853640903053434 1541968490622
jQuery extend 0.5853640903053434 1541968490623
jQuery each 0.5853640903053434 1541968490624
jQuery extend 0.5853640903053434 1541968490624
jQuery param 0.5853640903053434 1541968490624
jQuery isNumeric 0.5853640903053434 1541968490624
jQuery type 0.5853640903053434 1541968490624
jQuery contains 0.5853640903053434 1541968490625
jQuery speed 0.5853640903053434 1541968490625
jQuery makeArray 0.5853640903053434 1541968490625
jQuery noConflict 0.5853640903053434 1541968490626
jQuery trim 0.052920571520305604 1541968490626
jQuery attr 0.052920571520305604 1541968490626
jQuery ajaxSetup 0.052920571520305604 1541968490626
jQuery contains 0.052920571520305604 1541968490627
jQuery extend 0.052920571520305604 1541968490627
jQuery text 0.052920571520305604 1541968490627
jQuery camelCase 0.052920571520305604 1541968490627
jQuery readyException 0.052920571520305604 1541968490627
window setTimeout 0.052920571520305604 1541968490628
jQuery makeArray 0.052920571520305604 1541968490629
jQuery ajaxPrefilter 0.052920571520305604 1541968490629
jQuery removeEvent 0.052920571520305604 1541968490629
jQuery getScript 0.052920571520305604 1541968490629
jQuery get 0.052920571520305604 1541968490629
jQuery isPlainObject 0.052920571520305604 1541968490630
jQuery extend 0.052920571520305604 1541968490630
jQuery ajax 0.052920571520305604 1541968490630
jQuery ajaxSetup 0.052920571520305604 1541968490630
jQuery extend 0.052920571520305604 1541968490630
jQuery isPlainObject 0.052920571520305604 1541968490630
jQuery isPlainObject 0.052920571520305604 1541968490631
jQuery isPlainObject 0.052920571520305604 1541968490631
jQuery isPlainObject 0.052920571520305604 1541968490632
jQuery isPlainObject 0.052920571520305604 1541968490633
jQuery isPlainObject 0.052920571520305604 1541968490633
jQuery isPlainObject 0.052920571520305604 1541968490633
jQuery extend 0.052920571520305604 1541968490633
jQuery isPlainObject 0.052920571520305604 1541968490633
jQuery isPlainObject 0.052920571520305604 1541968490634
jQuery isPlainObject 0.052920571520305604 1541968490634
jQuery isPlainObject 0.052920571520305604 1541968490635
jQuery isPlainObject 0.052920571520305604 1541968490635
jQuery isPlainObject 0.052920571520305604 1541968490635
jQuery isPlainObject 0.052920571520305604 1541968490636
jQuery extend 0.052920571520305604 1541968490636
jQuery isPlainObject 0.052920571520305604 1541968490636
jQuery isPlainObject 0.052920571520305604 1541968490636
jQuery isPlainObject 0.052920571520305604 1541968490636
jQuery isPlainObject 0.052920571520305604 1541968490636
jQuery isPlainObject 0.052920571520305604 1541968490638
jQuery extend 0.052920571520305604 1541968490638
jQuery isPlainObject 0.052920571520305604 1541968490638
jQuery isPlainObject 0.052920571520305604 1541968490638
jQuery isPlainObject 0.052920571520305604 1541968490639
jQuery isPlainObject 0.052920571520305604 1541968490639
jQuery extend 0.052920571520305604 1541968490639
jQuery isPlainObject 0.052920571520305604 1541968490639
jQuery isPlainObject 0.052920571520305604 1541968490639
jQuery isPlainObject 0.052920571520305604 1541968490640
jQuery isPlainObject 0.052920571520305604 1541968490641
jQuery isPlainObject 0.052920571520305604 1541968490641
jQuery isPlainObject 0.052920571520305604 1541968490641
jQuery extend 0.052920571520305604 1541968490642
jQuery isPlainObject 0.052920571520305604 1541968490642
jQuery isPlainObject 0.052920571520305604 1541968490642
jQuery isPlainObject 0.052920571520305604 1541968490642
jQuery isPlainObject 0.052920571520305604 1541968490643
jQuery isPlainObject 0.052920571520305604 1541968490643
jQuery extend 0.052920571520305604 1541968490644
jQuery isPlainObject 0.052920571520305604 1541968490644
jQuery isPlainObject 0.052920571520305604 1541968490644
jQuery Deferred 0.052920571520305604 1541968490644
jQuery Callbacks 0.052920571520305604 1541968490645
jQuery each 0.052920571520305604 1541968490645
jQuery Callbacks 0.052920571520305604 1541968490645
jQuery each 0.052920571520305604 1541968490645
jQuery Callbacks 0.052920571520305604 1541968490646
jQuery each 0.052920571520305604 1541968490646
jQuery Callbacks 0.052920571520305604 1541968490646
jQuery each 0.052920571520305604 1541968490647
jQuery Callbacks 0.052920571520305604 1541968490647
jQuery each 0.052920571520305604 1541968490647
jQuery Callbacks 0.052920571520305604 1541968490647
jQuery each 0.052920571520305604 1541968490647
jQuery each 0.052920571520305604 1541968490648
jQuery each 0.052920571520305604 1541968490648
jQuery each 0.052920571520305604 1541968490648
jQuery each 0.052920571520305604 1541968490649
jQuery each 0.052920571520305604 1541968490650
jQuery each 0.052920571520305604 1541968490650
jQuery extend 0.052920571520305604 1541968490650
jQuery Callbacks 0.052920571520305604 1541968490650
jQuery each 0.052920571520305604 1541968490651
jQuery extend 0.052920571520305604 1541968490651
jQuery each 0.052920571520305604 1541968490651
jQuery each 0.052920571520305604 1541968490652
jQuery each 0.052920571520305604 1541968490652
jQuery each 0.052920571520305604 1541968490652
jQuery each 0.052920571520305604 1541968490652
jQuery each 0.052920571520305604 1541968490653
jQuery each 0.052920571520305604 1541968490654
jQuery Event 0.052920571520305604 1541968490654
jQuery makeArray 0.052920571520305604 1541968490654
jQuery merge 0.052920571520305604 1541968490654
jQuery isPlainObject 0.052920571520305604 1541968490655
jQuery css 0.052920571520305604 1541968490655
jQuery data 0.052920571520305604 1541968490656
jQuery error 0.052920571520305604 1541968490656
jQuery isNumeric 0.052920571520305604 1541968490657
jQuery type 0.052920571520305604 1541968490657
jQuery speed 0.052920571520305604 1541968490657
jQuery prop 0.052920571520305604 1541968490657
jQuery when 0.052920571520305604 1541968490657
jQuery Deferred 0.052920571520305604 1541968490657
jQuery Callbacks 0.052920571520305604 1541968490658
jQuery each 0.052920571520305604 1541968490658
jQuery Callbacks 0.052920571520305604 1541968490658
jQuery each 0.052920571520305604 1541968490659
jQuery Callbacks 0.052920571520305604 1541968490659
jQuery each 0.052920571520305604 1541968490660
jQuery Callbacks 0.052920571520305604 1541968490660
jQuery each 0.052920571520305604 1541968490660
jQuery Callbacks 0.052920571520305604 1541968490660
jQuery each 0.052920571520305604 1541968490660
jQuery Callbacks 0.052920571520305604 1541968490661
jQuery each 0.052920571520305604 1541968490662
jQuery each 0.052920571520305604 1541968490662
jQuery each 0.052920571520305604 1541968490663
jQuery each 0.052920571520305604 1541968490663
jQuery each 0.052920571520305604 1541968490663
jQuery each 0.052920571520305604 1541968490663
jQuery each 0.052920571520305604 1541968490663
jQuery extend 0.052920571520305604 1541968490664
jQuery each 0.052920571520305604 1541968490664
jQuery ajaxTransport 0.052920571520305604 1541968490665
jQuery noConflict 0.052920571520305604 1541968490665
jQuery isEmptyObject 0.052920571520305604 1541968490665
jQuery param 0.052920571520305604 1541968490665
